2000
8000
20000
40000
70000
112000
168000
240000
330000
440000
572000
728000
910000
1120000
1360000
1632000
1938000
2280000
2660000
3080000
3542000
4048000
4600000
5200000
5850000
6552000
7308000
8120000
8990000
9920000
10912000
11968000
13090000
14280000
15540000
16872000
18278000
19760000
21320000
22960000
24682000
26488000
28380000
30360000
32430000
34592000
36848000
39200000
41650000
44200000
46852000
49608000
52470000
55440000
58520000
61712000
65018000
68440000
71980000
75640000
79422000
83328000
87360000
91520000
95810000
100232000
104788000
109480000
114310000
119280000
124392000
129648000
135050000
140600000
146300000
152152000
158158000
164320000
170640000
177120000
183762000
190568000
197540000
204680000
211990000
219472000
227128000
234960000
242970000
251160000
259532000
268088000
276830000
285760000
294880000
304192000
313698000
323400000
333300000
343400000
353702000
364208000
374920000
385840000
396970000
408312000
419868000
431640000
443630000
455840000
468272000
480928000
493810000
506920000
520260000
533832000
547638000
561680000
575960000
590480000
605242000
620248000
635500000
651000000
666750000
682752000
699008000
715520000
732290000
749320000
766612000
784168000
801990000
820080000
838440000
857072000
875978000
895160000
914620000
934360000
954382000
974688000
995280000
1016160000
1037330000
1058792000
1080548000
1102600000
1124950000
1147600000
1170552000
1193808000
1217370000
1241240000
1265420000
1289912000
1314718000
1339840000
1365280000
1391040000
1417122000
1443528000
1470260000
1497320000
1524710000
1552432000
1580488000
1608880000
1637610000
1666680000
1696092000
1725848000
1755950000
1786400000
1817200000
1848352000
1879858000
1911720000
1943940000
1976520000
2009462000
2042768000
2076440000
2110480000
2144890000
2179672000
2214828000
2250360000
2286270000
2322560000
2359232000
2396288000
2433730000
2471560000
2509780000
2548392000
2587398000
2626800000
2666600000
2706800000
2747402000
2788408000
2829820000
2871640000
2913870000
2956512000
2999568000
3043040000
3086930000
3131240000
3175972000
3221128000
3266710000
3312720000
3359160000
3406032000
3453338000
3501080000
3549260000
3597880000
3646942000
3696448000
3746400000
3796800000
3847650000
3898952000
3950708000
4002920000
4055590000
4108720000
4162312000
4216368000
4270890000
4325880000
4381340000
4437272000
4493678000
4550560000
4607920000
4665760000
4724082000
4782888000
4842180000
4901960000
4962230000
5022992000
5084248000
5146000000
5208250000
5271000000
5334252000
5398008000
5462270000
5527040000
5592320000
5658112000
5724418000
5791240000
5858580000
5926440000
5994822000
6063728000
6133160000
6203120000
6273610000
6344632000
6416188000
6488280000
6560910000
6634080000
6707792000
6782048000
6856850000
6932200000
7008100000
7084552000
7161558000
7239120000
7317240000
7395920000
7475162000
7554968000
7635340000
7716280000
7797790000
7879872000
7962528000
8045760000
8129570000
8213960000
8298932000
8384488000
8470630000
8557360000
8644680000
8732592000
8821098000
8910200000
8999900000
9090200000
9181102000
9272608000
9364720000
9457440000
9550770000
9644712000
9739268000
9834440000
9930230000
10026640000
10123672000
10221328000
10319610000
10418520000
10518060000
10618232000
10719038000
10820480000
10922560000
11025280000
11128642000
11232648000
11337300000
11442600000
11548550000
11655152000
11762408000
11870320000
11978890000
12088120000
12198012000
12308568000
12419790000
12531680000
12644240000
12757472000
12871378000
12985960000
13101220000
13217160000
13333782000
13451088000
13569080000
13687760000
13807130000
13927192000
14047948000
14169400000
14291550000
14414400000
14537952000
14662208000
14787170000
14912840000
15039220000
15166312000
15294118000
15422640000
15551880000
15681840000
15812522000
15943928000
16076060000
16208920000
16342510000
16476832000
16611888000
16747680000
16884210000
17021480000
17159492000
17298248000
17437750000
17578000000
17719000000
17860752000
18003258000
18146520000
18290540000
18435320000
18580862000
18727168000
18874240000
19022080000
19170690000
19320072000
19470228000
19621160000
19772870000
19925360000
20078632000
20232688000
20387530000
20543160000
20699580000
20856792000
21014798000
21173600000
21333200000
21493600000
21654802000
21816808000
21979620000
22143240000
22307670000
22472912000
22638968000
22805840000
22973530000
23142040000
23311372000
23481528000
23652510000
23824320000
23996960000
24170432000
24344738000
24519880000
24695860000
24872680000
25050342000
25228848000
25408200000
25588400000
25769450000
25951352000
26134108000
26317720000
26502190000
26687520000
26873712000
27060768000
27248690000
27437480000
27627140000
27817672000
28009078000
28201360000
28394520000
28588560000
28783482000
28979288000
29175980000
29373560000
29572030000
29771392000
29971648000
30172800000
30374850000
30577800000
30781652000
30986408000
31192070000
31398640000
31606120000
31814512000
32023818000
32234040000
32445180000
32657240000
32870222000
33084128000
33298960000
33514720000
33731410000
33949032000
34167588000
34387080000
34607510000
34828880000
35051192000
35274448000
35498650000
35723800000
35949900000
36176952000
36404958000
36633920000
36863840000
37094720000
37326562000
37559368000
37793140000
38027880000
38263590000
38500272000
38737928000
38976560000
39216170000
39456760000
39698332000
39940888000
40184430000
40428960000
40674480000
40920992000
41168498000
41417000000
41666500000
41917000000
42168502000
42421008000
42674520000
42929040000
43184570000
43441112000
43698668000
43957240000
44216830000
44477440000
44739072000
45001728000
45265410000
45530120000
45795860000
46062632000
46330438000
46599280000
46869160000
47140080000
47412042000
47685048000
47959100000
48234200000
48510350000
48787552000
49065808000
49345120000
49625490000
49906920000
50189412000
50472968000
50757590000
51043280000
51330040000
51617872000
51906778000
52196760000
52487820000
52779960000
53073182000
53367488000
53662880000
53959360000
54256930000
54555592000
54855348000
55156200000
55458150000
55761200000
56065352000
56370608000
56676970000
56984440000
57293020000
57602712000
57913518000
58225440000
58538480000
58852640000
59167922000
59484328000
59801860000
60120520000
60440310000
60761232000
61083288000
61406480000
61730810000
62056280000
62382892000
62710648000
63039550000
63369600000
63700800000
64033152000
64366658000
64701320000
65037140000
65374120000
65712262000
66051568000
66392040000
66733680000
67076490000
67420472000
67765628000
68111960000
68459470000
68808160000
69158032000
69509088000
69861330000
70214760000
70569380000
70925192000
71282198000
71640400000
71999800000
72360400000
72722202000
73085208000
73449420000
73814840000
74181470000
74549312000
74918368000
75288640000
75660130000
76032840000
76406772000
76781928000
77158310000
77535920000
77914760000
78294832000
78676138000
79058680000
79442460000
79827480000
80213742000
80601248000
80990000000
81380000000
81771250000
82163752000
82557508000
82952520000
83348790000
83746320000
84145112000
84545168000
84946490000
85349080000
85752940000
86158072000
86564478000
86972160000
87381120000
87791360000
88202882000
88615688000
89029780000
89445160000
89861830000
90279792000
90699048000
91119600000
91541450000
91964600000
92389052000
92814808000
93241870000
93670240000
94099920000
94530912000
94963218000
95396840000
95831780000
96268040000
96705622000
97144528000
97584760000
98026320000
98469210000
98913432000
99358988000
99805880000
100254110000
100703680000
101154592000
101606848000
102060450000
102515400000
102971700000
103429352000
103888358000
104348720000
104810440000
105273520000
105737962000
106203768000
106670940000
107139480000
107609390000
108080672000
108553328000
109027360000
109502770000
109979560000
110457732000
110937288000
111418230000
111900560000
112384280000
112869392000
113355898000
113843800000
114333100000
114823800000
115315902000
115809408000
116304320000
116800640000
117298370000
117797512000
118298068000
118800040000
119303430000
119808240000
120314472000
120822128000
121331210000
121841720000
122353660000
122867032000
123381838000
123898080000
124415760000
124934880000
125455442000
125977448000
126500900000
127025800000
127552150000
128079952000
128609208000
129139920000
129672090000
130205720000
130740812000
131277368000
131815390000
132354880000
132895840000
133438272000
133982178000
134527560000
135074420000
135622760000
136172582000
136723888000
137276680000
137830960000
138386730000
138943992000
139502748000
140063000000
140624750000
141188000000
141752752000
142319008000
142886770000
143456040000
144026820000
144599112000
145172918000
145748240000
146325080000
146903440000
147483322000
148064728000
148647660000
149232120000
149818110000
150405632000
150994688000
151585280000
152177410000
152771080000
153366292000
153963048000
154561350000
155161200000
155762600000
156365552000
156970058000
157576120000
158183740000
158792920000
159403662000
160015968000
160629840000
161245280000
161862290000
162480872000
163101028000
163722760000
164346070000
164970960000
165597432000
166225488000
166855130000
167486360000
168119180000
168753592000
169389598000
170027200000
170666400000
171307200000
171949602000
172593608000
173239220000
173886440000
174535270000
175185712000
175837768000
176491440000
177146730000
177803640000
178462172000
179122328000
179784110000
180447520000
181112560000
181779232000
182447538000
183117480000
183789060000
184462280000
185137142000
185813648000
186491800000
187171600000
187853050000
188536152000
189220908000
189907320000
190595390000
191285120000
191976512000
192669568000
193364290000
194060680000
194758740000
195458472000
196159878000
196862960000
197567720000
198274160000
198982282000
199692088000
200403580000
201116760000
201831630000
202548192000
203266448000
203986400000
204708050000
205431400000
206156452000
206883208000
207611670000
208341840000
209073720000
209807312000
210542618000
211279640000
212018380000
212758840000
213501022000
214244928000
214990560000
215737920000
216487010000
217237832000
217990388000
218744680000
219500710000
220258480000
221017992000
221779248000
222542250000
223307000000
224073500000
224841752000
225611758000
226383520000
227157040000
227932320000
228709362000
229488168000
230268740000
231051080000
231835190000
232621072000
233408728000
234198160000
234989370000
235782360000
236577132000
237373688000
238172030000
238972160000
239774080000
240577792000
241383298000
242190600000
242999700000
243810600000
244623302000
245437808000
246254120000
247072240000
247892170000
248713912000
249537468000
250362840000
251190030000
252019040000
252849872000
253682528000
254517010000
255353320000
256191460000
257031432000
257873238000
258716880000
259562360000
260409680000
261258842000
262109848000
262962700000
263817400000
264673950000
265532352000
266392608000
267254720000
268118690000
268984520000
269852212000
270721768000
271593190000
272466480000
273341640000
274218672000
275097578000
275978360000
276861020000
277745560000
278631982000
279520288000
280410480000
281302560000
282196530000
283092392000
283990148000
284889800000
285791350000
286694800000
287600152000
288507408000
289416570000
290327640000
291240620000
292155512000
293072318000
293991040000
294911680000
295834240000
296758722000
297685128000
298613460000
299543720000
300475910000
301410032000
302346088000
303284080000
304224010000
305165880000
306109692000
307055448000
308003150000
308952800000
309904400000
310857952000
311813458000
312770920000
313730340000
314691720000
315655062000
316620368000
317587640000
318556880000
319528090000
320501272000
321476428000
322453560000
323432670000
324413760000
325396832000
326381888000
327368930000
328357960000
329348980000
330341992000
331336998000
332334000000
333333000000
