2000
8000
20000
40000
70000
112000
168000
240000
330000
440000
572000
728000
910000
1120000
1360000
1632000
1938000
2280000
2660000
3080000
3542000
4048000
4600000
5200000
5850000
6552000
7308000
8120000
8990000
9920000
10912000
11968000
13090000
14280000
15540000
16872000
18278000
19760000
21320000
22960000
24682000
26488000
28380000
30360000
32430000
34592000
36848000
39200000
41650000
44200000
46852000
49608000
52470000
55440000
58520000
61712000
65018000
68440000
71980000
75640000
79422000
83328000
87360000
91520000
95810000
100232000
104788000
109480000
114310000
119280000
124392000
129648000
135050000
140600000
146300000
152152000
158158000
164320000
170640000
177120000
183762000
190568000
197540000
204680000
211990000
219472000
227128000
234960000
242970000
251160000
259532000
268088000
276830000
285760000
294880000
304192000
313698000
323400000
333300000
343400000
353702000
364208000
374920000
385840000
396970000
408312000
419868000
431640000
443630000
455840000
468272000
480928000
493810000
506920000
520260000
533832000
547638000
561680000
575960000
590480000
605242000
620248000
635500000
651000000
666750000
682752000
699008000
715520000
732290000
749320000
766612000
784168000
801990000
820080000
838440000
857072000
875978000
895160000
914620000
934360000
954382000
974688000
995280000
1016160000
1037330000
1058792000
1080548000
1102600000
1124950000
1147600000
1170552000
1193808000
1217370000
1241240000
1265420000
1289912000
1314718000
1339840000
1365280000
1391040000
1417122000
1443528000
1470260000
1497320000
1524710000
1552432000
1580488000
1608880000
1637610000
1666680000
1696092000
1725848000
1755950000
1786400000
1817200000
1848352000
1879858000
1911720000
1943940000
1976520000
2009462000
2042768000
2076440000
2110480000
2144890000
2179672000
2214828000
2250360000
2286270000
2322560000
2359232000
2396288000
2433730000
2471560000
2509780000
2548392000
2587398000
2626800000
2666600000
2706800000
2747402000
2788408000
2829820000
2871640000
2913870000
2956512000
2999568000
3043040000
3086930000
3131240000
3175972000
3221128000
3266710000
3312720000
3359160000
3406032000
3453338000
3501080000
3549260000
3597880000
3646942000
3696448000
3746400000
3796800000
3847650000
3898952000
3950708000
4002920000
4055590000
4108720000
4162312000
4216368000
4270890000
4325880000
4381340000
4437272000
4493678000
4550560000
4607920000
4665760000
4724082000
4782888000
4842180000
4901960000
4962230000
5022992000
5084248000
5146000000
5208250000
5271000000
5334252000
5398008000
5462270000
5527040000
5592320000
5658112000
5724418000
5791240000
5858580000
5926440000
5994822000
6063728000
6133160000
6203120000
6273610000
6344632000
6416188000
6488280000
6560910000
6634080000
6707792000
6782048000
6856850000
6932200000
7008100000
7084552000
7161558000
7239120000
7317240000
7395920000
7475162000
7554968000
7635340000
7716280000
7797790000
7879872000
7962528000
8045760000
8129570000
8213960000
8298932000
8384488000
8470630000
8557360000
8644680000
8732592000
8821098000
8910200000
8999900000
9090200000
9181102000
9272608000
9364720000
9457440000
9550770000
9644712000
9739268000
9834440000
9930230000
10026640000
10123672000
10221328000
10319610000
10418520000
10518060000
10618232000
10719038000
10820480000
10922560000
11025280000
11128642000
11232648000
11337300000
11442600000
11548550000
11655152000
11762408000
11870320000
11978890000
12088120000
12198012000
12308568000
12419790000
12531680000
12644240000
12757472000
12871378000
12985960000
13101220000
13217160000
13333782000
13451088000
13569080000
13687760000
13807130000
13927192000
14047948000
14169400000
14291550000
14414400000
14537952000
14662208000
14787170000
14912840000
15039220000
15166312000
15294118000
15422640000
15551880000
15681840000
15812522000
15943928000
16076060000
16208920000
16342510000
16476832000
16611888000
16747680000
16884210000
17021480000
17159492000
17298248000
17437750000
17578000000
17719000000
17860752000
18003258000
18146520000
18290540000
18435320000
18580862000
18727168000
18874240000
19022080000
19170690000
19320072000
19470228000
19621160000
19772870000
19925360000
20078632000
20232688000
20387530000
20543160000
20699580000
20856792000
21014798000
21173600000
21333200000
21493600000
21654802000
21816808000
21979620000
22143240000
22307670000
22472912000
22638968000
22805840000
22973530000
23142040000
23311372000
23481528000
23652510000
23824320000
23996960000
24170432000
24344738000
24519880000
24695860000
24872680000
25050342000
25228848000
25408200000
25588400000
25769450000
25951352000
26134108000
26317720000
26502190000
26687520000
26873712000
27060768000
27248690000
27437480000
27627140000
27817672000
28009078000
28201360000
28394520000
28588560000
28783482000
28979288000
29175980000
29373560000
29572030000
29771392000
29971648000
30172800000
30374850000
30577800000
30781652000
30986408000
31192070000
31398640000
31606120000
31814512000
32023818000
32234040000
32445180000
32657240000
32870222000
33084128000
33298960000
33514720000
33731410000
33949032000
34167588000
34387080000
34607510000
34828880000
35051192000
35274448000
35498650000
35723800000
35949900000
36176952000
36404958000
36633920000
36863840000
37094720000
37326562000
37559368000
37793140000
38027880000
38263590000
38500272000
38737928000
38976560000
39216170000
39456760000
39698332000
39940888000
40184430000
40428960000
40674480000
40920992000
41168498000
41417000000
41666500000
41917000000
42168502000
42421008000
42674520000
42929040000
43184570000
43441112000
43698668000
43957240000
44216830000
44477440000
44739072000
45001728000
45265410000
45530120000
45795860000
46062632000
46330438000
46599280000
46869160000
47140080000
47412042000
47685048000
47959100000
48234200000
48510350000
48787552000
49065808000
49345120000
49625490000
49906920000
50189412000
50472968000
50757590000
51043280000
51330040000
51617872000
51906778000
52196760000
52487820000
52779960000
53073182000
53367488000
53662880000
53959360000
54256930000
54555592000
54855348000
55156200000
55458150000
55761200000
56065352000
56370608000
56676970000
56984440000
57293020000
57602712000
57913518000
58225440000
58538480000
58852640000
59167922000
59484328000
59801860000
60120520000
60440310000
60761232000
61083288000
61406480000
61730810000
62056280000
62382892000
62710648000
63039550000
63369600000
63700800000
64033152000
64366658000
64701320000
65037140000
65374120000
65712262000
66051568000
66392040000
66733680000
67076490000
67420472000
67765628000
68111960000
68459470000
68808160000
69158032000
69509088000
69861330000
70214760000
70569380000
70925192000
71282198000
71640400000
71999800000
72360400000
72722202000
73085208000
73449420000
73814840000
74181470000
74549312000
74918368000
75288640000
75660130000
76032840000
76406772000
76781928000
77158310000
77535920000
77914760000
78294832000
78676138000
79058680000
79442460000
79827480000
80213742000
80601248000
80990000000
81380000000
81771250000
82163752000
82557508000
82952520000
83348790000
83746320000
84145112000
84545168000
84946490000
85349080000
85752940000
86158072000
86564478000
86972160000
87381120000
87791360000
88202882000
88615688000
89029780000
89445160000
89861830000
90279792000
90699048000
91119600000
91541450000
91964600000
92389052000
92814808000
93241870000
93670240000
94099920000
94530912000
94963218000
95396840000
95831780000
96268040000
96705622000
97144528000
97584760000
98026320000
98469210000
98913432000
99358988000
99805880000
100254110000
100703680000
101154592000
101606848000
102060450000
102515400000
102971700000
103429352000
103888358000
104348720000
104810440000
105273520000
105737962000
106203768000
106670940000
107139480000
107609390000
108080672000
108553328000
109027360000
109502770000
109979560000
110457732000
110937288000
111418230000
111900560000
112384280000
112869392000
113355898000
113843800000
114333100000
114823800000
115315902000
115809408000
116304320000
116800640000
117298370000
117797512000
118298068000
118800040000
119303430000
119808240000
120314472000
120822128000
121331210000
121841720000
122353660000
122867032000
123381838000
123898080000
124415760000
124934880000
125455442000
125977448000
126500900000
127025800000
127552150000
128079952000
128609208000
129139920000
129672090000
130205720000
130740812000
131277368000
131815390000
132354880000
132895840000
133438272000
133982178000
134527560000
135074420000
135622760000
136172582000
136723888000
137276680000
137830960000
138386730000
138943992000
139502748000
140063000000
140624750000
141188000000
141752752000
142319008000
142886770000
143456040000
144026820000
144599112000
145172918000
145748240000
146325080000
146903440000
147483322000
148064728000
148647660000
149232120000
149818110000
150405632000
150994688000
151585280000
152177410000
152771080000
153366292000
153963048000
154561350000
155161200000
155762600000
156365552000
156970058000
157576120000
158183740000
158792920000
159403662000
160015968000
160629840000
161245280000
161862290000
162480872000
163101028000
163722760000
164346070000
164970960000
165597432000
166225488000
166855130000
167486360000
168119180000
168753592000
169389598000
170027200000
170666400000
171307200000
171949602000
172593608000
173239220000
173886440000
174535270000
175185712000
175837768000
176491440000
177146730000
177803640000
178462172000
179122328000
179784110000
180447520000
181112560000
181779232000
182447538000
183117480000
183789060000
184462280000
185137142000
185813648000
186491800000
187171600000
187853050000
188536152000
189220908000
189907320000
190595390000
191285120000
191976512000
192669568000
193364290000
194060680000
194758740000
195458472000
196159878000
196862960000
197567720000
198274160000
198982282000
199692088000
200403580000
201116760000
201831630000
202548192000
203266448000
203986400000
204708050000
205431400000
206156452000
206883208000
207611670000
208341840000
209073720000
209807312000
210542618000
211279640000
212018380000
212758840000
213501022000
214244928000
214990560000
215737920000
216487010000
217237832000
217990388000
218744680000
219500710000
220258480000
221017992000
221779248000
222542250000
223307000000
224073500000
224841752000
225611758000
226383520000
227157040000
227932320000
228709362000
229488168000
230268740000
231051080000
231835190000
232621072000
233408728000
234198160000
234989370000
235782360000
236577132000
237373688000
238172030000
238972160000
239774080000
240577792000
241383298000
242190600000
242999700000
243810600000
244623302000
245437808000
246254120000
247072240000
247892170000
248713912000
249537468000
250362840000
251190030000
252019040000
252849872000
253682528000
254517010000
255353320000
256191460000
257031432000
257873238000
258716880000
259562360000
260409680000
261258842000
262109848000
262962700000
263817400000
264673950000
265532352000
266392608000
267254720000
268118690000
268984520000
269852212000
270721768000
271593190000
272466480000
273341640000
274218672000
275097578000
275978360000
276861020000
277745560000
278631982000
279520288000
280410480000
281302560000
282196530000
283092392000
283990148000
284889800000
285791350000
286694800000
287600152000
288507408000
289416570000
290327640000
291240620000
292155512000
293072318000
293991040000
294911680000
295834240000
296758722000
297685128000
298613460000
299543720000
300475910000
301410032000
302346088000
303284080000
304224010000
305165880000
306109692000
307055448000
308003150000
308952800000
309904400000
310857952000
311813458000
312770920000
313730340000
314691720000
315655062000
316620368000
317587640000
318556880000
319528090000
320501272000
321476428000
322453560000
323432670000
324413760000
325396832000
326381888000
327368930000
328357960000
329348980000
330341992000
331336998000
332334000000
333333000000
334334000000
335337002000
336342008000
337349020000
338358040000
339369070000
340382112000
341397168000
342414240000
343433330000
344454440000
345477572000
346502728000
347529910000
348559120000
349590360000
350623632000
351658938000
352696280000
353735660000
354777080000
355820542000
356866048000
357913600000
358963200000
360014850000
361068552000
362124308000
363182120000
364241990000
365303920000
366367912000
367433968000
368502090000
369572280000
370644540000
371718872000
372795278000
373873760000
374954320000
376036960000
377121682000
378208488000
379297380000
380388360000
381481430000
382576592000
383673848000
384773200000
385874650000
386978200000
388083852000
389191608000
390301470000
391413440000
392527520000
393643712000
394762018000
395882440000
397004980000
398129640000
399256422000
400385328000
401516360000
402649520000
403784810000
404922232000
406061788000
407203480000
408347310000
409493280000
410641392000
411791648000
412944050000
414098600000
415255300000
416414152000
417575158000
418738320000
419903640000
421071120000
422240762000
423412568000
424586540000
425762680000
426940990000
428121472000
429304128000
430488960000
431675970000
432865160000
434056532000
435250088000
436445830000
437643760000
438843880000
440046192000
441250698000
442457400000
443666300000
444877400000
446090702000
447306208000
448523920000
449743840000
450965970000
452190312000
453416868000
454645640000
455876630000
457109840000
458345272000
459582928000
460822810000
462064920000
463309260000
464555832000
465804638000
467055680000
468308960000
469564480000
470822242000
472082248000
473344500000
474609000000
475875750000
477144752000
478416008000
479689520000
480965290000
482243320000
483523612000
484806168000
486090990000
487378080000
488667440000
489959072000
491252978000
492549160000
493847620000
495148360000
496451382000
497756688000
499064280000
500374160000
501686330000
503000792000
504317548000
505636600000
506957950000
508281600000
509607552000
510935808000
512266370000
513599240000
514934420000
516271912000
517611718000
518953840000
520298280000
521645040000
522994122000
524345528000
525699260000
527055320000
528413710000
529774432000
531137488000
532502880000
533870610000
535240680000
536613092000
537987848000
539364950000
540744400000
542126200000
543510352000
544896858000
546285720000
547676940000
549070520000
550466462000
551864768000
553265440000
554668480000
556073890000
557481672000
558891828000
560304360000
561719270000
563136560000
564556232000
565978288000
567402730000
568829560000
570258780000
571690392000
573124398000
574560800000
575999600000
577440800000
578884402000
580330408000
581778820000
583229640000
584682870000
586138512000
587596568000
589057040000
590519930000
591985240000
593452972000
594923128000
596395710000
597870720000
599348160000
600828032000
602310338000
603795080000
605282260000
606771880000
608263942000
609758448000
611255400000
612754800000
614256650000
615760952000
617267708000
618776920000
620288590000
621802720000
623319312000
624838368000
626359890000
627883880000
629410340000
630939272000
632470678000
634004560000
635540920000
637079760000
638621082000
640164888000
641711180000
643259960000
644811230000
646364992000
647921248000
649480000000
651041250000
652605000000
654171252000
655740008000
657311270000
658885040000
660461320000
662040112000
663621418000
665205240000
666791580000
668380440000
669971822000
671565728000
673162160000
674761120000
676362610000
677966632000
679573188000
681182280000
682793910000
684408080000
686024792000
687644048000
689265850000
690890200000
692517100000
694146552000
695778558000
697413120000
699050240000
700689920000
702332162000
703976968000
705624340000
707274280000
708926790000
710581872000
712239528000
713899760000
715562570000
717227960000
718895932000
720566488000
722239630000
723915360000
725593680000
727274592000
728958098000
730644200000
732332900000
734024200000
735718102000
737414608000
739113720000
740815440000
742519770000
744226712000
745936268000
747648440000
749363230000
751080640000
752800672000
754523328000
756248610000
757976520000
759707060000
761440232000
763176038000
764914480000
766655560000
768399280000
770145642000
771894648000
773646300000
775400600000
777157550000
778917152000
780679408000
782444320000
784211890000
785982120000
787755012000
789530568000
791308790000
793089680000
794873240000
796659472000
798448378000
800239960000
802034220000
803831160000
805630782000
807433088000
809238080000
811045760000
812856130000
814669192000
816484948000
818303400000
820124550000
821948400000
823774952000
825604208000
827436170000
829270840000
831108220000
832948312000
834791118000
836636640000
838484880000
840335840000
842189522000
844045928000
845905060000
847766920000
849631510000
851498832000
853368888000
855241680000
857117210000
858995480000
860876492000
862760248000
864646750000
866536000000
868428000000
870322752000
872220258000
874120520000
876023540000
877929320000
879837862000
881749168000
883663240000
885580080000
887499690000
889422072000
891347228000
893275160000
895205870000
897139360000
899075632000
901014688000
902956530000
904901160000
906848580000
908798792000
910751798000
912707600000
914666200000
916627600000
918591802000
920558808000
922528620000
924501240000
926476670000
928454912000
930435968000
932419840000
934406530000
936396040000
938388372000
940383528000
942381510000
944382320000
946385960000
948392432000
950401738000
952413880000
954428860000
956446680000
958467342000
960490848000
962517200000
964546400000
966578450000
968613352000
970651108000
972691720000
974735190000
976781520000
978830712000
980882768000
982937690000
984995480000
987056140000
989119672000
991186078000
993255360000
995327520000
997402560000
999480482000
1001561288000
1003644980000
1005731560000
1007821030000
1009913392000
1012008648000
1014106800000
1016207850000
1018311800000
1020418652000
1022528408000
1024641070000
1026756640000
1028875120000
1030996512000
1033120818000
1035248040000
1037378180000
1039511240000
1041647222000
1043786128000
1045927960000
1048072720000
1050220410000
1052371032000
1054524588000
1056681080000
1058840510000
1061002880000
1063168192000
1065336448000
1067507650000
1069681800000
1071858900000
1074038952000
1076221958000
1078407920000
1080596840000
1082788720000
1084983562000
1087181368000
1089382140000
1091585880000
1093792590000
1096002272000
1098214928000
1100430560000
1102649170000
1104870760000
1107095332000
1109322888000
1111553430000
1113786960000
1116023480000
1118262992000
1120505498000
1122751000000
1124999500000
1127251000000
1129505502000
1131763008000
1134023520000
1136287040000
1138553570000
1140823112000
1143095668000
1145371240000
1147649830000
1149931440000
1152216072000
1154503728000
1156794410000
1159088120000
1161384860000
1163684632000
1165987438000
1168293280000
1170602160000
1172914080000
1175229042000
1177547048000
1179868100000
1182192200000
1184519350000
1186849552000
1189182808000
1191519120000
1193858490000
1196200920000
1198546412000
1200894968000
1203246590000
1205601280000
1207959040000
1210319872000
1212683778000
1215050760000
1217420820000
1219793960000
1222170182000
1224549488000
1226931880000
1229317360000
1231705930000
1234097592000
1236492348000
1238890200000
1241291150000
1243695200000
1246102352000
1248512608000
1250925970000
1253342440000
1255762020000
1258184712000
1260610518000
1263039440000
1265471480000
1267906640000
1270344922000
1272786328000
1275230860000
1277678520000
1280129310000
1282583232000
1285040288000
1287500480000
1289963810000
1292430280000
1294899892000
1297372648000
1299848550000
1302327600000
1304809800000
1307295152000
1309783658000
1312275320000
1314770140000
1317268120000
1319769262000
1322273568000
1324781040000
1327291680000
1329805490000
1332322472000
1334842628000
1337365960000
1339892470000
1342422160000
1344955032000
1347491088000
1350030330000
1352572760000
1355118380000
1357667192000
1360219198000
1362774400000
1365332800000
1367894400000
1370459202000
1373027208000
1375598420000
1378172840000
1380750470000
1383331312000
1385915368000
1388502640000
1391093130000
1393686840000
1396283772000
1398883928000
1401487310000
1404093920000
1406703760000
1409316832000
1411933138000
1414552680000
1417175460000
1419801480000
1422430742000
1425063248000
1427699000000
1430338000000
1432980250000
1435625752000
1438274508000
1440926520000
1443581790000
1446240320000
1448902112000
1451567168000
1454235490000
1456907080000
1459581940000
1462260072000
1464941478000
1467626160000
1470314120000
1473005360000
1475699882000
1478397688000
1481098780000
1483803160000
1486510830000
1489221792000
1491936048000
1494653600000
1497374450000
1500098600000
1502826052000
1505556808000
1508290870000
1511028240000
1513768920000
1516512912000
1519260218000
1522010840000
1524764780000
1527522040000
1530282622000
1533046528000
1535813760000
1538584320000
1541358210000
1544135432000
1546915988000
1549699880000
1552487110000
1555277680000
1558071592000
1560868848000
1563669450000
1566473400000
1569280700000
1572091352000
1574905358000
1577722720000
1580543440000
1583367520000
1586194962000
1589025768000
1591859940000
1594697480000
1597538390000
1600382672000
1603230328000
1606081360000
1608935770000
1611793560000
1614654732000
1617519288000
1620387230000
1623258560000
1626133280000
1629011392000
1631892898000
1634777800000
1637666100000
1640557800000
1643452902000
1646351408000
1649253320000
1652158640000
1655067370000
1657979512000
1660895068000
1663814040000
1666736430000
1669662240000
1672591472000
1675524128000
1678460210000
1681399720000
1684342660000
1687289032000
1690238838000
1693192080000
1696148760000
1699108880000
1702072442000
1705039448000
1708009900000
1710983800000
1713961150000
1716941952000
1719926208000
1722913920000
1725905090000
1728899720000
1731897812000
1734899368000
1737904390000
1740912880000
1743924840000
1746940272000
1749959178000
1752981560000
1756007420000
1759036760000
1762069582000
1765105888000
1768145680000
1771188960000
1774235730000
1777285992000
1780339748000
1783397000000
1786457750000
1789522000000
1792589752000
1795661008000
1798735770000
1801814040000
1804895820000
1807981112000
1811069918000
1814162240000
1817258080000
1820357440000
1823460322000
1826566728000
1829676660000
1832790120000
1835907110000
1839027632000
1842151688000
1845279280000
1848410410000
1851545080000
1854683292000
1857825048000
1860970350000
1864119200000
1867271600000
1870427552000
1873587058000
1876750120000
1879916740000
1883086920000
1886260662000
1889437968000
1892618840000
1895803280000
1898991290000
1902182872000
1905378028000
1908576760000
1911779070000
1914984960000
1918194432000
1921407488000
1924624130000
1927844360000
1931068180000
1934295592000
1937526598000
1940761200000
1943999400000
1947241200000
1950486602000
1953735608000
1956988220000
1960244440000
1963504270000
1966767712000
1970034768000
1973305440000
1976579730000
1979857640000
1983139172000
1986424328000
1989713110000
1993005520000
1996301560000
1999601232000
2002904538000
2006211480000
2009522060000
2012836280000
2016154142000
2019475648000
2022800800000
2026129600000
2029462050000
2032798152000
2036137908000
2039481320000
2042828390000
2046179120000
2049533512000
2052891568000
2056253290000
2059618680000
2062987740000
2066360472000
2069736878000
2073116960000
2076500720000
2079888160000
2083279282000
2086674088000
2090072580000
2093474760000
2096880630000
2100290192000
2103703448000
2107120400000
2110541050000
2113965400000
2117393452000
2120825208000
2124260670000
2127699840000
2131142720000
2134589312000
2138039618000
2141493640000
2144951380000
2148412840000
2151878022000
2155346928000
2158819560000
2162295920000
2165776010000
2169259832000
2172747388000
2176238680000
2179733710000
2183232480000
2186734992000
2190241248000
2193751250000
2197265000000
2200782500000
2204303752000
2207828758000
2211357520000
2214890040000
2218426320000
2221966362000
2225510168000
2229057740000
2232609080000
2236164190000
2239723072000
2243285728000
2246852160000
2250422370000
2253996360000
2257574132000
2261155688000
2264741030000
2268330160000
2271923080000
2275519792000
2279120298000
2282724600000
2286332700000
2289944600000
2293560302000
2297179808000
2300803120000
2304430240000
2308061170000
2311695912000
2315334468000
2318976840000
2322623030000
2326273040000
2329926872000
2333584528000
2337246010000
2340911320000
2344580460000
2348253432000
2351930238000
2355610880000
2359295360000
2362983680000
2366675842000
2370371848000
2374071700000
2377775400000
2381482950000
2385194352000
2388909608000
2392628720000
2396351690000
2400078520000
2403809212000
2407543768000
2411282190000
2415024480000
2418770640000
2422520672000
2426274578000
2430032360000
2433794020000
2437559560000
2441328982000
2445102288000
2448879480000
2452660560000
2456445530000
2460234392000
2464027148000
2467823800000
2471624350000
2475428800000
2479237152000
2483049408000
2486865570000
2490685640000
2494509620000
2498337512000
2502169318000
2506005040000
2509844680000
2513688240000
2517535722000
2521387128000
2525242460000
2529101720000
2532964910000
2536832032000
2540703088000
2544578080000
2548457010000
2552339880000
2556226692000
2560117448000
2564012150000
2567910800000
2571813400000
2575719952000
2579630458000
2583544920000
2587463340000
2591385720000
2595312062000
2599242368000
2603176640000
2607114880000
2611057090000
2615003272000
2618953428000
2622907560000
2626865670000
2630827760000
2634793832000
2638763888000
2642737930000
2646715960000
2650697980000
2654683992000
2658673998000
2662668000000
2666666000000
2670668000000
2674674002000
2678684008000
2682698020000
2686716040000
2690738070000
2694764112000
2698794168000
2702828240000
2706866330000
2710908440000
2714954572000
2719004728000
2723058910000
2727117120000
2731179360000
2735245632000
2739315938000
2743390280000
2747468660000
2751551080000
2755637542000
2759728048000
2763822600000
2767921200000
2772023850000
2776130552000
2780241308000
2784356120000
2788474990000
2792597920000
2796724912000
2800855968000
2804991090000
2809130280000
2813273540000
2817420872000
2821572278000
2825727760000
2829887320000
2834050960000
2838218682000
2842390488000
2846566380000
2850746360000
2854930430000
2859118592000
2863310848000
2867507200000
2871707650000
2875912200000
2880120852000
2884333608000
2888550470000
2892771440000
2896996520000
2901225712000
2905459018000
2909696440000
2913937980000
2918183640000
2922433422000
2926687328000
2930945360000
2935207520000
2939473810000
2943744232000
2948018788000
2952297480000
2956580310000
2960867280000
2965158392000
2969453648000
2973753050000
2978056600000
2982364300000
2986676152000
2990992158000
2995312320000
2999636640000
3003965120000
3008297762000
3012634568000
3016975540000
3021320680000
3025669990000
3030023472000
3034381128000
3038742960000
3043108970000
3047479160000
3051853532000
3056232088000
3060614830000
3065001760000
3069392880000
3073788192000
3078187698000
3082591400000
3086999300000
3091411400000
3095827702000
3100248208000
3104672920000
3109101840000
3113534970000
3117972312000
3122413868000
3126859640000
3131309630000
3135763840000
3140222272000
3144684928000
3149151810000
3153622920000
3158098260000
3162577832000
3167061638000
3171549680000
3176041960000
3180538480000
3185039242000
3189544248000
3194053500000
3198567000000
3203084750000
3207606752000
3212133008000
3216663520000
3221198290000
3225737320000
3230280612000
3234828168000
3239379990000
3243936080000
3248496440000
3253061072000
3257629978000
3262203160000
3266780620000
3271362360000
3275948382000
3280538688000
3285133280000
3289732160000
3294335330000
3298942792000
3303554548000
3308170600000
3312790950000
3317415600000
3322044552000
3326677808000
3331315370000
3335957240000
3340603420000
3345253912000
3349908718000
3354567840000
3359231280000
3363899040000
3368571122000
3373247528000
3377928260000
3382613320000
3387302710000
3391996432000
3396694488000
3401396880000
3406103610000
3410814680000
3415530092000
3420249848000
3424973950000
3429702400000
3434435200000
3439172352000
3443913858000
3448659720000
3453409940000
3458164520000
3462923462000
3467686768000
3472454440000
3477226480000
3482002890000
3486783672000
3491568828000
3496358360000
3501152270000
3505950560000
3510753232000
3515560288000
3520371730000
3525187560000
3530007780000
3534832392000
3539661398000
3544494800000
3549332600000
3554174800000
3559021402000
3563872408000
3568727820000
3573587640000
3578451870000
3583320512000
3588193568000
3593071040000
3597952930000
3602839240000
3607729972000
3612625128000
3617524710000
3622428720000
3627337160000
3632250032000
3637167338000
3642089080000
3647015260000
3651945880000
3656880942000
3661820448000
3666764400000
3671712800000
3676665650000
3681622952000
3686584708000
3691550920000
3696521590000
3701496720000
3706476312000
3711460368000
3716448890000
3721441880000
3726439340000
3731441272000
3736447678000
3741458560000
3746473920000
3751493760000
3756518082000
3761546888000
3766580180000
3771617960000
3776660230000
3781706992000
3786758248000
3791814000000
3796874250000
3801939000000
3807008252000
3812082008000
3817160270000
3822243040000
3827330320000
3832422112000
3837518418000
3842619240000
3847724580000
3852834440000
3857948822000
3863067728000
3868191160000
3873319120000
3878451610000
3883588632000
3888730188000
3893876280000
3899026910000
3904182080000
3909341792000
3914506048000
3919674850000
3924848200000
3930026100000
3935208552000
3940395558000
3945587120000
3950783240000
3955983920000
3961189162000
3966398968000
3971613340000
3976832280000
3982055790000
3987283872000
3992516528000
3997753760000
4002995570000
4008241960000
4013492932000
4018748488000
4024008630000
4029273360000
4034542680000
4039816592000
4045095098000
4050378200000
4055665900000
4060958200000
4066255102000
4071556608000
4076862720000
4082173440000
4087488770000
4092808712000
4098133268000
4103462440000
4108796230000
4114134640000
4119477672000
4124825328000
4130177610000
4135534520000
4140896060000
4146262232000
4151633038000
4157008480000
4162388560000
4167773280000
4173162642000
4178556648000
4183955300000
4189358600000
4194766550000
4200179152000
4205596408000
4211018320000
4216444890000
4221876120000
4227312012000
4232752568000
4238197790000
4243647680000
4249102240000
4254561472000
4260025378000
4265493960000
4270967220000
4276445160000
4281927782000
4287415088000
4292907080000
4298403760000
4303905130000
4309411192000
4314921948000
4320437400000
4325957550000
4331482400000
4337011952000
4342546208000
4348085170000
4353628840000
4359177220000
4364730312000
4370288118000
4375850640000
4381417880000
4386989840000
4392566522000
4398147928000
4403734060000
4409324920000
4414920510000
4420520832000
4426125888000
4431735680000
4437350210000
4442969480000
4448593492000
4454222248000
4459855750000
4465494000000
4471137000000
4476784752000
4482437258000
4488094520000
4493756540000
4499423320000
4505094862000
4510771168000
4516452240000
4522138080000
4527828690000
4533524072000
4539224228000
4544929160000
4550638870000
4556353360000
4562072632000
4567796688000
4573525530000
4579259160000
4584997580000
4590740792000
4596488798000
4602241600000
4607999200000
4613761600000
4619528802000
4625300808000
4631077620000
4636859240000
4642645670000
4648436912000
4654232968000
4660033840000
4665839530000
4671650040000
4677465372000
4683285528000
4689110510000
4694940320000
4700774960000
4706614432000
4712458738000
4718307880000
4724161860000
4730020680000
4735884342000
4741752848000
4747626200000
4753504400000
4759387450000
4765275352000
4771168108000
4777065720000
4782968190000
4788875520000
4794787712000
4800704768000
4806626690000
4812553480000
4818485140000
4824421672000
4830363078000
4836309360000
4842260520000
4848216560000
4854177482000
4860143288000
4866113980000
4872089560000
4878070030000
4884055392000
4890045648000
4896040800000
4902040850000
4908045800000
4914055652000
4920070408000
4926090070000
4932114640000
4938144120000
4944178512000
4950217818000
4956262040000
4962311180000
4968365240000
4974424222000
4980488128000
4986556960000
4992630720000
4998709410000
5004793032000
5010881588000
5016975080000
5023073510000
5029176880000
5035285192000
5041398448000
5047516650000
5053639800000
5059767900000
5065900952000
5072038958000
5078181920000
5084329840000
5090482720000
5096640562000
5102803368000
5108971140000
5115143880000
5121321590000
5127504272000
5133691928000
5139884560000
5146082170000
5152284760000
5158492332000
5164704888000
5170922430000
5177144960000
5183372480000
5189604992000
5195842498000
5202085000000
5208332500000
5214585000000
5220842502000
5227105008000
5233372520000
5239645040000
5245922570000
5252205112000
5258492668000
5264785240000
5271082830000
5277385440000
5283693072000
5290005728000
5296323410000
5302646120000
5308973860000
5315306632000
5321644438000
5327987280000
5334335160000
5340688080000
5347046042000
5353409048000
5359777100000
5366150200000
5372528350000
5378911552000
5385299808000
5391693120000
5398091490000
5404494920000
5410903412000
5417316968000
5423735590000
5430159280000
5436588040000
5443021872000
5449460778000
5455904760000
5462353820000
5468807960000
5475267182000
5481731488000
5488200880000
5494675360000
5501154930000
5507639592000
5514129348000
5520624200000
5527124150000
5533629200000
5540139352000
5546654608000
5553174970000
5559700440000
5566231020000
5572766712000
5579307518000
5585853440000
5592404480000
5598960640000
5605521922000
5612088328000
5618659860000
5625236520000
5631818310000
5638405232000
5644997288000
5651594480000
5658196810000
5664804280000
5671416892000
5678034648000
5684657550000
5691285600000
5697918800000
5704557152000
5711200658000
5717849320000
5724503140000
5731162120000
5737826262000
5744495568000
5751170040000
5757849680000
5764534490000
5771224472000
5777919628000
5784619960000
5791325470000
5798036160000
5804752032000
5811473088000
5818199330000
5824930760000
5831667380000
5838409192000
5845156198000
5851908400000
5858665800000
5865428400000
5872196202000
5878969208000
5885747420000
5892530840000
5899319470000
5906113312000
5912912368000
5919716640000
5926526130000
5933340840000
5940160772000
5946985928000
5953816310000
5960651920000
5967492760000
5974338832000
5981190138000
5988046680000
5994908460000
6001775480000
6008647742000
6015525248000
6022408000000
6029296000000
6036189250000
6043087752000
6049991508000
6056900520000
6063814790000
6070734320000
6077659112000
6084589168000
6091524490000
6098465080000
6105410940000
6112362072000
6119318478000
6126280160000
6133247120000
6140219360000
6147196882000
6154179688000
6161167780000
6168161160000
6175159830000
6182163792000
6189173048000
6196187600000
6203207450000
6210232600000
6217263052000
6224298808000
6231339870000
6238386240000
6245437920000
6252494912000
6259557218000
6266624840000
6273697780000
6280776040000
6287859622000
6294948528000
6302042760000
6309142320000
6316247210000
6323357432000
6330472988000
6337593880000
6344720110000
6351851680000
6358988592000
6366130848000
6373278450000
6380431400000
6387589700000
6394753352000
6401922358000
6409096720000
6416276440000
6423461520000
6430651962000
6437847768000
6445048940000
6452255480000
6459467390000
6466684672000
6473907328000
6481135360000
6488368770000
6495607560000
6502851732000
6510101288000
6517356230000
6524616560000
6531882280000
6539153392000
6546429898000
6553711800000
6560999100000
6568291800000
6575589902000
6582893408000
6590202320000
6597516640000
6604836370000
6612161512000
6619492068000
6626828040000
6634169430000
6641516240000
6648868472000
6656226128000
6663589210000
6670957720000
6678331660000
6685711032000
6693095838000
6700486080000
6707881760000
6715282880000
6722689442000
6730101448000
6737518900000
6744941800000
6752370150000
6759803952000
6767243208000
6774687920000
6782138090000
6789593720000
6797054812000
6804521368000
6811993390000
6819470880000
6826953840000
6834442272000
6841936178000
6849435560000
6856940420000
6864450760000
6871966582000
6879487888000
6887014680000
6894546960000
6902084730000
6909627992000
6917176748000
6924731000000
6932290750000
6939856000000
6947426752000
6955003008000
6962584770000
6970172040000
6977764820000
6985363112000
6992966918000
7000576240000
7008191080000
7015811440000
7023437322000
7031068728000
7038705660000
7046348120000
7053996110000
7061649632000
7069308688000
7076973280000
7084643410000
7092319080000
7100000292000
7107687048000
7115379350000
7123077200000
7130780600000
7138489552000
7146204058000
7153924120000
7161649740000
7169380920000
7177117662000
7184859968000
7192607840000
7200361280000
7208120290000
7215884872000
7223655028000
7231430760000
7239212070000
7246998960000
7254791432000
7262589488000
7270393130000
7278202360000
7286017180000
7293837592000
7301663598000
7309495200000
7317332400000
7325175200000
7333023602000
7340877608000
7348737220000
7356602440000
7364473270000
7372349712000
7380231768000
7388119440000
7396012730000
7403911640000
7411816172000
7419726328000
7427642110000
7435563520000
7443490560000
7451423232000
7459361538000
7467305480000
7475255060000
7483210280000
7491171142000
7499137648000
7507109800000
7515087600000
7523071050000
7531060152000
7539054908000
7547055320000
7555061390000
7563073120000
7571090512000
7579113568000
7587142290000
7595176680000
7603216740000
7611262472000
7619313878000
7627370960000
7635433720000
7643502160000
7651576282000
7659656088000
7667741580000
7675832760000
7683929630000
7692032192000
7700140448000
7708254400000
7716374050000
7724499400000
7732630452000
7740767208000
7748909670000
7757057840000
7765211720000
7773371312000
7781536618000
7789707640000
7797884380000
7806066840000
7814255022000
7822448928000
7830648560000
7838853920000
7847065010000
7855281832000
7863504388000
7871732680000
7879966710000
7888206480000
7896451992000
7904703248000
7912960250000
7921223000000
7929491500000
7937765752000
7946045758000
7954331520000
7962623040000
7970920320000
7979223362000
7987532168000
7995846740000
8004167080000
8012493190000
8020825072000
8029162728000
8037506160000
8045855370000
8054210360000
8062571132000
8070937688000
8079310030000
8087688160000
8096072080000
8104461792000
8112857298000
8121258600000
8129665700000
8138078600000
8146497302000
8154921808000
8163352120000
8171788240000
8180230170000
8188677912000
8197131468000
8205590840000
8214056030000
8222527040000
8231003872000
8239486528000
8247975010000
8256469320000
8264969460000
8273475432000
8281987238000
8290504880000
8299028360000
8307557680000
8316092842000
8324633848000
8333180700000
8341733400000
8350291950000
8358856352000
8367426608000
8376002720000
8384584690000
8393172520000
8401766212000
8410365768000
8418971190000
8427582480000
8436199640000
8444822672000
8453451578000
8462086360000
8470727020000
8479373560000
8488025982000
8496684288000
8505348480000
8514018560000
8522694530000
8531376392000
8540064148000
8548757800000
8557457350000
8566162800000
8574874152000
8583591408000
8592314570000
8601043640000
8609778620000
8618519512000
8627266318000
8636019040000
8644777680000
8653542240000
8662312722000
8671089128000
8679871460000
8688659720000
8697453910000
8706254032000
8715060088000
8723872080000
8732690010000
8741513880000
8750343692000
8759179448000
8768021150000
8776868800000
8785722400000
8794581952000
8803447458000
8812318920000
8821196340000
8830079720000
8838969062000
8847864368000
8856765640000
8865672880000
8874586090000
8883505272000
8892430428000
8901361560000
8910298670000
8919241760000
8928190832000
8937145888000
8946106930000
8955073960000
8964046980000
8973025992000
8982010998000
8991002000000
8999999000000
9009002000000
9018011002000
9027026008000
9036047020000
9045074040000
9054107070000
9063146112000
9072191168000
9081242240000
9090299330000
9099362440000
9108431572000
9117506728000
9126587910000
9135675120000
9144768360000
9153867632000
9162972938000
9172084280000
9181201660000
9190325080000
9199454542000
9208590048000
9217731600000
9226879200000
9236032850000
9245192552000
9254358308000
9263530120000
9272707990000
9281891920000
9291081912000
9300277968000
9309480090000
9318688280000
9327902540000
9337122872000
9346349278000
9355581760000
9364820320000
9374064960000
9383315682000
9392572488000
9401835380000
9411104360000
9420379430000
9429660592000
9438947848000
9448241200000
9457540650000
9466846200000
9476157852000
9485475608000
9494799470000
9504129440000
9513465520000
9522807712000
9532156018000
9541510440000
9550870980000
9560237640000
9569610422000
9578989328000
9588374360000
9597765520000
9607162810000
9616566232000
9625975788000
9635391480000
9644813310000
9654241280000
9663675392000
9673115648000
9682562050000
9692014600000
9701473300000
9710938152000
9720409158000
9729886320000
9739369640000
9748859120000
9758354762000
9767856568000
9777364540000
9786878680000
9796398990000
9805925472000
9815458128000
9824996960000
9834541970000
9844093160000
9853650532000
9863214088000
9872783830000
9882359760000
9891941880000
9901530192000
9911124698000
9920725400000
9930332300000
9939945400000
9949564702000
9959190208000
9968821920000
9978459840000
9988103970000
9997754312000
10007410868000
10017073640000
10026742630000
10036417840000
10046099272000
10055786928000
10065480810000
10075180920000
10084887260000
10094599832000
10104318638000
10114043680000
10123774960000
10133512480000
10143256242000
10153006248000
10162762500000
10172525000000
10182293750000
10192068752000
10201850008000
10211637520000
10221431290000
10231231320000
10241037612000
10250850168000
10260668990000
10270494080000
10280325440000
10290163072000
10300006978000
10309857160000
10319713620000
10329576360000
10339445382000
10349320688000
10359202280000
10369090160000
10378984330000
10388884792000
10398791548000
10408704600000
10418623950000
10428549600000
10438481552000
10448419808000
10458364370000
10468315240000
10478272420000
10488235912000
10498205718000
10508181840000
10518164280000
10528153040000
10538148122000
10548149528000
10558157260000
10568171320000
10578191710000
10588218432000
10598251488000
10608290880000
10618336610000
10628388680000
10638447092000
10648511848000
10658582950000
10668660400000
10678744200000
10688834352000
10698930858000
10709033720000
10719142940000
10729258520000
10739380462000
10749508768000
10759643440000
10769784480000
10779931890000
10790085672000
10800245828000
10810412360000
10820585270000
10830764560000
10840950232000
10851142288000
10861340730000
10871545560000
10881756780000
10891974392000
10902198398000
10912428800000
10922665600000
10932908800000
10943158402000
10953414408000
10963676820000
10973945640000
10984220870000
10994502512000
11004790568000
11015085040000
11025385930000
11035693240000
11046006972000
11056327128000
11066653710000
11076986720000
11087326160000
11097672032000
11108024338000
11118383080000
11128748260000
11139119880000
11149497942000
11159882448000
11170273400000
11180670800000
11191074650000
11201484952000
11211901708000
11222324920000
11232754590000
11243190720000
11253633312000
11264082368000
11274537890000
11284999880000
11295468340000
11305943272000
11316424678000
11326912560000
11337406920000
11347907760000
11358415082000
11368928888000
11379449180000
11389975960000
11400509230000
11411048992000
11421595248000
11432148000000
11442707250000
11453273000000
11463845252000
11474424008000
11485009270000
11495601040000
11506199320000
11516804112000
11527415418000
11538033240000
11548657580000
11559288440000
11569925822000
11580569728000
11591220160000
11601877120000
11612540610000
11623210632000
11633887188000
11644570280000
11655259910000
11665956080000
11676658792000
11687368048000
11698083850000
11708806200000
11719535100000
11730270552000
11741012558000
11751761120000
11762516240000
11773277920000
11784046162000
11794820968000
11805602340000
11816390280000
11827184790000
11837985872000
11848793528000
11859607760000
11870428570000
11881255960000
11892089932000
11902930488000
11913777630000
11924631360000
11935491680000
11946358592000
11957232098000
11968112200000
11978998900000
11989892200000
12000792102000
12011698608000
12022611720000
12033531440000
12044457770000
12055390712000
12066330268000
12077276440000
12088229230000
12099188640000
12110154672000
12121127328000
12132106610000
12143092520000
12154085060000
12165084232000
12176090038000
12187102480000
12198121560000
12209147280000
12220179642000
12231218648000
12242264300000
12253316600000
12264375550000
12275441152000
12286513408000
12297592320000
12308677890000
12319770120000
12330869012000
12341974568000
12353086790000
12364205680000
12375331240000
12386463472000
12397602378000
12408747960000
12419900220000
12431059160000
12442224782000
12453397088000
12464576080000
12475761760000
12486954130000
12498153192000
12509358948000
12520571400000
12531790550000
12543016400000
12554248952000
12565488208000
12576734170000
12587986840000
12599246220000
12610512312000
12621785118000
12633064640000
12644350880000
12655643840000
12666943522000
12678249928000
12689563060000
12700882920000
12712209510000
12723542832000
12734882888000
12746229680000
12757583210000
12768943480000
12780310492000
12791684248000
12803064750000
12814452000000
12825846000000
12837246752000
12848654258000
12860068520000
12871489540000
12882917320000
12894351862000
12905793168000
12917241240000
12928696080000
12940157690000
12951626072000
12963101228000
12974583160000
12986071870000
12997567360000
13009069632000
13020578688000
13032094530000
13043617160000
13055146580000
13066682792000
13078225798000
13089775600000
13101332200000
13112895600000
13124465802000
13136042808000
13147626620000
13159217240000
13170814670000
13182418912000
13194029968000
13205647840000
13217272530000
13228904040000
13240542372000
13252187528000
13263839510000
13275498320000
13287163960000
13298836432000
13310515738000
13322201880000
13333894860000
13345594680000
13357301342000
13369014848000
13380735200000
13392462400000
13404196450000
13415937352000
13427685108000
13439439720000
13451201190000
13462969520000
13474744712000
13486526768000
13498315690000
13510111480000
13521914140000
13533723672000
13545540078000
13557363360000
13569193520000
13581030560000
13592874482000
13604725288000
13616582980000
13628447560000
13640319030000
13652197392000
13664082648000
13675974800000
13687873850000
13699779800000
13711692652000
13723612408000
13735539070000
13747472640000
13759413120000
13771360512000
13783314818000
13795276040000
13807244180000
13819219240000
13831201222000
13843190128000
13855185960000
13867188720000
13879198410000
13891215032000
13903238588000
13915269080000
13927306510000
13939350880000
13951402192000
13963460448000
13975525650000
13987597800000
13999676900000
14011762952000
14023855958000
14035955920000
14048062840000
14060176720000
14072297562000
14084425368000
14096560140000
14108701880000
14120850590000
14133006272000
14145168928000
14157338560000
14169515170000
14181698760000
14193889332000
14206086888000
14218291430000
14230502960000
14242721480000
14254946992000
14267179498000
14279419000000
14291665500000
14303919000000
14316179502000
14328447008000
14340721520000
14353003040000
14365291570000
14377587112000
14389889668000
14402199240000
14414515830000
14426839440000
14439170072000
14451507728000
14463852410000
14476204120000
14488562860000
14500928632000
14513301438000
14525681280000
14538068160000
14550462080000
14562863042000
14575271048000
14587686100000
14600108200000
14612537350000
14624973552000
14637416808000
14649867120000
14662324490000
14674788920000
14687260412000
14699738968000
14712224590000
14724717280000
14737217040000
14749723872000
14762237778000
14774758760000
14787286820000
14799821960000
14812364182000
14824913488000
14837469880000
14850033360000
14862603930000
14875181592000
14887766348000
14900358200000
14912957150000
14925563200000
14938176352000
14950796608000
14963423970000
14976058440000
14988700020000
15001348712000
15014004518000
15026667440000
15039337480000
15052014640000
15064698922000
15077390328000
15090088860000
15102794520000
15115507310000
15128227232000
15140954288000
15153688480000
15166429810000
15179178280000
15191933892000
15204696648000
15217466550000
15230243600000
15243027800000
15255819152000
15268617658000
15281423320000
15294236140000
15307056120000
15319883262000
15332717568000
15345559040000
15358407680000
15371263490000
15384126472000
15396996628000
15409873960000
15422758470000
15435650160000
15448549032000
15461455088000
15474368330000
15487288760000
15500216380000
15513151192000
15526093198000
15539042400000
15551998800000
15564962400000
15577933202000
15590911208000
15603896420000
15616888840000
15629888470000
15642895312000
15655909368000
15668930640000
15681959130000
15694994840000
15708037772000
15721087928000
15734145310000
15747209920000
15760281760000
15773360832000
15786447138000
15799540680000
15812641460000
15825749480000
15838864742000
15851987248000
15865117000000
15878254000000
15891398250000
15904549752000
15917708508000
15930874520000
15944047790000
15957228320000
15970416112000
15983611168000
15996813490000
16010023080000
16023239940000
16036464072000
16049695478000
16062934160000
16076180120000
16089433360000
16102693882000
16115961688000
16129236780000
16142519160000
16155808830000
16169105792000
16182410048000
16195721600000
16209040450000
16222366600000
16235700052000
16249040808000
16262388870000
16275744240000
16289106920000
16302476912000
16315854218000
16329238840000
16342630780000
16356030040000
16369436622000
16382850528000
16396271760000
16409700320000
16423136210000
16436579432000
16450029988000
16463487880000
16476953110000
16490425680000
16503905592000
16517392848000
16530887450000
16544389400000
16557898700000
16571415352000
16584939358000
16598470720000
16612009440000
16625555520000
16639108962000
16652669768000
16666237940000
16679813480000
16693396390000
16706986672000
16720584328000
16734189360000
16747801770000
16761421560000
16775048732000
16788683288000
16802325230000
16815974560000
16829631280000
16843295392000
16856966898000
16870645800000
16884332100000
16898025800000
16911726902000
16925435408000
16939151320000
16952874640000
16966605370000
16980343512000
16994089068000
17007842040000
17021602430000
17035370240000
17049145472000
17062928128000
17076718210000
17090515720000
17104320660000
17118133032000
17131952838000
17145780080000
17159614760000
17173456880000
17187306442000
17201163448000
17215027900000
17228899800000
17242779150000
17256665952000
17270560208000
17284461920000
17298371090000
17312287720000
17326211812000
17340143368000
17354082390000
17368028880000
17381982840000
17395944272000
17409913178000
17423889560000
17437873420000
17451864760000
17465863582000
17479869888000
17493883680000
17507904960000
17521933730000
17535969992000
17550013748000
17564065000000
17578123750000
17592190000000
17606263752000
17620345008000
17634433770000
17648530040000
17662633820000
17676745112000
17690863918000
17704990240000
17719124080000
17733265440000
17747414322000
17761570728000
17775734660000
17789906120000
17804085110000
17818271632000
17832465688000
17846667280000
17860876410000
17875093080000
17889317292000
17903549048000
17917788350000
17932035200000
17946289600000
17960551552000
17974821058000
17989098120000
18003382740000
18017674920000
18031974662000
18046281968000
18060596840000
18074919280000
18089249290000
18103586872000
18117932028000
18132284760000
18146645070000
18161012960000
18175388432000
18189771488000
18204162130000
18218560360000
18232966180000
18247379592000
18261800598000
18276229200000
18290665400000
18305109200000
18319560602000
18334019608000
18348486220000
18362960440000
18377442270000
18391931712000
18406428768000
18420933440000
18435445730000
18449965640000
18464493172000
18479028328000
18493571110000
18508121520000
18522679560000
18537245232000
18551818538000
18566399480000
18580988060000
18595584280000
18610188142000
18624799648000
18639418800000
18654045600000
18668680050000
18683322152000
18697971908000
18712629320000
18727294390000
18741967120000
18756647512000
18771335568000
18786031290000
18800734680000
18815445740000
18830164472000
18844890878000
18859624960000
18874366720000
18889116160000
18903873282000
18918638088000
18933410580000
18948190760000
18962978630000
18977774192000
18992577448000
19007388400000
19022207050000
19037033400000
19051867452000
19066709208000
19081558670000
19096415840000
19111280720000
19126153312000
19141033618000
19155921640000
19170817380000
19185720840000
19200632022000
19215550928000
19230477560000
19245411920000
19260354010000
19275303832000
19290261388000
19305226680000
19320199710000
19335180480000
19350168992000
19365165248000
19380169250000
19395181000000
19410200500000
19425227752000
19440262758000
19455305520000
19470356040000
19485414320000
19500480362000
19515554168000
19530635740000
19545725080000
19560822190000
19575927072000
19591039728000
19606160160000
19621288370000
19636424360000
19651568132000
19666719688000
19681879030000
19697046160000
19712221080000
19727403792000
19742594298000
19757792600000
19772998700000
19788212600000
19803434302000
19818663808000
19833901120000
19849146240000
19864399170000
19879659912000
19894928468000
19910204840000
19925489030000
19940781040000
19956080872000
19971388528000
19986704010000
20002027320000
20017358460000
20032697432000
20048044238000
20063398880000
20078761360000
20094131680000
20109509842000
20124895848000
20140289700000
20155691400000
20171100950000
20186518352000
20201943608000
20217376720000
20232817690000
20248266520000
20263723212000
20279187768000
20294660190000
20310140480000
20325628640000
20341124672000
20356628578000
20372140360000
20387660020000
20403187560000
20418722982000
20434266288000
20449817480000
20465376560000
20480943530000
20496518392000
20512101148000
20527691800000
20543290350000
20558896800000
20574511152000
20590133408000
20605763570000
20621401640000
20637047620000
20652701512000
20668363318000
20684033040000
20699710680000
20715396240000
20731089722000
20746791128000
20762500460000
20778217720000
20793942910000
20809676032000
20825417088000
20841166080000
20856923010000
20872687880000
20888460692000
20904241448000
20920030150000
20935826800000
20951631400000
20967443952000
20983264458000
20999092920000
21014929340000
21030773720000
21046626062000
21062486368000
21078354640000
21094230880000
21110115090000
21126007272000
21141907428000
21157815560000
21173731670000
21189655760000
21205587832000
21221527888000
21237475930000
21253431960000
21269395980000
21285367992000
21301347998000
21317336000000
21333332000000
21349336000000
21365348002000
21381368008000
21397396020000
21413432040000
21429476070000
21445528112000
21461588168000
21477656240000
21493732330000
21509816440000
21525908572000
21542008728000
21558116910000
21574233120000
21590357360000
21606489632000
21622629938000
21638778280000
21654934660000
21671099080000
21687271542000
21703452048000
21719640600000
21735837200000
21752041850000
21768254552000
21784475308000
21800704120000
21816940990000
21833185920000
21849438912000
21865699968000
21881969090000
21898246280000
21914531540000
21930824872000
21947126278000
21963435760000
21979753320000
21996078960000
22012412682000
22028754488000
22045104380000
22061462360000
22077828430000
22094202592000
22110584848000
22126975200000
22143373650000
22159780200000
22176194852000
22192617608000
22209048470000
22225487440000
22241934520000
22258389712000
22274853018000
22291324440000
22307803980000
22324291640000
22340787422000
22357291328000
22373803360000
22390323520000
22406851810000
22423388232000
22439932788000
22456485480000
22473046310000
22489615280000
22506192392000
22522777648000
22539371050000
22555972600000
22572582300000
22589200152000
22605826158000
22622460320000
22639102640000
22655753120000
22672411762000
22689078568000
22705753540000
22722436680000
22739127990000
22755827472000
22772535128000
22789250960000
22805974970000
22822707160000
22839447532000
22856196088000
22872952830000
22889717760000
22906490880000
