4736
19012
44046
83936
114112
163164
280964
361240
460344
579224
726096
861108
997798
1146236
1287510
1505232
1699392
1872608
2088224
2283268
2508750
2678720
2864678
3140200
3364320
3823280
4086132
4389444
4762664
5078216
5541464
5849504
6140448
6517656
6912044
7343120
7666240
8022400
8508742
8966088
9377402
9742700
10110128
10543644
10911812
11401572
11949984
12322820
12761418
13129100
13524318
13838060
14345684
14846876
15508524
15883900
16415632
17048032
17739820
18509672
19134552
19551216
20327786
21242596
21864794
22441668
23155818
23690908
24256874
24987560
25772776
26419044
27445246
28231592
29108662
29830332
30536600
31124012
31827488
32647680
33309102
34133400
34855300
35471776
36321898
37257424
38058484
38889900
39535432
40219928
41348214
42355604
42958690
44318500
45066234
45874600
46933932
47545776
48369208
49234260
50341632
51515060
52287950
52978092
53807440
54533628
55442578
56890100
57910638
59077384
60448162
61237560
62560396
63883976
65373512
66233048
67111728
68480656
69370532
70175012
71386106
72479532
73731688
74871732
76148320
77438952
79218928
79927116
81436230
82648196
83596922
84458304
85625558
86630964
87910992
89178788
90594560
92372640
93899188
95332288
96686636
98565688
100127322
101737500
103051762
104915636
105839746
107250272
108649004
110101004
111167618
112039248
113189226
115494596
117077002
118544964
120320272
121408444
123015604
124981068
126660350
128574320
129735574
130584024
131899118
133262288
135241122
137295300
139191480
140797108
142395180
143559688
145013642
146488032
147654324
149481372
151255246
152515992
154470152
156608300
158425860
160139988
161939446
163337688
165505828
166973688
168904632
171134976
172932176
174707040
176423664
177980640
179711206
180945184
183046984
185165124
186943590
188571384
189972892
192081716
194285092
196501192
198675918
200072092
202245918
203812304
205849608
207733572
209817514
212069604
213635144
215238700
216446948
218112224
220887468
223363800
225416860
228471428
230827374
232500316
234042496
236370812
238396832
240119348
242408042
244294368
246650620
248897932
251141008
253523324
255507164
257116736
259575374
260747328
264413926
267231880
268882494
271841552
273477592
275192000
278326448
281346032
283745052
285489356
288038004
289899844
292850200
295150872
296705682
299148568
301757314
304013808
306049154
308619436
310562770
312659060
314994724
317754560
319874696
322370324
324960798
327121472
329459396
332093928
334113654
336490644
338396282
340281572
342917142
347013428
349384500
352389112
355204364
356724516
360112428
363344944
365598284
367780408
370445884
373397700
375691872
378244904
381037274
384192148
387188028
389223364
392198318
394735416
398611126
400909344
403708072
406724452
409882426
411882712
414238666
416926180
420912256
423615304
426877960
429791644
433725798
437083640
439821558
442592804
444337892
446519336
449635182
451359808
454908940
457950776
459711446
461954200
464656640
466860824
470541538
472811344
475685986
478217656
481173810
484529680
487708154
489947316
493264882
496973084
500187582
503182540
506340556
509570024
512896288
514782796
517610350
521112336
523478904
527973488
531718952
535595420
538607802
541735288
544569952
547769364
551266244
556713952
559089656
562220812
566072558
568714852
572487836
576086036
578010978
580371088
584166988
587794704
590343628
593839904
598480360
602230204
605163180
608576752
611201122
613345960
616563948
620200176
625677940
629150600
631940248
634288396
637281360
640857364
644073150
647576252
651298118
655379792
658248796
663586796
666885704
670520704
674000400
680628360
683411156
687896544
690915868
694014168
698729654
703127716
705800208
708715056
713722050
716697484
719779356
723218828
727412226
731451228
736163496
739891516
744108252
748075940
752859436
757496676
761467554
764861332
768523780
773489940
778085352
782568896
787113532
791021860
794858858
798315940
802508622
806560484
809470196
813078860
817273118
820965648
827307508
830558784
834779980
840697520
844156954
848292940
851267546
854964620
859489672
863010680
866849568
870640716
876145816
880183740
884971552
887686356
892300940
896875320
900960648
904686344
908371194
911940200
915706338
919121656
924462308
928267108
932307738
937244784
940940222
944675916
949265084
953333920
957213300
960920924
963987090
967967592
973370330
977322340
982077192
986000736
989085542
994016720
997454040
1001527156
1006025186
1009916272
1015949828
1018822064
1022544530
1027294072
1032146936
1038675552
1044866292
1049770396
1053559622
1057691760
1061600320
1065952356
1069903744
1076611720
1082112172
1084982416
1087944066
1094295236
1098541594
1103297720
1108788992
1114293052
1116916314
1120072336
1124854558
1129466240
1134846866
1140028964
1144134084
1149356140
1155810752
1161080140
1166363464
1170554124
1175251520
1180064292
1188072222
1195471616
1198603558
1203623004
1206777770
1211269548
1214853988
1220072460
1224568570
1230335548
1235402930
1240352728
1244424290
1248852048
1253015462
1256945692
1262102766
1265347404
1272081508
1277919960
1282607064
1289199200
1294442924
1298738292
1302506854
1307835324
1312926206
1316541976
1321902804
1327537584
1334208694
1340395620
1346240210
1351112028
1358662912
1363609932
1368407402
1374052556
1380412602
1384650996
1388504244
1394534232
1400084808
1404267656
1410043522
1414678460
1421003946
1426606288
1432386466
1437450224
1443036582
1449378952
1455356916
1461420928
1465357246
1469543628
1476432884
1481306928
1486357898
1492858824
1498021862
1501811200
1507197016
1512187380
1518550980
1524224180
1530260314
1537166844
1545303446
1551306448
1559146144
1564101128
1571076306
1575910800
1581099166
1587389780
1592931684
1598733540
1606718200
1611729024
1618272036
1625220968
1629360566
1634196436
1640390270
1643443764
1648629632
1653861300
1659234054
1665332412
1671377296
1677801032
1682270726
1687561796
1694262858
1702556136
1708595606
1712654732
1717217886
1721429204
1726700776
1733231048
1738222888
1743612296
1749230358
1755133876
1760695950
1767469784
1775891326
1782133996
1787169034
1793323668
1800042202
1807157232
1812675216
1819133560
1822858060
1827018912
1832792534
1842424828
1848165236
1854714076
1859591228
1866652676
1873785852
1878697340
1883186146
1886607324
1894259130
1900325048
1907975974
1913158212
1918753804
1925233140
1931021652
1937603716
1943515634
1948342524
1955537686
1958838772
1963750306
1970881056
1976934022
1982595376
1991807530
1997655720
2002497504
2006812932
2014622134
2021101780
2026751120
2033252760
2040497944
2046630044
2051341390
2058803604
2062846324
2068270416
2074722702
2079777724
2084977864
2093813664
2102280440
2107905560
2115646804
2122587576
2129397624
2137474172
2142340826
2147031968
2154015708
2161842240
2168459418
2174782864
2180155750
2186284664
2191114300
2196298588
2201626674
2205322048
2210092560
2214486684
2220520746
2227428584
2235048702
2241654752
2250321324
2257072276
2264274324
2270981600
2276721894
2282188660
2285985980
2292849076
2298699630
2305445048
2311812046
2318794280
2326353258
2335369652
2340419870
2348941864
2355661136
2362268564
2370451642
2375278452
2381899964
2390368980
2396232532
2401095820
2409722648
2415163500
2420139756
2427510684
2435984544
2444383416
2449071940
2455933800
2460900760
2469163696
2476153876
2481671024
2492565050
2501646444
2507479118
2513129732
2520516130
2527170780
2534644710
2539041404
2545587174
2552443532
2559844570
2567329792
2575028264
2579404960
2587280752
2593830384
2598370038
2604595940
2609744788
2617280796
2624249882
2631306464
2639275256
2648345464
2655455828
2661073296
2666394364
2672318020
2683123930
2690189856
2696718890
2700740632
2708701632
2719227000
2729292512
2737994920
2742931594
2750617736
2757583160
2764727568
2773326050
2779964964
2788761348
2795966092
2800892008
2808596196
2816772506
2822197408
2830648114
2837760524
2844186046
2851524620
2858236146
2863176192
2871208244
2876719608
2880735658
2890426400
2899046602
2904359640
2913168896
2917579240
2929561696
2938101564
2944951072
2951587404
2957443838
2966050772
2970889974
2978592760
2985415604
2992302956
2999028392
3004193796
3011944226
3017331960
3026268518
3034054076
3039043256
3051057876
3057923230
3066591556
3071848908
3076344092
3083865100
3092702900
3099320388
3106798200
3116840622
3124683872
3132105186
3139983900
3150558860
3158577848
3165837426
3174504656
3181589836
3191463996
3197461356
3202797388
3210834360
3217303992
3229299848
3236189720
3246020892
3252021292
3258607654
3266611280
3272916556
3282551780
3295975120
3303106868
3308781006
3316588692
3325803640
3337664992
3343223456
3350304668
3359109426
3366834048
3378427190
3385685280
3390647942
3401689692
3406693584
3414897312
3422892508
3430118632
3442439086
3449596236
3457013502
3464082908
3469693072
3478605920
3489030460
3495835472
3504272044
3511811380
3521520530
3528567956
3539905696
3547826032
3554388296
3561685036
3569533370
3576975272
3583245826
3590160684
3599981606
3610372252
3617202376
3625638328
3636364680
3642678704
3649408602
3657250436
3665432922
3673387836
3682289356
3689929580
3698299722
3704417900
3712161166
3721839364
3730576536
3740462316
3751359332
3758396592
3767852344
3775446028
3784583062
3790510168
3799175268
3808046940
3813861804
3821805696
3830247432
3838013260
3843669120
3854069616
3864312668
3873630040
3886206390
3895092088
3904103486
3910811960
3916770060
3922074204
3930377144
3942468864
3952818416
3961769632
3972767116
3979083268
3987636430
3997677320
4003428912
4012727040
4024444890
4033505032
4042840300
4051247788
4059640604
4068030048
4079682682
4092599704
4100974662
4115180940
4123028610
4128630228
4136602476
4145971160
4155956316
4164083564
4172187522
4179667860
4189760130
4198073988
4205721410
4221018520
4232380730
4241812112
4251040470
4261082244
4267137732
4280782120
4288208898
4297942580
4311076442
4318198176
4328162592
4336281080
4344851766
4355351916
4370193604
4381746548
4390770628
4403580268
4409615994
4417965312
4423035414
4430339372
4436749328
4447396568
4454169146
4464461728
4474713842
4482974616
4496669084
4506518624
4517333912
4528137804
4536204818
4542908904
4552600714
4559659356
4568033518
4580908944
4598086480
4607201620
4613997558
4624336696
4633249514
4641412648
4651971098
4660577812
4672035020
4679798804
4692607904
4703575392
4714156972
4722825516
4730895104
4741546624
4749867810
4756572144
4768231440
4778837140
4788196976
4803252908
4811077150
