10128
43496
79424
118148
199258
246984
349922
456156
519274
616636
740716
884348
1065448
1207556
1352042
1528588
1686696
1840948
2067410
2290756
2570306
2854376
3053446
3403936
3694274
4026300
4383472
4747832
5054814
5273064
5582806
5908460
6226230
6496084
6981096
7334460
7627716
8111112
8486622
8835312
9140500
9512424
9974732
10506476
10937762
11355808
11987520
12570012
13247610
13641888
14137798
14698792
15352106
16048248
16590898
17108600
17647828
18148836
19009968
19468188
20049264
20810316
21458248
22095676
22871158
23538172
24290648
25071756
25953678
26785340
27825730
28896092
29390916
30189188
31000642
31743524
32665398
33822612
34498138
35251884
36085954
36919432
37690710
38478704
39095516
39711248
40774306
41451648
42341106
43484188
44402532
45640184
46507358
48066308
49057352
49886640
51149190
51813032
52852162
54114308
55482298
56115720
56807220
58010916
59459870
60193148
61468600
62268316
63128670
64264792
65667420
66585696
67652674
68943172
70289196
71420004
72401416
74015856
75201222
76381572
77480116
78613428
80229046
81340344
82807766
84204124
85061628
86776776
88033334
89630452
91123542
92324568
94000956
96230496
97600102
99571168
101456694
103234836
104698460
106329560
108258826
110099896
111697716
112895640
114446440
116001092
117912256
120097860
122221440
123510308
125922126
128032392
129290380
131244780
133267116
135361668
137295920
138564548
139846094
141579844
142633314
143796024
145292782
146472300
147656358
149330404
151125078
152620620
153850486
155831976
156962810
158755744
161210456
163267200
164957718
166881972
168369590
170692296
172033236
173734320
175778630
177879028
179806976
181692512
184492036
186949776
189365978
192455888
195201100
198008328
199616866
201421256
202831804
204816532
207069978
208928012
210858600
213365168
215436734
217959652
219512750
221539528
224553750
227170132
229595846
231730324
233993416
236412788
238047490
240341104
242200920
244998196
247629884
249864816
252508710
254708120
257956692
260807124
262922648
266142976
267792698
270911668
273855324
275844364
278128076
281154284
283504694
285545576
288090152
290523772
293464536
296118712
299609080
302030408
304679964
307523600
310286336
314090944
316562276
319421904
321985452
324145640
327101658
330654924
333957050
336642128
339387712
341458668
343815888
346319800
349585734
352058272
355058710
357600612
360445492
363497544
365988484
368909644
371817892
373561656
376250890
379046176
381992926
384652860
386322010
389327072
392018610
395857380
397522234
400935640
403671666
405758580
407759390
410073084
413153786
416417728
419067772
423636860
426814746
429471044
431658554
433767128
436505660
440713960
444329824
448004544
450197222
453634800
456698648
459262768
462362956
466814188
469853140
474070300
476622112
478880644
481927452
486119952
489022402
491757396
495489456
499017500
502505876
505177784
508468996
511292892
513993138
517638608
521034674
524276992
527328726
530144276
533003476
535948804
540227124
542615328
546486012
550127856
554230954
556594464
561532004
564823024
567454306
572520284
576036480
579512396
583164374
587010260
590353762
593109988
596394486
601871328
606454310
609671012
614051974
617687976
622705680
626670072
629109024
632301544
635245104
638754836
641618764
645031496
647676796
652003416
655257302
658602928
661673998
665987856
669895544
673451796
677158782
682482220
686824080
691390716
695213762
698108928
701361898
705206644
708626276
712474600
716646638
719983140
723255888
726262680
729607098
733690528
737337808
742437116
747031562
750151684
754009768
757124680
760619098
764877772
768541794
773849840
778919462
782031468
784485700
787948964
791968976
795971776
800922276
805507824
808363860
811533568
816113256
821903376
827524284
830520380
834580180
837985624
841809096
845909164
850876530
854829268
858504064
862416940
868683778
872969592
876920686
883343840
887906562
892734216
897878688
903123592
907678774
910731108
916187756
921591628
925291128
931074520
934359712
939177844
943681894
948494952
952348458
957629692
962404360
966247056
970127016
973229964
978752778
983336152
987050768
992208928
997409464
1002715580
1006609652
1010437120
1013761200
1017012872
1021485474
1025360148
1030138698
1034687972
1038415618
1042845720
1047347120
1053228376
1059598576
1065386036
1069312354
1074757680
1079054348
1084580088
1090253188
1094565908
1098441592
1104318276
1110422948
1115752048
1120811960
1124691056
1129512692
1133371100
1137371568
1142437316
1147847794
1153538596
1157719440
1161424632
1168116710
1174216728
1179815824
1186022568
1190404816
1197094544
1204513672
1210167500
1215411050
1221236460
1226110720
1229604276
1235424524
1241043360
1246233596
1250679228
1256192362
1260570884
1265027192
1269000216
1274858154
1280892876
1286274810
1292773988
1298059332
1304520084
1310730842
1315258812
1322272880
1327970120
1334041212
1340970380
1345798554
1350447304
1355695782
1360059532
1364203544
1369909040
1374051746
1380455776
1387861038
1394688948
1399302332
1406407048
1410462070
1417777020
1424041582
1428829680
1432002036
1436553236
1441328062
1448510772
1453121412
1457810284
1464080326
1470148576
1476902284
1483600928
1491469840
1496374104
1499450724
1504368028
1513674226
1519265732
1526773428
1534577688
1542408270
1549367928
1553901536
1559159808
1565012922
1571562928
1576725494
1581883100
1590834352
1595935000
1601382488
1607864324
1616652990
1620379204
1627791998
1633934900
1639039478
1644718376
1652306362
1659107416
1666475630
1671833600
1677612602
1683464108
1689675670
1695393476
1702976400
1710614600
1718657414
1724218088
1731071166
1736024312
1740329192
1745166324
1750041702
1758075820
1763765180
1768260672
1774247482
1780144212
1784665192
1789649212
1796838184
1803441108
1812551770
1818099440
1822686556
1828977420
1834276422
1842643856
1849295076
1855918072
1860365052
1867446488
1872905742
1879505864
1887063136
1895676884
1904401386
1910777912
1914971252
1922526652
1926666750
1932192604
1940456034
1947945516
1954962166
1961467060
1967147688
1973741376
1982109682
1988772424
1993362956
2001758100
2007843506
2014732304
2019684212
2030616664
2037721784
2047102940
2054075128
2062441832
2068344480
2076906664
2083899522
2089562128
2095424106
2103001664
2109247522
2115914068
2122947836
2129979704
2135505372
2142288580
2150320788
2155461916
2162972658
2168099916
2177205276
2184775044
2189048586
2195290252
2205400392
2212815756
2220464104
2227119460
2236243882
2244561580
2250787002
2259435232
2263919110
2273910180
2284171508
2293447360
2299448780
2309179632
2315050472
2320433128
2329461340
2336422596
2344827288
2353512068
2361557804
2368059756
2374520768
2383609464
2391582008
2401752532
2408575874
2413895468
2420026492
2426517968
2434849554
2444224520
2449950364
2458957512
2467954118
2474431916
2480489402
2487142308
2492669290
2502380428
2507639102
2516122976
2524422590
2531793128
2538456030
2546291884
2552572620
2560206448
2568453528
2573247316
2580934734
2586823456
2596658268
2605708496
2611678394
2619745504
2629590046
2638391700
2644747150
2656934992
2664593568
2674197192
2680305662
2685672976
2692526314
2697928032
2706143546
2711867236
2718747564
2726286472
2733795540
2743499380
2751331240
2757733428
2765063590
2772641128
2779208332
2791078760
2797614744
2802886036
2812336674
2819406820
2825454534
2834993924
2842199256
2848299788
2854558250
2863742736
2871485058
2881706840
2892132654
2899892868
2907953544
2916641756
2926146988
2933177884
2937703038
2944134148
2950198896
2957718172
2968010804
2977755016
2983677804
2992339764
3000134644
3010606236
3019237086
3027260392
3034953910
3042418464
3050710912
3061366968
3068763576
3077112452
3085342726
3092260028
3099913422
3110932516
3118642120
3127889060
3135752282
3143842756
3150460534
3158691528
3168677826
3176944084
3188625472
3195319348
3201765014
3207606452
3218481666
3226930652
3235007362
3247585516
3253480060
3262733980
3272621158
3282829828
3292606278
3299306188
3312188868
3318654444
3324282062
3332921228
3340745038
3351018536
3358825840
3365707180
3373200702
3385387076
3392975480
3403724884
3411233896
3420428932
3431779526
3439809500
3447168094
3456941588
3466487144
3474186316
3483468318
3493896236
3503076404
3511423952
3519495086
3527969020
3539961438
3549395008
3561304452
3568964100
3577106282
3584508920
3593965874
3608567300
3616538762
3624067252
3634184712
3644615184
3653599356
3663729744
3673909496
3685980640
3695680716
3705046724
3714116634
3722767296
3733701326
3741764392
3753051876
3764634732
3771788370
3780703180
3790968814
3799761852
3808201238
3816684876
3827514886
3835696024
3843294266
3855361860
3863105324
3870372592
3879785236
3885755452
3894474328
3907239284
3915675284
3925964756
3938691438
3949834652
3956637594
3965082904
3972089122
3982174428
3990741456
3999857484
4006664084
4015724040
4025051116
4034800688
4041925886
4051671552
4063582554
4071866928
4081159104
4092662760
4103430746
4111417444
4122891792
4132362140
4141495040
4148476028
4158330718
4167631592
4178816490
4186621724
4194487482
4206087988
4219053198
4227856288
4236065420
4243517488
4249910520
4258759092
4268729290
4274760224
4284126362
4294055268
4301930374
4309882356
4319406494
4327138000
4338103414
4346659900
4356148768
4366868252
4379115192
4389841576
4398085456
4405289428
4412595572
4422357640
4430365272
4438776988
4450441406
4457191056
4468356608
4479447260
4489305268
4496731276
4506455848
4518127800
4527342516
4534975064
4543850348
4553698092
4563579556
4570079576
4581789138
4589884464
4601417966
4612075424
4622993416
4632835380
4642060518
4650524352
4658920714
4669460500
4678455736
4691885716
4700577048
4707326280
4716068624
4725011664
4732314272
4741580096
4749765544
4757668984
4766074818
4774929508
4782712140
4788913832
4800610036
4810478456
4818356584
4827068284
4838190464
4849654884
4856224236
4861799880
4870684264
4877091696
4887151958
4899767156
4910525686
4925630008
4935226572
4942993080
4953103834
4960114336
4968772462
4979086048
4991188146
4998346616
5005020030
5018481012
5029430298
5041318004
5050519832
5065318860
5074224330
5087525708
5102186636
5110564252
5121859568
5133815872
5143279604
5151756140
5163720122
5174617864
5185404082
5195931288
5206499148
5218427136
5226732628
5235478404
5246072398
5260935520
5269836260
5279231628
5289918236
5300421320
5311175494
5320031072
5329204072
5336850252
5347726930
5354500344
5365950504
5376790860
5385639692
5400964720
5407825978
5416125728
5425611292
5435901564
5446463358
