3110
17256
45166
89652
170466
252444
317230
406288
473860
552812
649342
762192
929744
1075488
1223972
1403084
1523840
1729080
1848042
2131444
2282280
2484800
2685230
2831708
3114980
3344748
3678352
3992644
4225718
4473404
5048966
5346784
5600520
6034872
6420518
6718936
7107090
7460816
7832578
8228328
8644154
9003956
9510802
10088660
10665934
11179548
11584748
12139964
12505498
13068548
13642828
14163020
14723888
15343328
15933948
16451256
16978868
17793620
18206938
19220192
20051026
20757568
21650658
22355944
22861390
23729300
24191792
25009216
25676384
26593992
27576408
28205260
28997660
30323048
31322548
32386836
32996056
34057660
34832122
35491532
36339524
36980640
37850840
38726976
40472682
41661444
42514604
43695708
44611552
45735896
47126404
48209076
49021478
49827092
50880078
52115156
53296104
54462376
55504714
56804884
58078526
59123612
60240604
61220812
62480544
64113136
64886200
65721956
66896386
67852236
68959930
70143376
70866268
72072252
73138848
75197068
76619186
77901872
79111642
80790432
82073292
83288168
84490148
86223120
88586934
89809092
91001364
92648856
94162464
95776920
96929178
98069404
99298830
102016160
103226386
105012528
106359804
107738348
109571080
110650064
112299650
114026312
115377822
116263528
118101460
120262228
122116526
123943840
125520080
126975068
128455358
130679596
133064548
135232772
137011932
138479776
139671522
141752696
143547884
145110484
146675988
147945208
149505872
152507392
154071430
155464092
157372926
158744492
160158222
162527228
164579336
165955248
168888876
172166180
174170340
177442716
179392164
180696804
182037162
184630044
187483212
189540804
191534058
193827044
195424338
197559932
199830254
201699420
203461708
205196532
207306614
209251568
211814142
213622076
216580454
219213524
221771794
224473728
226819956
228674124
231063258
233731648
236246330
238544932
242179364
244178796
246479260
248565268
252519950
255727832
258369874
261305044
263348132
266788296
270021346
271877876
274436476
276905248
280908810
283364120
285574026
287916976
290661028
292911936
294909800
297966676
300540770
302544636
306063968
307642000
310286092
313710360
316846488
319302276
321619528
324150180
327289690
329730924
331793224
334826052
337444642
341847604
344607504
347277728
350282588
352598928
355984510
357576520
360698376
363516772
366612132
368873100
373074396
376959552
379800296
382539580
386457126
389508564
391435160
393833428
395694088
398020940
400330234
402769392
404859250
407168492
411518620
413679464
416320860
419147512
422454654
424769668
427983222
431398452
434150948
437236988
440342502
443552304
446834088
449666288
453143848
456186084
458821882
462244892
465487120
468362696
470788740
473172420
476268372
479804324
482884884
486359212
490495650
493548760
497019578
499861844
503221416
506187460
508531310
510889912
513339084
516610652
519566126
522476060
525191550
528174728
530753622
535070612
537938806
540603816
543138402
545661664
548745862
551769012
553852436
558057860
562445776
565302168
568267602
573115356
575363590
579252212
582330798
585614168
588641178
592245456
596021822
600788944
603880696
607730848
612584592
616434132
620390322
623197136
626691474
630356808
634174734
636806880
640472384
643928220
647753142
651664736
656241688
659192016
664118332
667743436
671640672
674840808
677589512
681593920
685269544
688355324
691065144
694884224
698373942
701054744
704402996
707373308
710649168
713478704
718634122
722054704
725923890
731855064
736338514
742481180
747601056
751312208
755418808
759330912
764525266
767278220
771355162
774727732
777790674
781263408
784731108
788027956
792187070
796080500
800497928
804569936
809195096
814669896
817812444
820881696
826010290
830501136
835210260
838790268
843034268
846601040
850099602
853549312
858358848
862075776
867766224
872900116
878259544
881905376
885471096
889690308
894916442
898668624
902130168
909453488
913118634
916862756
921626336
925676048
928995750
931912484
937800692
941669548
944597668
948722156
951771434
959094444
963403370
966976104
971084500
976031284
981551022
986863528
990751222
994244836
998735068
1003113064
1007176086
1011710500
1015503484
1019335240
1025370254
1028888404
1034407876
1037848508
1041032466
1045275144
1053769660
1059970740
1063454966
1068389592
1073374794
1077140416
1082995716
1088612580
1092528982
1095723300
1100499052
1106911572
1110261012
1114501612
1120558804
1126951560
1132395758
1135895860
1141421814
1145042548
1149448748
1153492616
1157678852
1163127624
1169893060
1176494928
1180837118
1186318132
1190582362
1196621036
1202190342
1206983624
1212971648
1217633408
1222206364
1226922044
1233602856
1237577972
1242993936
1247936756
1253645148
1258654700
1264356500
1269931868
1274609714
1278183588
1283664420
1288568328
1292888698
1296575032
1301517826
1305829380
1310060530
1316682016
1322879586
1326376532
1329977864
1334797040
1340834450
1347473248
1355908310
1360602136
1366241860
1372535020
1378034472
1383217540
1387789862
1392671304
1400259006
1406938124
1415094704
1419913372
1425735332
1431268608
1436878100
1441873088
1448201740
1451632720
1459166908
1466399516
1470885058
1476027452
1481784916
1488481732
1492499908
1497323576
1503501870
1508444340
1512743088
1521601492
1527452744
1534084112
1540806552
1547536584
1554127172
1559918636
1564472386
1570522120
1574704816
1579931880
1583756408
1589510100
1594131572
1599121504
1604055496
1608366632
1613319220
1621993212
1628529316
1634425172
1642175386
1652316696
1657505352
1664202156
1670762644
1676302664
1683791686
1691348876
1700158696
1708384240
1714049242
1721307344
1728884764
1733849576
1738767578
1743785272
1749420952
1758502824
1764537970
1769675856
1777298862
1783029576
1791248204
1798164136
1804108710
1812353412
1820015790
1823704456
1831585304
1839406880
1845418184
1850430212
1855997862
1863403156
1872545030
1878715108
1885967498
1891055756
1901938326
1909031628
1914457450
1922495756
1928256446
1934514048
1941531326
1947019776
1952704304
1958015376
1965289618
1971171364
1979472730
1987073364
1993400194
1999118208
2006530528
2010691368
2016897012
2024927156
2032175994
2038697476
2043376820
2050413984
2055974150
2063806016
2070709246
2077082780
2081920438
2088137528
2096387782
2102272900
2112950194
2119234188
2128406878
2136326660
2143265946
2154524756
2159960898
2167427472
2173741292
2183250920
2195327662
2202394168
2208470312
2217055180
2225860926
2232635456
2238859266
2245545532
2252716846
2259655508
2266997760
2274312644
2279970240
2285662216
2294040938
2302887540
2309868678
2317549768
2325608206
2330255708
2336131116
2344636656
2350853110
2358859908
2363256838
2370432536
2376243002
2383027060
2391121134
2398065472
2404008636
2417072724
2424887744
2433823192
2439861836
2446892752
2453282354
2460335540
2466555652
2472426248
2478437512
2486951612
2493717380
2500681316
2506185348
2515069424
2520186780
2525818560
2534701452
2542334008
2549006400
2556663812
2562400458
2569514772
2575539488
2585424312
2595296884
2605033500
2613792910
2620720172
2627910950
2633915564
2639942478
2652677292
2663136084
2670994864
2677865674
2688255152
2697298320
2703760020
2709935358
2717722316
2726613272
2732852396
2741192660
2750585312
2760815342
2767771408
2777576472
2791413644
2797548222
2803299584
2813131056
2819998372
2828730630
2834401524
2842069226
2854116612
2859783996
2874252748
2881893246
2889002312
2896661506
2903445708
2909743240
2919423164
2926041688
2935127804
2944252108
2953768364
2967390920
2975364480
2984929018
2992916328
3001201856
3008233408
3016327708
3024992720
3034291578
3041389536
3047810104
3055341432
3064069212
3072632284
3080252190
3085872384
3095357018
3102200020
3106855062
3114158812
3120419152
3127178372
3134751652
3143158024
3149278332
3159738188
3167561922
3173377056
3182109000
3191899504
3200519758
3208895492
3218146778
3226650884
3238936454
3248895708
3262467926
3272766464
3278515588
3287281596
3296546306
3302164192
3307317078
3317262140
3326621038
3333270476
3338946314
3345674564
3356620284
3369487152
3376008812
3383826224
3391361440
3406054216
3413792772
3423127100
3430974746
3442058324
3451103552
3461169136
3470603972
3478358732
3486466818
3495487808
3504011470
3512796680
3522164490
3531030628
3539866070
3549989568
3559126762
3567579456
3575955492
3583594416
3591220774
3599223576
3606710956
3614316868
3622632686
3630048204
3638143010
3643602636
3649185298
3658086876
3665085338
3679525296
3688867908
3697000140
3712182038
3720670968
3730091560
3743665408
3751965298
3759831076
3767478282
3775534144
3783828890
3793827600
3804089650
3811124576
3817488898
3827590860
3842388814
3850787016
3862037278
3874433344
3880664452
3887133000
3897182472
3907685884
3917737426
3926995620
3935006670
3941640472
3951704170
3958891580
3966339052
3975457280
3984038634
3991152564
4000801858
4009224268
4019554092
4028517932
4039649296
4047593304
4055581854
4063450616
4075626690
4082216176
4091688886
4099464084
4105639198
4116467912
4126384448
4135819904
4143457486
4153736300
4163094658
4171889484
4184081062
4193862844
4206353020
4222298808
4232081040
4241160844
4248811176
4258807844
4266212362
4276429664
4281803262
4291720268
4300623176
4311076340
4321202480
4329250212
4338955762
4349579488
4359577982
4367066000
4373248082
4382114964
4392826012
4402557824
4412468710
4420769972
4430477322
4437854156
4444779360
4457232940
4467545952
4477204064
4490073430
4499138264
4510394502
4519731284
4530806192
4541179908
4554997762
4564493812
4578824958
4590196948
4598974432
4609104536
4620307160
4631438792
4641234428
4648828844
4664216410
4675841176
4682839142
4694223252
4703013096
4715857264
4722045986
4732868964
4743845702
4755789948
4765224106
4773201992
4788864350
4802437416
4810652498
4818218060
4832036554
4839068532
4850858634
4858433900
4866929344
4883715572
4891443344
4901337368
4911731862
4922844136
4930469822
4939896012
4951250652
4963700156
4972624460
4981776812
4990862760
5003223860
5011912840
5025194540
5040696412
5048368348
5058677420
5070610604
5083163246
5096191068
5108654166
5120601060
5130518028
5147501056
5154675204
5170382148
5188511536
5199334124
5208431822
5223888612
5231000920
5241111660
5256212756
5263692456
5275817510
5288240384
5298975052
5309297320
5319102374
5331196796
5343495580
5356970528
5363731480
5375074484
5387090192
5395201872
5403024042
5416008236
5424019558
5434935360
5446045124
5455655072
5466583334
5486140264
5501070112
5511737968
5519104830
5528787692
5544435722
5553404508
5566044962
