10572
37320
59066
91028
130904
175104
253674
355720
417962
570532
650442
752864
909660
1095192
1260278
1377960
1511020
1684428
1897250
2145160
2441084
2616104
2905136
3172644
3532712
3796252
4052662
4294324
4738726
5154956
5383520
5735520
6193510
6655644
7045780
7347476
7701270
7995972
8404384
8897616
9411162
9891316
10266710
10676832
11018178
11418820
11974244
12508344
13246266
13895940
14760078
15262556
15914516
16530792
17245462
18011756
18709892
19341844
20281274
20896864
21634534
22432584
23257722
24019440
24903436
25713540
26312240
27157252
27892452
28534604
29238372
30102316
31092350
31972564
32645716
33327952
34165342
34873620
35572342
36412744
37293208
38316272
39405648
40157044
40997338
42147528
43451740
44692292
45596372
46790240
47801006
48839968
49718998
50995124
52300358
53509440
55032654
55978776
57094338
58613272
59823938
60690308
61609892
62686832
64149218
65392024
66756540
67954504
69341468
70239816
71682374
72766968
73922538
75313768
76392514
77373004
78427812
80084260
81522780
83170076
84385480
85349988
86723334
87763488
88830736
90868020
92582614
94425820
95880008
97736188
98939086
100086592
101573330
103885964
104939130
106412928
108399796
109765008
111558458
113360716
114440092
116231424
118129272
119803732
121376806
122744984
124045004
126026384
127557116
129244964
131063070
132525332
133680594
135709496
137716750
139388960
141712832
143415016
145613936
147936536
150304674
152377808
154844948
156574320
158293826
160624852
162554248
164368864
166186878
168044976
170272168
172039308
174056170
176117120
178121708
179926396
182527096
184242628
185392612
187823380
189934106
191906456
193917742
196773344
198726036
200617472
202717258
204911064
207643604
209772972
212021064
213902240
216451888
218726840
220987450
223513188
225510164
227332640
229831848
231607616
233328700
235331680
237349622
240428336
242903976
246094476
248723208
252025828
254507032
257002964
259117092
261198944
263955830
265850156
268019654
270123092
272766148
276276584
278216808
280933312
282913800
285468860
287508116
289737288
292638766
295640620
298479456
300225896
302924124
305538908
309086584
311715008
313796858
316813588
318910596
322299872
324840892
327643300
330169736
333454072
336203134
337893672
341300914
344257296
347675670
350681652
354201040
356624236
359123334
363184492
365595902
367918184
371202666
373357904
375874832
378609292
381352618
384221792
386872850
390256624
394641484
397528720
400026962
403082016
405785196
410140956
412838306
416742672
419578020
422994356
426709026
429342300
432535646
435394104
438320314
441773072
443939972
446651428
449613754
453071308
455742474
459723244
461844118
464392956
468250094
471016024
474881792
477546464
480926614
483835308
486742812
489101864
492767364
496452908
498677492
501751888
503863976
508389544
510722034
515137492
518974268
522913872
526067000
529304264
532396548
536405176
539637768
543692264
546670052
550861728
554402810
557182956
560160196
565571984
569901046
573000896
576071896
579820716
583525600
587098688
591335128
595029372
600371482
604705820
608205970
611668508
614391578
618531436
622232606
625677400
628809282
631903324
636961906
639557184
642457702
645841748
650230972
654143668
657433200
661281724
666066252
670451024
675087856
677488324
681797496
685655936
689032434
692666508
695911644
699138080
702599038
707014872
710950562
714487640
718294728
722407452
726195464
729264244
733326516
737104676
740011132
744229748
747855414
751566156
757041878
759660084
764380138
769445156
773710028
776368252
780188540
784682936
788353988
791994328
797571652
801593520
805260412
809600960
812724092
817345724
821044996
825535608
829858300
833816428
839464938
843166832
847696288
852042204
855839068
861883372
866786382
872611008
875725814
881465932
886156888
890110888
895863844
900008892
903490548
908035096
914170454
917944016
922400568
926439500
929783500
934144428
939973752
945756768
952039856
956248372
960824974
966368892
973528988
977513284
984405438
988574792
994452350
1000458092
1005554572
1010689484
1014289724
1018330452
1023752172
1029759160
1033482304
1037041988
1043768032
1049538748
1057169374
1061355020
1065873528
1070119160
1075496098
1080998444
1086291760
1091549208
1095978830
1102585136
1107348578
1112776768
1117346932
1121536188
1126020094
1130572936
1136141104
1141220192
1148217862
1152436060
1157939280
1163697804
1168755952
1174250260
1179235682
1184851596
1190886608
1195125928
1199069324
1202968644
1209463120
1214904072
1218766018
1223771220
1230210232
1235010260
1239757026
1244413712
1249350510
1255043776
1259995374
1264546364
1269219152
1273300348
1278251762
1282630584
1287159276
1291516756
1296723410
1301230872
1307837406
1315425652
1321767020
1327374392
1332164076
1336448528
1342133610
1347233092
1352259784
1358252260
1363358652
1367139208
1371233984
1375561328
1380318204
1384874144
1392394960
1396541024
1403356654
1409367960
1416776766
1421189276
1427340734
1433036804
1437786516
1441892656
1446753238
1452395988
1457602196
1464989340
1471409124
1478012444
1482280082
1488024844
1494343456
1500120276
1505098578
1511024592
1515429702
1522964284
1530220990
1536725272
1542521026
1546728740
1552541238
1557308728
1563359132
1569810476
1576837822
1584013844
1589203150
1595022680
1604131500
1610363716
1616964116
1622377636
1627498012
1632932812
1638064684
1642655308
1649877272
1655887712
1662164502
1667618644
1672862542
1679412220
1683628010
1689110280
1697713472
1702666036
1708652220
1713643976
1720381768
1726604180
1731077392
1735895956
1740419506
1745882332
1751804868
1757502904
1763172592
1769325776
1777081792
1783439588
1791064400
1797631628
1806136248
1814935112
1822254818
1827583504
1831555740
1838679520
1844824626
1854599116
1862260728
1869700708
1875534668
1883153736
1890900332
1898428760
1905063308
1911869464
1918246114
1922878460
1929880736
1937213016
1944332486
1950459036
1957000240
1961175976
1965953056
1972291552
1980862276
1987087308
1992493558
1999089068
2006761126
2014748388
2022838240
2029411172
2037864732
2045950400
2051325206
2058176820
2064717390
2071760188
2078411440
2086168740
2092687908
2100148388
2104502686
2112094172
2119151502
2129488696
2135951226
2144051032
2153639154
2159716728
2165637230
2170105568
2178816192
2186103344
2194226980
2198877608
2207473650
2214498484
2223800724
2230417456
2237238464
2244774360
2250888480
2258479348
2265635438
2271262636
2279717294
2284853316
2292237456
2301732452
2307436504
2312130020
2316629922
2322363740
2329547852
2337039828
2344598206
2354856576
2361427258
2371210284
2381652154
2391004800
2398337178
2405160612
2412136624
2420811724
2428856484
2434952492
2442123222
2448568820
2457411686
2465368736
2471005166
2477999808
2483693478
2491407736
2498364920
2506155948
2511941260
2520039592
2527256806
2535989128
2544556754
2550811604
2558515060
2566926600
2575132874
2582465672
2593914646
2601803316
2608618518
2616827092
2625077470
2632358608
2640854732
2651049828
2658300254
2666513024
2676091638
2686480316
2695760516
2702343980
2710140200
2719733448
2728136426
2738164932
2744821942
2749874608
2755949520
2766180544
2773450124
2781001240
2790604664
2795630592
2804623164
2810968408
2819353570
2825587972
2833864830
2841474464
2851221562
2857276152
2865436910
2872639456
2880226898
2885618964
2891962484
2897767400
2906996896
2914327152
2920074528
2928311100
2935896708
2945343968
2953332288
2962614648
2970816444
2978982156
2988825952
2998815228
3010848918
3019031204
3029104964
3040404484
3049492626
3059127720
3072034390
3078704548
3084416866
3092036816
3098631880
3109400880
3118183158
3127292420
3134835912
3143270224
3150424008
3157874904
3167275170
3175114896
3180890756
3189981260
3200570948
3213250600
3221336446
3230118512
3239048506
3246327928
3254746854
3260921972
3272875198
3279723216
3288071078
3297616232
3307201622
3314941708
3323195616
3334116780
3341828390
3348967060
3357522166
3366412844
3374031390
3382079096
3390068984
3399310596
3407648964
3415798396
3424729692
3436144404
3444037248
3452102732
3458900638
3468197216
3475338938
3481856972
3491861094
3503662460
3512460314
3519375028
3527912478
3534846752
3544331622
3552556756
3562128658
3567891080
3575854858
3581648740
3589251636
3599672320
3608394758
3614803852
3624890688
3631364224
3643172202
3652839464
3660821776
3671468868
3684394260
3692168704
3700979576
3707631328
3720093172
3727688012
3733713962
3743201784
3751709726
3758211552
3767358130
3776218052
3784218906
3794909040
3804046558
3817684148
3825558654
3832774412
3841747064
3850564008
3861273554
3869615252
3877683838
3884899700
3891826738
3900124036
3910973198
3917911756
3926939842
3937780468
3943278470
3953324364
3959294722
3968613732
3980270370
3991073000
3999907720
4010768596
4019614962
4031164536
4043156230
4050733760
4060532294
4066557956
4076585136
4085168672
4096509974
4104804212
4110950724
4119450328
4126846772
4139583924
4149923712
4160864444
4169213100
4184328804
4191643532
4204340852
4216688592
4226015736
4232122056
4244363608
4256662412
4268146080
4278440166
4287491572
4295368122
4304944504
4314189904
4322125080
4333948130
4341236976
4356199372
4367515060
4375534148
4385412888
4393226970
4402776936
4411366650
4420067224
4426831230
4436334460
4444702612
4453745436
4461310224
4470617748
4481066010
4489667856
4500602926
4511004872
4519182318
4528823544
4542588454
4550733636
4562043472
4573600820
4580024372
4592575796
4599125666
4610531356
4620450400
4627698396
4639466072
4648406684
4658454286
4670653720
4681829040
4689910300
4704780198
4715472968
4727667840
4738393112
4745318282
4753481688
4761119812
4772640204
4782298354
4791671980
4800581178
4809292120
4815825150
4829583320
4838833326
4848740484
4861530992
4869989792
4881300732
4893044580
4901875330
4910122456
4919481924
4934612064
4946216574
4955142196
4965580692
4976161468
4986174982
4993263500
5003243458
5014761280
5025238890
5035310208
5046420788
5057774052
5067314804
5076087108
5085256164
5095149948
5107175162
5116875316
5130911426
5144360444
5152534916
5163041848
5176146932
5188499608
5200225774
5212113088
5222257600
5233707608
5242150306
5250082248
5261697878
5277068632
5288062690
5298866200
5310166544
5321909376
5330518844
5345172228
5355826084
5367711256
5379040530
5393556912
5403236534
5421969956
5432297834
5444075956
5455805718
5463880392
5471328388
5480301924
5491531198
5501009476
5509972578
5517649804
5528703128
5537201468
5549382574
5565006804
5574528328
5583472900
5594588544
5604330648
5614061968
