6270
31952
87974
146656
204936
282252
352214
441656
544308
718140
852704
1055700
1181548
1387480
1594848
1806992
2012594
2185904
2370400
2688616
2951098
3244208
3519896
3826056
4137206
4412940
4754398
5009492
5423620
5671536
5985654
6367652
6924196
7342868
7795478
8305900
8664252
9006004
9420752
9868532
10365192
10748864
11300666
11822916
12258356
12764996
13541416
13974464
14495624
15269320
15773084
16420880
17009400
17549476
18149226
18747668
19625580
20354484
21083762
21899996
22453544
23099820
23815096
24503092
25361464
26248228
27133392
27946400
28840644
29418580
29983688
30900120
31680962
32477400
33213156
34121036
35028886
35900164
36846190
37638548
38588150
39560888
40417722
41613724
42759872
43729492
44451428
45751352
46808790
47773388
48641354
49681580
50654076
51613900
52719044
53791416
55011502
56187812
57326772
58110788
59256200
60228452
61318048
62693380
64212482
65656152
66738782
67937208
69414888
70718828
71736850
72984208
74424068
75428704
77291410
78252944
79695210
80814656
82410638
84056848
85285198
87232020
88833830
90534300
91735320
92840284
94247700
95854800
97671242
99090456
101452954
102655296
104334576
105790484
107294264
108602608
110153984
111982464
113477992
114865664
116440066
117952536
119758878
121664604
123590714
125341200
127391222
129097848
130809434
133459252
134971622
136785016
138265824
139949340
142294806
144272164
145328200
146800708
148283932
150613220
151870876
154516772
155955558
158018300
160448818
162119760
164672598
166048868
167846500
169793800
171740886
174145836
176161248
178503472
180526702
183111692
185879850
187133436
189528450
191596352
193736780
196033372
198570318
200783968
203485500
205683924
207451678
209682932
211899824
213905752
215981670
218487812
221387638
223815108
225961352
227822636
229544472
232249124
234545474
236767820
239306462
241711116
244177408
246200320
248286938
251063684
253397812
255119808
257864530
260587768
263026654
265519912
268227818
271150436
273942668
276464780
279367974
282840624
284739682
287103336
289350354
292918740
295440678
299356116
301975554
304667592
308070270
311757296
314646398
317342408
320936404
323539000
326180932
328455284
331299644
334194048
337064696
340672848
343789796
347243768
350050552
353193564
356559452
359949232
362961424
365834148
368691794
371338840
373550094
376265676
379138010
381216956
384334928
388025612
391539558
394103356
396843354
399264096
401770600
404647472
406591954
410382116
412825612
415972128
419136456
421574740
424638928
427671480
430836894
434216468
437596404
440316008
443554908
446538940
449850758
453705128
457454304
461000608
464211800
466829992
469837802
473486712
477103794
480740396
484129272
486877668
489614094
492315256
495642320
498072096
500557102
503438696
507332936
509525472
513372418
517730400
521712634
524625024
528558310
532458704
535368142
538830404
542025984
544499700
548373862
551420200
555016112
557671008
561179724
564938652
568055398
572456024
575722360
579362776
583502592
587058148
590322024
594423720
598983790
603205236
606860336
610370308
613208374
616383440
619914524
623326412
627864180
631029284
635248634
638076496
641829308
646007756
649609770
654219656
658788196
661797644
666938378
671365092
676435320
679601076
684387424
687001404
690999528
695029148
698318988
701775116
704451896
708691900
712508318
716477492
719866326
723194416
727450858
730024040
734724608
738608940
743275668
746872632
751044184
754533244
758398054
761987112
766357052
768782440
773775218
778542288
782780124
787376312
792478618
796942948
800675198
805464040
809319886
813336024
818375230
824270160
829126436
833341280
838952504
843809544
848393594
851090152
854712350
859656556
865364450
870637628
875307418
879646100
883369054
889523008
894856488
899244104
903216144
907114004
910496540
913564780
918687254
922884272
927001694
930520680
934444274
937848872
943338512
947994620
951851086
955936616
962239208
967736772
973333538
977085864
981696682
986003652
990695200
996074460
999512750
1004597384
1008713908
1014468408
1018646070
1023605724
1028283104
1034990856
1040012478
1044771604
1047609100
1052191528
1057151486
1061746736
1067728186
1073178460
1078636468
1084789668
1089718906
1095032244
1100843592
1105959460
1109970898
1113368072
1118082450
1122118464
1126289710
1132217900
1137121866
1141636976
1146055178
1149747076
1155366510
1160510604
1164827954
1169783976
1176357548
1183209720
1189196882
1194301252
1201290606
1208751932
1215003160
1219981032
1224590552
1230083504
1236041328
1242206756
1247430946
1252370468
1256335534
1261289444
1267492208
1273958220
1279323492
1286071472
1293204418
1297326276
1303280882
1307049764
1314446212
1319506736
1325301714
1330507224
1336895944
1340435632
1346077088
1351798176
1356030240
1361281840
1366382882
1370665896
1373943552
1380161120
1385339638
1389967600
1395534540
1400914752
1407872990
1413405300
1418024242
1424213200
1428177564
1432882424
1438163866
1444999532
1449834934
1456359056
1461416850
1468485212
1473767688
1478518640
1482985160
1487328828
1493108854
1498275692
1505406402
1513532704
1519800354
1525215280
1531026040
1537658788
1541914932
1549175520
1553684804
1559885072
1566689712
1573629192
1582572900
1588271388
1594951952
1600774484
1605459200
1613024304
1619385308
1626408688
1632732622
1638977776
1646302922
1651530652
1659941710
1667332256
1675665136
1683424600
1689488122
1694287272
1698589212
1704841852
1709574918
1716355864
1720765570
1726490400
1733078322
1740121176
1746626136
1754428292
1761163596
1766351604
1773099784
1781843668
1787077506
1794914012
1801027858
1806977808
1813735700
1821414204
1829426082
1835362620
1841424906
1848538160
1855654076
1861338344
1866604118
1870735776
1878798304
1888145048
1894181588
1900581256
1908204678
1915743120
1921416654
1930100972
1936200980
1943462788
1948223918
1956928676
1963197168
1972452740
1978871280
1987760024
1993370184
1998273740
2004426282
2012142284
2018545722
2026918956
2033555804
2043524104
2050759080
2057043876
2063497350
2074072028
2082545488
2089661692
2096690388
2104296396
2110822640
2117463584
2123168414
2129727760
2136216950
2142991668
2148776766
2154669396
2160034428
2166334552
2171770444
2179682184
2187019366
2192836968
2200490044
2206991996
2215702072
2224730172
2230684492
2238491548
2244409636
2250780324
2256476178
2264062720
2271276990
2277299508
2286247360
2294468944
2301490746
2306237196
2314420780
2322385744
2328729338
2333753128
2341671328
2347396104
2355689304
2362131996
2369358628
2375817680
2383966266
2390424484
2397229762
2406284852
2412383698
2420787492
2428683434
2436557736
2444099080
2452335144
2460762634
2468529028
2476434618
2482723012
2490497308
2497929028
2507682454
2515692380
2523044240
2530278524
2537287244
2547700668
2553930854
2560319248
2567892514
2575210264
2580641958
2588649468
2595197822
2604104356
2611640694
2618114148
2624992924
2633188656
2640978202
2649841740
2658594104
2667227440
2675858014
2682545916
2691524500
2700321104
2708587772
2717644156
2726598640
2734758816
2742838734
2752499508
2760104244
2767812888
2776289794
2786108064
2796681476
2803048128
2811907856
2819312924
2824529722
2831125756
2839070878
2846414472
2854348890
2862160884
2870191888
2877899880
2886358452
2892855000
2900003106
2907738436
2916885392
2926629488
2937632604
2947899448
2955746650
2962297684
2970005188
2977110288
2988665146
2996886104
3006711874
3016610712
3024363550
3031296536
3038214862
3045177472
3051252640
3058781300
3064694676
3075758720
3084388098
3095255256
3102973718
3113596840
3122927170
3132941724
3139527390
3146985008
3153990678
3163150400
3168693804
3177681368
3187304070
3197315692
3205889052
3214864176
3226481756
3234491120
3243657796
3252270508
3260267940
3268668724
3276059470
3283746724
3292548296
3301900284
3310545442
3319496024
3329846356
3335236316
3342799614
3353638240
3362536820
3370777068
3380843670
3389970852
3396790228
3405321912
3415423150
3420643688
3429442984
3439449576
3450794496
3460287864
3473141068
3483096396
3493249524
3500826260
3510919784
3517120900
3528422828
3536832780
3545426704
3555321456
3565020562
3572496848
3583771280
3595288380
3601759698
3608805700
3617155408
3624317472
3631001136
3641172408
3648354158
3659167812
3667999576
3679249404
3687293234
3696820960
3706780362
3715072540
3725645086
3738878280
3749426290
3756640352
3765926936
3774989028
3782228600
3789591476
3799065432
3805117408
3812927838
3820150816
3831715944
3842978148
3851899666
3860230464
3867735004
3877547476
3888084454
3897689960
3909944682
3920339624
3932441220
3943798028
3951627664
3961568036
3968939128
3977071368
3989179792
3998100516
4007261706
4014439080
4024775970
4032723532
4042460296
4051182228
4061251600
4068810812
4080142130
4090730272
4097138800
4104851204
4113803660
4123455708
4133844010
4144226656
4155113826
4167324380
4179663660
4190647528
4197301450
4204230076
4210738472
4220949500
4231167990
4244083980
4255522412
4265624824
4276589150
4287936232
4299220956
4311707620
4321566592
4331689256
4341002506
4351223944
4361291302
4372017840
4385141412
4396012772
4404469040
4415586888
4425219688
4436257904
4446717164
4456005512
4468845468
4478363268
4492043792
4500604236
4508370488
4522025604
4529545268
4540057328
4548110128
4557023680
4567688372
4576015296
4587677822
4595350504
4604136542
4615374636
4622613440
4635904736
4646687558
4653808612
4667332898
4676294744
4684958766
4695068628
4703451256
4714514332
4726006970
4738319936
4748303128
4759769284
4772786386
4785952204
4797157786
4807908628
4820076590
4833531740
4840261194
4847324140
4859469548
4868314540
4878943654
4891813436
4903646372
4916820508
4928891830
4939750300
4950989110
4958090996
4968239916
4975904656
4990609960
5004363240
5011533200
5020397224
5031001634
5040113992
5047844640
5059175232
5069545798
5081725108
5094753930
5103141540
5117391512
5128755972
5138737694
5154600124
5167639910
5179879136
5194203424
5207239088
5216474330
5231379180
5241780062
5250934640
5260004956
5269405824
5278690562
5290371380
5303511926
5312774348
5321238108
5332069128
5345321332
5356699864
5366569226
5376380564
5388500888
5401642564
5413980240
5426745056
5437344804
5449575392
5459619824
5468777532
5481258506
5490714224
5501365462
5513161496
5526408934
5537778572
5549652808
5561537032
5574221748
5582874256
5593466654
5602569944
5611690834
5620127100
5632298746
5643634068
5654119088
5666483164
5677710414
5688264972
5696032284
5707437540
5718695532
5730230776
5739491682
5752547916
5766144238
5778440760
5792367756
