15834
33008
61140
121400
172048
235840
310984
475616
556848
655048
802748
947140
1095764
1243516
1465248
1666556
1905852
2162488
2386354
2629624
2976406
3257836
3532420
4026848
4311380
4585172
5112756
5454148
6088536
6470660
6945966
7401772
7719060
8045508
8713176
9157668
9609912
10194904
10633460
11131864
11565124
12013360
12431502
12895732
13410844
13856092
14680008
15100596
15804522
16376280
16926418
17420456
18163652
18661784
19453238
20126488
20771452
21866108
22391508
23165524
23794268
24613980
25381168
25936360
26635328
27412608
28093578
29058076
30172030
31032364
31670788
32415468
33681394
34625340
35606072
36522876
37613880
38601728
39383356
40969204
42035120
43054292
44719020
45444240
47387478
48224636
49148450
49936484
51118442
52306564
53556174
54786868
55682594
56605680
57674068
58844072
60339714
61620124
62576006
