3604
22536
60238
92444
133980
194388
242996
323836
406636
561960
714674
877484
993186
1136568
1324976
1552544
1786146
1963584
2157620
2415964
2643666
2919224
3316930
3557492
3858806
4219672
4447116
4808844
5175434
5519060
5833868
6157944
6522842
6855736
7254550
7733344
8161274
8528180
8953624
9498488
9951976
10420112
10839694
11552092
12156298
12755180
13329144
13944692
14466710
15186832
15905256
16561320
17311232
18011384
18813064
19377544
20004704
20762432
21428026
22184160
23137542
23852960
24468782
25214076
25831518
26754752
27582030
28121312
29130062
29768384
30472880
31088256
31907706
32692392
33711066
34538400
35227432
36197272
37244284
38578140
39187392
40065796
41076630
41840452
42887734
43874776
45322104
46341368
47546694
48182576
49642012
50488776
51536036
52439932
53603592
54398604
55338998
56612596
57985526
58995288
60179610
61082940
62215886
63856104
65062676
66200900
67221478
68732736
70179416
71616560
72882206
74123504
75395156
77046140
78297850
80072512
81463248
82542136
84528506
85999880
87808344
89180068
90580908
91700756
93071638
94751040
96088470
97433968
99517442
100814032
102390342
103813364
105521494
106978940
109018298
110479336
111891940
113445748
114986868
116424088
117599358
119284472
120866924
122624520
124439212
126646124
128371952
129684532
131380094
133510760
135530618
137441648
139427046
141567144
142937324
145297760
146783326
148838808
150577844
152420392
154302266
156057904
158237774
159870068
161061030
162409256
164424052
166917064
168543826
170713552
172368576
174441328
175572280
177663888
179313216
180949796
182835650
184413912
186225288
187590680
189290710
191927908
194467760
196918752
199247906
201558436
203963382
206433480
208084268
210706712
213047236
214841664
216213600
218412816
220817160
222483792
224368534
225933460
227461900
229796960
232346762
234449516
236861996
238616292
240782700
243158888
245971342
247922464
250183114
251838244
253575454
256400776
258897534
261767180
264284184
266982564
269835572
272246448
274544934
276872964
279037194
281244824
283887034
287112720
290100276
293860684
296397624
299349724
301421252
304633752
307409438
309301740
311421732
314541816
316800588
319701076
322835000
326820032
330190674
333586452
337202064
340552928
343212410
344816740
348879372
350799408
352915938
355285252
359796724
361595272
364737476
367040180
369419776
372340700
375172328
378321908
380945578
383897140
387072674
389845144
392187006
395094184
398115588
401663872
404585426
407663672
410574908
413830892
416964644
420718300
423235366
426486252
430012938
433079568
435125524
437604840
440086108
443493512
445838016
448895316
452550316
456670448
460804822
463537212
466776178
471207640
474404680
478365772
482126866
484760544
488708408
493082536
495971980
498697808
502053288
505241384
508711640
511666144
515101822
518468936
521949706
525554908
530566060
533834496
537774272
543363412
546211878
549265788
552671618
557569600
561617970
564341864
568135162
571454500
574571168
577929264
581985038
587097248
590911754
595288088
598067834
600678044
603930822
606807652
611147442
614163284
618873148
622732588
626060522
628209104
632740046
636338756
639684006
642300344
646259260
648818316
652870472
656524892
660324178
664010224
669165600
673096616
677294598
682211072
686367808
689887408
693371158
697493056
700270626
704169100
708399186
713742748
716920760
719950680
723036066
728770788
733134776
736004716
740894410
744761000
749149840
751766392
755328884
758389376
763735710
767218040
771469168
776099872
780406148
783713696
787264192
790363612
793785960
797080652
800271910
805460272
810762826
814335824
818529982
823698836
827401538
833217976
838925964
843710848
848839090
853607460
857170714
861558600
867464126
873211228
878699474
883107968
887655968
891137792
894689476
899407636
904153650
910715776
914368600
918479300
922022238
927221520
931507146
935882260
939314408
944692336
952303768
956184172
960025600
964843164
969745982
973781100
978390462
982333256
987965964
993139496
997549810
1002255564
1008329364
1013708504
1018286636
1021728336
1025106368
1029396352
1032809722
1040016912
1044213420
1049621996
1055218346
1059316376
1064439078
1068516356
1071916838
1077171692
1082213682
1088239344
1091822712
1098653116
1103837614
1109246464
1112647934
1118303508
1125091962
1129473492
1133927554
1137738188
1142492594
1146171188
1150478576
1155919672
1160946922
1170009292
1176485550
1180812364
1184718778
1191075688
1197536934
1201540952
1206533604
1212063212
1217656724
1224446108
1230152678
1233860660
1239847714
1243098748
1249986544
1255401388
1261350688
1265437688
1271127712
1275756452
1280422046
1286473308
1291242336
1296305336
1301369328
1307911000
1313863908
1320672420
1328480462
1334773972
1343075340
1350653708
1355988714
1361860640
1366757020
1373906372
1378478516
1383565528
1387553910
1391382964
1396609464
1399877252
1404873940
1414011476
1420225600
1426121248
1430697474
1436068036
1441794178
1447002944
1453020096
1459330404
1464171924
1468639808
1473307280
1477758948
1481200368
1486471820
1492773816
1499816080
1507805682
1513925560
1519418252
1524684140
1528426058
1534367052
1540094618
1547824684
1554342738
1562727880
1568787236
1575219880
1580607994
1586654284
1593900696
1599710080
1605885034
1611810560
1616473982
1622101780
1626452724
1634066124
1639944092
1645367788
1652554202
1657414548
1662110358
1670191272
1679765712
1686803192
1692458136
1699411164
1705919454
1712417388
1718594580
1723327132
1730942334
1737430908
1742211190
1749738504
1756922662
1762189740
1769561076
1776189128
1783716750
1788733780
1793083054
1797842964
1803629362
1810180904
1816164570
1823344960
1829421618
1835312424
1840298362
1848340388
1856172938
1864067808
1871887566
1877219096
1883271330
1889951908
1896721966
1902419308
1908261528
1917239004
1923505022
1929742292
1937387816
1943151344
1950863220
1957304356
1962785046
1969987516
1975928896
1980562180
1985728330
1992594684
2000449396
2007527356
2014491714
2019744876
2027562012
2034739140
2039912426
2048237880
2056877310
2063060224
2070654090
2078292676
2083567836
2091642744
2099390494
2106251208
2113696832
2120455192
2126522696
2132387332
2140423968
2148804616
2154495606
2159277420
2168451828
2174210528
2178909556
2185624336
2193314338
2199660244
2210617778
2217603760
2224568404
2233142248
2242292234
2248567092
2256581574
2265290716
2270927250
2280511192
2286944628
2295737820
2302544346
2310961332
2320743468
2327002932
2334237698
2343825448
2349283826
2356933100
2362982564
2369409964
2378940024
2384915580
2392007274
2398090864
2403374080
2412161172
2424224836
2432766148
2440101190
2447954348
2455508650
2464576156
2472864726
2480667332
2486478576
2493433068
2505348034
2512338796
2519146772
2528598696
2538651828
2548602100
2557022694
2565186700
2572388470
2579980768
2590574948
2596346044
2604508388
2615067612
2621595730
2628609540
2634226326
2643924172
2655513744
2663678424
2670776670
2678271168
2686289498
2694198512
2702199000
2710572620
2719048726
2725043348
2734155718
2742776888
2751347260
2759989676
2766796552
2776622756
2784351320
2792079304
2799034018
2809743216
2816572586
2821806724
2829376488
2837128884
2849787652
2858567620
2869600100
2877824208
2885283540
2894040700
2900541286
2909484928
2915952030
2925709412
2934838890
2943185896
2953438112
2962919648
2971035182
2979571356
2987222072
2997342772
3002646030
3012962256
3021469824
3031393916
3043316330
3049710672
3056564668
3065010644
3073647254
3082160452
3088859572
3097372364
3107595466
3114962544
3123512766
3132703440
3143404906
3153287564
3158205124
3166833332
3173999606
3181764128
3193106596
3201016948
3209849328
3215624504
3222308002
3230426672
3239427534
3246244984
3254028894
3265540992
3276728912
3287392880
3295256208
3301740384
3310206672
3316811668
3323844356
3333463352
3343267098
3351471672
3363417990
3373987936
3382074272
3391145564
3401139114
3412195800
3420867586
3428376900
3436133382
3445330320
3452900956
3460583104
3471350178
3479172476
3489075362
3501955196
3513305028
3524283204
3531185152
3540388960
3548890468
3556272112
3565816364
3574373040
3581162450
3589845848
3600934296
3611572536
3619277922
3628219308
3640198828
3651049040
3662981646
3671481572
3677671038
3683978704
3692218426
3701459828
3710808156
3719457852
3726580248
3736851920
3744913032
3754750160
3764347692
3776719784
3785284508
3792696864
3801596612
3810188820
3819738938
3828063720
3837550616
3846740000
3857990776
3869262940
3876468528
3887131720
3892992028
3902198856
3913564226
3919091180
3930948742
3937484904
3944716314
3952107748
3959550098
3971060352
3981084024
3990865148
4002835442
4010357096
4018380462
4028003208
4040187696
4052332220
4061112964
4070517600
4078765534
4088084024
4096807498
4105190228
4116718378
4127170760
4138767960
4148352284
4158574898
4169833120
4180544738
4192699512
4209376164
4216801840
4223101154
4234214648
4245879378
4254766808
4271302156
4280459624
4289744750
4300749996
4310471704
4319103832
4328295830
4339108684
4349404798
4358263308
4369985596
4377687392
4384280754
4393700188
4402899450
4415053168
4426756472
4436800376
4447499608
4457299028
4466136802
4479295068
4491100042
4497177132
4506902050
4513846420
4525534124
4534462652
4548474718
4559075076
4570464458
4580312660
4589084946
4601527324
4616388290
4625557228
4634845024
4644870504
4652622972
4666311728
4674952540
4685371624
4697508464
4708367964
4719054500
4727457044
4736314094
4751326864
4763054030
4775052204
4783714926
4795120080
4806310152
4815246720
4827695292
4834939728
4845861362
4859971252
4869549602
4879833600
4889743026
4897853596
4908180970
4916555472
4934448566
4946939804
4955414348
4965031824
4975005274
4986830552
4998913786
5012892372
5027109068
5038984736
5047801354
5059931580
5074635724
5086003164
5095540000
5107456624
5121579610
5131432340
5141428654
5158043892
5169842134
5178947372
5194305434
5203707724
5213193366
5226212892
5235408364
5246875968
5256534596
5264777776
5273809374
5285856524
5295564920
5304883468
5315726418
5328560192
5338323288
5347088588
5358099052
5370341368
5381943880
5390464820
5405916220
5415376604
5430503648
5438434636
5448941454
5459455580
5469194400
5482052620
5489231872
5504981708
5513981752
5524239476
5537489750
5544692296
5557097534
5570953176
5582403050
5594853868
5610327652
5618539412
5626982298
5637630936
5649183758
5662464356
5676843208
5687996700
5700500212
5708281284
5718290042
5730619528
5742818044
5757432916
5768713818
5783343000
5793210774
5810000068
5821978340
