8792
28272
49266
96956
171260
268480
351470
435180
515758
596912
722434
858724
977152
1143436
1331460
1529056
1705190
1858220
2092348
2277172
2479090
2704936
3026104
3277432
3526536
3827352
4100176
4455700
4862684
5162728
5605516
6027912
6348962
6831640
7185716
7582840
7960456
8392564
8937424
9313600
10012780
10586688
11079884
11740600
12209794
12578492
13027954
13554160
14010084
14493008
15224314
15901948
16334782
17038584
17663820
18171136
18684458
19329044
20484534
21132500
22031920
22791920
23657192
24261276
24949646
25985516
26804796
27541416
28586370
29418724
30287740
31182680
32050238
32871740
33655540
34490816
35262250
36021496
36984302
37899704
38579900
39413064
40183018
41134900
42061156
42922916
43763344
44844536
45822144
46989256
47932992
49145200
50103250
51208760
52750324
53631800
54515538
55550900
57088126
58295148
59633512
60739908
61619982
63079192
64146408
66054456
67223482
68284712
69318268
70591364
71800924
73239768
74539954
76131700
77281088
78829348
79893124
82159232
83329926
85176224
87078738
88473684
89844414
91027780
92683780
94148532
95468424
97009464
98561862
100047880
101569032
103584432
104671066
106169640
107415800
108835596
110197444
111766600
113348150
114510548
115870070
117529492
119218214
120843952
122559608
124606104
126019038
128187844
129966510
131507968
132879286
134971176
136531810
137805440
140028042
141532892
142959638
144722552
146007946
148595488
150297898
152482024
155062180
156755504
158594126
160593008
162584932
164421128
165968740
168098096
169928148
171741428
173176554
175452252
177738428
180743708
182613010
184537092
186701374
189171224
190945408
193116644
194942170
196973220
199777116
201965892
204011212
206200444
208344456
210191864
212676624
214469188
216186916
218579444
220122726
222550988
224228334
227200820
229261320
231515072
235149702
237849848
239768348
241625288
243864964
246372556
248612640
250925984
252673768
255553704
258701310
260139760
262118540
264519780
267595764
270980028
273369328
275391064
277695950
280466856
282698586
285310848
288696250
290879464
294273352
296487580
298082016
300046596
303440116
305443700
309002912
312311584
314363174
317986868
320248720
322293200
324563296
326626820
328885730
331159004
334206608
336884372
339638792
342504280
344792308
347462840
350862010
353462356
356267060
358764320
361664548
364631264
366763280
369281068
371319684
374388260
377358694
380472364
382344416
385235188
389139174
391593044
394534174
398114556
401317786
403517152
406807492
410075776
413317832
417223056
420099354
423727900
427334948
430522820
433546242
437189692
439730718
442155724
444519362
448002712
450942406
454871472
457634096
460726904
463211386
466183020
469000894
471441912
474204676
477087952
479257636
482454644
484868448
488407992
490939432
493111268
495820756
499455952
502772348
506272136
510751970
514654480
517905248
520317884
524521772
528966052
531137482
535009648
538026250
542941456
546037144
549880892
553402432
556891840
560408986
563405620
566271800
569368912
573197372
577436400
580082188
583154804
585692610
589231360
592201210
596347832
601397016
605076972
609165686
613536648
618722666
622826176
625955002
629938884
634408314
639204204
644805898
648265784
651754692
654332208
659252792
663796272
667603430
671251276
674637488
677062984
681097132
685556508
691799172
695801348
700472758
702794692
707801996
711847748
715145278
719295088
725281316
728903096
732383766
736762892
740719224
743126416
747629630
751585624
755755264
759924820
763134492
766969292
772336148
778177260
782903696
787839252
791741902
795089764
799789834
804315968
808836596
812722820
816716952
821174004
825097798
830776208
834443402
840214352
844572300
847403624
852783022
857177100
864643790
869056668
872943794
877455752
882340132
886447092
890264718
894315496
898694804
902624220
907308824
911551788
916681086
921124432
926203708
931647296
937746778
942657200
947863328
952178428
956614602
959858240
963068934
968050868
972389036
978292408
983190214
987661792
992329888
996998272
1001497452
1006227200
1010504546
1015490404
1020333186
1028001124
1033132906
1038816280
1042732952
1049151288
1052589190
1056711604
1063197842
1067167816
1072585038
1075994080
1079481152
1084642984
1090422134
1094923904
1100009148
1104776036
1109316764
1114765400
1119785342
1123560928
1127338502
1131575436
1136202954
1142092000
1147483342
1152617592
1158338668
1162935788
1168709498
1172200700
1178406532
1183485068
1187103562
1191129452
1197917200
1202353844
1207851222
1212882212
1216748542
1220662708
1224360372
1230512192
1234645052
1240299492
1243665228
1248761368
1255197524
1261383028
1265980938
1271822696
1276488134
1280685640
1286443066
1290844076
1295053648
1299178204
1304947510
1309439120
1316625482
1322349132
1327905382
1333910500
1340159194
1343951976
1350812576
1358033472
1362175980
1368545740
1373321508
1380501080
1384586908
1389502272
1394861938
1401501696
1409208538
1414997860
1423384058
1430143252
1435072798
1441839820
1449374396
1455543372
1459490802
1464102324
1468349720
1474888680
1480025986
1485379460
1490657152
1496651420
1501720714
1507331372
1512549998
1517010948
1522149256
1529101108
1533550818
1538418072
1547126558
1553107868
1558408782
1563804092
1568978820
1573448360
1581767896
1587808300
1592921910
1597828908
1605370318
1611441540
1619201410
1622573208
1628441324
1636811632
1641261620
1645991716
1652574746
1658334572
1665437104
1675589080
1682713720
1688952252
1692932386
1699662880
1704109368
1709503740
1718360886
1727166836
1733286386
1738346292
1746366130
1751623896
1758213230
1763227568
1769909146
1779310116
1784720922
1792854336
1798091950
1805222280
1811841380
1816633628
1823165314
1828076072
1835419262
1841994616
1849193980
1855504896
1865085052
1872929628
1880471430
1887300804
1893083226
1901970408
1907713598
1915782660
1925262572
1931206992
1936543728
1943412964
1948223348
1954860028
1960284380
1968190060
1974173690
1979858296
1986423570
1992579824
2001456982
2008639076
2014849120
2021460560
2031597074
2039883316
2046091826
2056270556
2061416706
2067075384
2075722138
2081558932
2086940266
2096729000
2104505716
2108565264
2114070862
2120148728
2125472176
2131598512
2137412046
2144475272
2150047532
2156830440
2162957572
2169158012
2174596330
2183962640
2192170926
2200303064
2209382850
2214561672
2221838588
2227953912
2234635074
2240276004
2247103468
2253754552
2262594916
2269971660
2279673816
2284473368
2291012966
2298085044
2304093288
2311585072
2319995026
2324641752
2335710488
2344272636
2351941864
2358948272
2363767164
2369959548
2376423738
2383040684
2391450530
2398675752
2406717546
2412914236
2418387468
2425162236
2429610526
2439823724
2446807516
2452035052
2462893196
2468516596
2475445804
2481394648
2487532104
2495968600
2502530904
2511018904
2517824752
2525032968
2533787058
2539294100
2546414790
2553792284
2561933854
2571624440
2576617298
2584309172
2591202850
2599416348
2608606446
2616217772
2623184676
2632444260
2639671124
2644845496
2650967672
2660381500
2669454352
2675607032
2680487728
2692374752
2700707354
2705534312
2710868188
2718239788
2729749118
2735641692
2743908734
2748863216
2757417966
2764477456
2771357500
2780505384
2786919856
2795210100
2803224790
2814793472
2821589178
2827500204
2835629250
2844458176
2851985482
2860322360
2868328902
2876493724
2883375062
2891462512
2898794334
2905478868
2911867212
2917854072
2928041600
2936177292
2945586442
2954467048
2962947642
2969314888
2979115272
2986721020
2994075950
3002034716
3011991214
3019215904
3027818730
3034875184
3041236532
3048238840
3056376884
3067158460
3075841030
3083457656
3092139586
3097910780
3107968806
3115132892
3121302088
3130074476
3138942358
3147738940
3155641700
3163474804
3170597074
3176732404
3183787782
3193069084
3200129786
3210086040
3217467960
3226127232
3234343570
3245240940
3254475726
3261212608
3271530714
3281238012
3288016434
3296442928
3305130426
3314611604
3322209998
3332796436
3339545230
3348404256
3356511750
3363838868
3373359916
3382276076
3391119612
3397923816
3408936482
3417545332
3426462902
3436009868
3442916944
3448993728
3457466852
3465996916
3473937166
3485636172
3493157426
3501766860
3510786774
3520562952
3529605690
3537061024
3544669050
3554147240
3561167110
3568899936
3577192204
3586992772
3594428760
3602402152
3612625546
3619095316
3629026982
3640438032
3652129756
3660203444
3668779298
3676829900
3687785394
3698876624
3705685454
3712377072
3721747090
3731354256
3738662704
3747893640
3755888014
3762216340
3769507456
3778778540
3790486580
3799440480
3806057444
3818756460
3826416132
3840758276
3848505216
3860005272
3868049084
3878437512
3886023478
3895234304
3903739572
3910268876
3919453616
3928856804
3940071658
3948229524
3960226928
3967718552
3975006036
3983410700
3996954432
4011665040
4022667030
4040162480
4051734580
4061261036
4071338090
4083094572
4091893794
4104564260
4116049654
4127190024
4138093116
4146666488
4155277866
4162893744
4172691518
4179783876
4193297650
4201106744
4212559186
4220782312
4233324430
4243599340
4253197256
4263398144
4271122082
4279914252
4290674552
4306774032
4313932258
4321482976
4328763606
4338712900
4345122274
4352967780
4362721700
4371632512
4379838714
4386559496
4397180762
4407164344
4416377830
4425576088
4433578114
4441786512
4456704542
4469284400
4478917872
4487796556
4497751226
4510219664
4517798738
4527795632
4535159628
4542266740
4555122526
4568406792
4576701684
4587545688
4598007888
4607952504
4616711958
4625849696
4632677702
4645690348
4653691046
4662490572
4674861458
4685084608
4698176042
4709009960
4721875684
4732803944
4744321662
4751899560
4763546944
4771120564
4780364202
4791389536
4800201088
4810815472
4821589250
4829524592
4843722980
4855210068
4869579194
4881005224
4890203174
4900667980
4910879112
4919282944
4928396604
4937232512
4947719368
4957406372
4971431960
4981160724
4996996528
5007791488
5018066844
5027488016
5035098310
5049007576
5061438090
5073020064
5083186542
5097998608
5106556362
5116014116
5129208054
5142328488
5154609708
5162546584
5176102524
5185168296
5196414642
5205227904
5213457100
5221575288
5228789284
5240528700
5248221378
5264991968
5277340088
5286644584
5296830208
5308835100
5319620908
5328986188
5341750468
5351882384
5360247832
5370814492
5380903446
5390091484
5400191914
5408165584
5423440666
5432999968
5439629990
5449695472
5457567100
5468523396
5478853978
5487708540
5499208140
5509090560
5518360250
5528484108
5544266144
5556388164
5566937566
5574367708
5584018808
