6722
20880
56776
96404
144308
210700
273140
351880
433374
591600
724520
870188
1015034
1131752
1272290
1496144
1678544
1864344
2091182
2320404
2525800
2788828
2993722
3247748
3504710
3736048
4051604
4389040
4741976
5133392
5454702
5830052
6242360
6707752
7113950
7467876
7887080
8225996
8742936
9101996
9562642
10012092
10574602
10971204
11517312
11940988
12562924
13050952
13635138
14337840
14858164
15533404
16139526
16850344
17464750
18010728
18655152
19238088
19926746
20584016
21372444
21941952
22447918
23350920
23867352
24743136
25245692
26001416
26808734
27800020
28808838
29505948
30374724
31017200
31891500
32889372
33966960
34614316
35518968
36227792
37115284
37688980
38428714
39278580
39927340
40586332
41619856
42380156
43556094
44856272
45705052
46754744
47889480
48695908
49438326
50326536
51412388
52323296
53295014
54423504
55173748
56385980
57551272
58494952
59810328
61039256
62758026
63742944
65013760
66444424
67516656
68365412
69405012
70287676
71129284
72139576
73419112
74645956
76202004
77383036
78967534
80365004
81413700
82546760
83512886
84537348
86136648
87200228
88564766
89711616
91033608
92554608
94143232
95243816
96758348
98250636
99928944
100973884
102780680
104820864
106694674
108041896
109512094
110920512
112907390
114439956
116223364
117491896
118809858
121055140
122365256
124276272
126093704
127958216
129536922
131167212
132955412
134253520
135849104
137646332
139770308
141647364
143376944
145089548
146386974
147849832
149676642
151342096
153622044
154930064
156576882
157679668
159478978
161612864
163114368
165446248
167483756
169256124
171131718
173226420
174703676
176327864
178534104
180887528
182814054
184934572
187106396
189340220
190813398
192723504
194944206
196844388
198765644
200704148
202747810
204698084
206948442
209051484
211335652
213525924
215890536
218157228
219877382
222392128
224380026
226483424
229552614
232248584
234451422
236798920
238778040
241517812
243928270
246855132
249447766
251241364
253782250
256943632
259315568
261311252
263709848
266513376
268678198
270571328
272746004
274903360
277802174
280159832
282747094
285256516
288767138
290926496
292412606
294618408
296434854
299441424
301767346
304190840
307474310
309852032
312627072
316348972
319343438
321520632
324905124
327292344
331075602
333757272
336245432
338273408
340392794
342679668
344985510
347197948
350161194
352312332
355048648
357992796
360199542
361956500
364397340
366942704
369580720
372721576
376496988
378702876
382001268
385110244
387268652
389490508
392102332
395236964
397522824
401083644
403576738
405638012
407890372
411014828
413467152
415999176
419900896
423030108
426769714
431311208
435299854
437812540
441137770
444362528
447470222
450662320
454500736
458099800
461276552
463922260
466173356
469248672
472900704
476458480
480495246
483989460
486558730
488885192
491787776
493991520
497472264
500000976
503207850
507090516
510693984
514934600
517668222
520519020
523479618
527225396
531044522
534346272
537119610
539635652
542782570
546681972
550943736
554211444
557665382
560163076
563456920
566980424
569416526
573309396
576382976
580198404
584214172
588317140
592717368
596363816
599348096
602866928
605832024
610035408
613525694
617721608
621146234
624316108
627946156
631706304
635060518
640433240
643481548
646585964
650237970
654894564
658856994
661749372
666294176
669809392
674873962
678844460
683529106
687160856
691401556
695954812
699873834
703930260
706405668
710046732
713750138
719082832
722506908
726904464
729765138
732908500
736310306
741178772
744869558
748469648
753122528
758372672
762229414
766173864
769119322
773143576
776281876
780252744
783387422
786381316
789470660
793591020
798772798
802151360
807434192
810792144
814316530
817226332
824147606
829375932
832659776
836524724
840576064
844674336
848794508
851892240
856106788
860874248
865440446
869863092
874207192
878033024
882779282
888006020
891336252
895388288
898805446
903294496
906870544
911071928
914433004
918858232
923989726
929528448
933984628
938691832
941852206
946674172
950395564
954712616
958804160
963890908
967861512
973291760
978344862
982232428
986438972
991534452
996019796
1000954792
1005662318
1009992436
1013264592
1018305408
1024261244
1027661028
1033792486
1039957656
1044368466
1048280996
1053449016
1059283916
1063236980
1066301148
1069187354
1073934336
1077881522
1083765592
1087458356
1091841312
1096996820
1104334736
1109986746
1114191780
1118007058
1124314352
1130094594
1135559512
1139253356
1144955836
1151260478
1155887504
1163888710
1167731280
1174193858
1180389532
1184984490
1192397048
1196036040
1200094044
1204601112
1210333528
1215224736
1220939272
1225026228
1230123700
1235756304
1240114712
1246235104
1250964176
1256432610
1262745884
1267812572
1272113332
1279063158
1282690116
1289030638
1293713092
1297946368
1304515576
1309064196
1315838804
1321381124
1327809900
1332546656
1338239400
1341930774
1347323028
1352766026
1357199748
1362931466
1368960756
1375322904
1383425956
1387641716
1392906128
1397630910
1403780136
1408378380
1414705616
1419358644
1424124148
1430171480
1434987596
1439958490
1444966680
1451930514
1458446968
1463813316
1468072356
1473507096
1478856480
1482620026
1488231208
1494252856
1500572572
1504736660
1509017716
1513172394
1518960488
1525473802
1530659236
1534834290
1540479932
1544247142
1551815456
1558540540
1562968644
1569671080
1576530416
1581466132
1588968980
1594864968
1600119940
1606849994
1612996732
1618999228
1623386580
1629080004
1636217704
1643236842
1649915476
1654951270
1661388200
1668263252
1674603532
1680474568
1686184472
1691397318
1697561648
1702412878
1709665512
1715544654
1719790744
1724192436
1731655336
1736741862
1742630188
1748514150
1753997932
1759920352
1767897860
1775014764
1782001732
1789722170
1795138596
1801407556
1808835720
1815529516
1824444784
1829352244
1834768848
1841870670
1848197720
1853933456
1861480500
1867742352
1873985944
1881426370
1887787328
1893554814
1900226796
1905796360
1913545576
1921459058
1925762332
1929638292
1935135484
1942024236
1948847928
1957140704
1964348804
1971485490
1976587964
1981637048
1987992716
1993854584
2002123576
2010018806
2016009364
2022552364
2029490660
2034829548
2041683940
2047371650
2053376216
2059022756
2064938200
2069636836
2075160812
2082303632
2089511204
2096793760
2104565900
2110363102
2116889788
2125272346
2132074000
2138129196
2146252104
2151387358
2156795244
2165836542
2172587748
2179499932
2185022752
2191802940
2198406532
2205004712
2210512532
2216698396
2227693596
2232741250
2241217592
2247811848
2254832224
2261737162
2269514052
2279498610
2287750588
2296702210
2303477184
2310675946
2318851200
2327034114
2334023736
2341959536
2348002240
2355139364
2362283220
2366331770
2373702060
2380446322
2389631676
2396268570
2405354872
2411719118
2419087868
2425153836
2433192808
2438339392
2445485804
2451740638
2462374936
2469431204
2477121040
2485906958
2493299892
2500033670
2506156220
2512991314
2518568888
2527459594
2534992728
2541342908
2548566000
2556745834
2560763072
2568178426
2575954636
2583636202
2590802620
2601158968
2607374224
2617020398
2626590256
2634531800
2640071080
2647374600
2653582116
2661253032
2667023268
2677936344
2684064576
2690491250
2698510808
2706578490
2712002956
2720184594
2727362120
2733330042
2739502604
2745066518
2753560936
2763602880
2771802168
2779370022
2787108648
2792931290
2799452796
2806324000
2814278728
2821892122
2833180476
2839969164
2847212372
2855653658
2864567216
2873804832
2882652084
2890468906
2896811216
2903719462
2911236108
2919526866
2927015288
2935296544
2941113112
2949438976
2959247488
2969479672
2978289456
2987509336
2996031876
3004265618
3012373844
3019593056
3029528576
3036353572
3045189812
3056734960
3063815596
3070665402
3080699320
3091910448
3098477332
3106517182
3112705000
3117868304
3126340028
3136175820
3145704780
3153078794
3160339540
3169022702
3176435204
3184345032
3192924208
3201435258
3210983552
3220209854
3227692800
3234923174
3243360668
3250929756
3259697528
3270424024
3277251504
3284467674
3289545480
3298554184
3310059840
3318231566
3327196144
3333563960
3340897804
3349385776
3354514760
3364548106
3374865988
3382943734
3391747364
3400316884
3409779304
3418960562
3429123944
3435530364
3442977684
3450082354
3456241228
3466393344
3472882112
3481098412
3487908616
3495616452
3501443920
3512598272
3523363720
3530285360
3538571728
3548417272
3558521268
3567196628
3578494756
3588154062
3597149248
3607060628
3616158504
3623769008
3636178216
3646486072
3655236424
3661189642
3672811756
3683390578
3693767052
3704261274
3715564164
3725839964
3733614656
3741135350
3751953556
3762653134
3768517708
3777727746
3787093516
3797053472
3802669048
3811674580
3821652588
3829770382
3838737172
3846153028
3852999020
3861379656
3871120132
3881508228
3891259040
3901008874
3909373684
3919801552
3927546152
3937590536
3949552708
3959932788
3967762624
3980225184
3988925424
3995873688
4002974024
4011891026
4019745204
4030262622
4042536660
4050746616
4061164396
4070104914
4081025584
4091757574
4103153056
4110653126
4119430160
4130807036
4140927684
4149616688
4159852872
4167707894
4175669700
4184963388
4195520168
4204028778
4219575596
4229321882
4238252344
4246037310
4254377684
4266691842
4276013364
4285852808
4293949488
4301125840
4312746680
4326738480
4335003984
4342914908
4350251884
4357421136
4366079232
4377135926
4386437280
4395294234
4404632556
4412975480
4422324352
4434296978
4447764792
4457712030
4466277000
4478506770
4489342436
4500800134
4512059000
4523402086
4533906292
4541920966
4551006412
4561364030
4570136860
4580411488
4590889488
4604514616
4615795496
4622573628
4631555616
4643377700
4653552644
4661180126
4670229104
4677501716
4686792136
4693387282
4702966520
4711690654
4722911196
4732334670
4742958564
4749481768
4757384112
4770751890
4784879452
4794610260
4806865196
4814545868
4823656444
4832515976
4843689096
4854131690
4863750648
4874265942
4886615824
4898248204
4906737632
4916539184
4929464276
4937041736
4948935688
4957365824
4966366284
4977681032
4988885292
4999044736
5007315720
5017211370
5025823636
5031940758
5041827008
5049484440
5063318860
5072832368
5081791972
5091522106
5101498320
5109936544
5117266616
5132047148
5142818824
5155133494
5164941760
5178412076
5190925540
5201219198
5210546336
5217847570
5229468916
5237885594
5245546328
5255694860
5264602024
5273599934
5282050920
5294156186
5304155748
5311132372
5320001884
5329433004
