4726
9452
21230
34448
76210
109180
168444
224000
299644
368488
420056
516492
593438
680532
819664
933228
1056320
1180528
1330398
1471104
1585598
1779332
1954110
2074484
2218986
2418504
2552510
2810532
2935334
3167060
3411844
3687664
3877984
4088268
4364912
4545032
4770160
4970332
5189898
5471648
5890178
6283452
6604992
6904672
7205472
7412116
7851900
8284728
8525986
8725736
9011398
9294436
9626736
10023448
10349704
10701208
11149054
11418952
11728710
11974216
12366986
12594080
12920500
13263184
13524422
13822404
14216796
14835064
15515852
15958092
16347546
17076504
17539842
18039900
18489460
19198324
19841274
20678892
21319736
21813080
22326342
22914256
23352944
23707680
24276546
24794108
25401484
25769068
26490492
27238232
28038844
28490412
28958862
29743520
30365028
31275508
32066480
32603284
33307866
