320
660
3036
4916
8592
12252
16566
25448
30136
36860
44840
50556
59772
67996
79706
96652
108362
127812
138220
150932
163366
175784
191628
211220
228578
245312
266726
287740
311784
346576
363934
386048
406744
431816
470242
493576
528324
561360
599684
623880
662226
694216
729102
769796
810286
837216
898146
931836
978052
1016368
1062560
1101028
1149318
1202984
1239742
1268252
1313396
1357032
1409948
1456204
1500544
1541760
1598322
1639420
1705070
1754976
1811004
1867572
1925830
1989908
2049094
2101164
2169964
2215924
2263322
2344400
2407648
2476492
2561028
2645808
2716328
2774428
2863572
2925140
3011556
3081564
3126312
3179764
3232448
3293332
3350250
3431944
3492580
3569192
3631596
3715592
3833636
3915328
3991748
4070420
4186426
4277776
4396776
4463504
4535894
4629252
4713782
4788088
4867454
4968576
5047232
5187384
5281988
5414716
5524808
5638736
5732740
5832384
5932604
6054016
6196264
6276456
6426458
6543828
6650510
6752552
6857298
