586
2604
4494
8128
13008
19176
27126
36732
44646
55612
64680
81252
94076
106864
117456
131468
146176
163220
176038
190220
207438
240772
258930
276984
305462
323308
338330
374060
394618
431644
460334
477076
515360
553120
602058
630816
670322
707872
743572
784596
829848
865036
894594
940028
984006
1020668
1085660
1141152
1175912
1221672
1282314
1329584
1389972
1445904
1476080
1561980
1609916
1661992
1722444
1765400
1809024
1871652
1928212
1986800
2059548
2125916
2173458
2264660
2325854
2388180
2465210
2519032
2582752
2635092
2693680
2773956
2841668
2939800
3014620
3077860
3141292
3209524
3290038
3380364
3463762
3558016
3658272
3755804
3845352
3938204
4062364
4189524
4273624
4352924
4418820
4498128
4576996
4688952
4782536
4853776
4927172
5049956
5141340
5237352
5338166
5460060
5610870
5724060
5826528
5943248
6078238
6199596
6335090
6480444
6637662
6719456
6797532
6867976
6995874
7080556
7205092
7293220
7385698
7468744
7588730
7688748
7776340
