64
1368
3918
6160
12288
16416
20666
28900
35932
43636
50370
56388
67690
79484
96018
108468
126230
145592
162062
184380
202778
215528
228632
251932
274392
292888
320602
337788
379764
408372
433052
460088
496700
516108
552676
579280
605492
636040
676968
710644
745034
795900
827660
869284
909358
946556
972276
1018736
1058412
1119412
1158062
1196548
1240208
1281572
1334724
1396328
1445100
1488796
1551352
1600516
1658636
1728432
1776092
1838652
1907902
1963656
2023990
2064796
2146862
2192712
2237520
2296556
2377792
2446160
2529730
2585628
2649556
2713976
2801038
2871336
2969004
3053336
3179062
3234676
3304848
3402812
3484278
3562724
3631854
3718820
3797446
3897608
3990520
4076960
4187802
4290100
4381950
4447944
4527832
4602092
4708484
4841740
4956894
5075484
5181990
5257976
5380134
5504488
5581454
5659660
5764734
5859080
5972914
6042252
6138716
6241540
6403074
6510728
6617716
6715528
6818942
6926368
7067094
7135328
7235122
7334588
7420550
