218
764
2256
4140
8882
14412
22360
28544
36760
46168
51502
61244
67492
79180
92560
104484
123090
133648
152826
165432
182142
197716
214624
231252
247834
270772
291526
315272
336782
362792
388006
417384
432720
469312
497528
528048
566206
604368
636430
671316
696248
726336
755948
799084
829258
862108
901538
949032
976450
1028988
1068726
1099504
1130400
1181840
1228304
1271188
1309166
1358528
1392676
1437604
1489184
1550780
1609202
1688120
1729398
1810840
1863096
1912492
1972800
2019328
2070888
2137060
2190530
2247532
2310244
2375028
2438126
2483384
2547244
2628840
2679658
2734044
2788788
2858792
2904498
2949852
3010086
3070868
3164552
3246192
3309140
3359032
3456736
3549812
3608006
3683920
3728036
3802432
3902334
3963308
4033364
4100540
4160788
4223644
4284682
4343992
4457158
4516076
4588308
4643808
4745128
4882936
4967912
5039268
5174656
5255280
5328596
5420448
5492082
5608784
5704710
5781172
5882938
5976652
6066854
6147108
6242416
