500
1876
5790
10584
18260
25240
30810
41048
51088
61664
75266
87800
100212
121912
141740
159920
181294
200028
219114
243660
269126
291192
312614
337428
358186
384776
409198
436220
469448
494308
525800
563860
610452
670824
702844
744732
785372
814196
854282
891172
936570
981756
1041926
1097616
1136906
1188276
1235602
1300456
1365324
1421228
1476018
1533312
1593192
1655096
1702622
1770808
1827486
1879484
1926256
2003280
2063154
2128432
2195228
2249484
2316290
2389816
2500598
2565720
2632092
2709164
2783314
2881392
2946682
3027964
3090532
3185400
3271686
3325504
3398328
3479152
3555050
3656816
3721952
3799052
3860570
3973268
4033412
4114960
4216560
4297740
4395828
4498000
4606052
4708060
4832804
4909124
5012208
5111836
5215986
5304352
5405418
5494572
5606432
5674960
5797832
5914948
6014136
6126756
6250532
6347296
6448928
6591328
6691446
6803292
6917770
7043688
7153648
7298424
7447720
7568016
7681408
7789248
7914818
8032676
8136472
8282000
8461646
