434
1064
3346
5460
7630
12092
19286
26028
33366
43404
49012
58076
63928
71336
84580
96180
104300
112900
122348
140728
156822
168712
179992
192016
207958
229548
240836
260568
286348
313148
334014
348100
368732
401372
428412
452092
475602
517088
540212
577368
605758
633716
654916
689000
714334
731632
758230
791012
811224
836772
867876
906092
944210
978284
1031166
1059764
1115744
1141140
1191232
1242260
1273838
1308568
1375402
1412564
1460630
1499892
1549484
1613740
1653626
1693312
1727200
1779596
1821562
1858096
1901862
1958684
2034104
2114260
2175170
2242024
2285820
2334436
2388832
2449804
2510434
2583744
2650514
2694684
2771662
2848724
2924362
2999756
3082406
3155720
3228110
3327100
3411092
3512776
3599912
3642152
3700854
3744064
3790780
3882708
3953456
4019096
4111276
4161292
4216252
4284316
4366436
4433584
4529892
4616464
4678298
4810936
4892420
4960988
5053072
5119416
5195282
5352184
5428538
5510944
5604296
5675172
5749188
