634
2016
4568
6396
8484
10532
16898
21248
28278
37944
47974
60648
68748
77324
87356
103116
125902
139884
156548
172696
194054
224140
241462
273300
295282
313040
348958
375940
401142
421424
449978
479192
499128
545004
577170
606612
647790
680964
705088
731716
760486
794412
838704
880204
921480
967176
1023270
1074276
1130040
1190220
1258622
1302300
1345812
1414032
1456914
1520020
1555160
1607904
1660918
1701312
1747054
1827636
1892022
1945824
1998914
2064648
2133838
2211268
2264360
2325228
2387168
2457884
2522994
2592204
2638810
2701980
2782956
2885680
2991526
3077988
3160672
3254916
3331004
3427272
3503762
3594112
3648904
3724124
3818812
3881348
3983388
4034216
4124492
4188352
4271798
4351912
4448508
4530372
4603788
4662240
4770024
4898408
5004252
5124880
5281106
5394088
5576032
5721792
5799962
5899508
5987340
6075320
6179108
6345624
6446958
6512316
6637452
6734336
6833240
6925772
7088138
7208852
7364274
7521680
7618600
7752808
7915288
