372
1752
4784
6932
9718
17280
22366
28588
34194
44124
52198
60760
71660
84564
98848
112332
129792
147324
157840
177392
197480
213932
243906
267636
284906
304024
328878
357864
386514
432416
467330
506540
532570
561512
595676
625308
651258
692556
726442
761940
824886
875072
929850
978600
1026842
1077972
1137938
1186384
1241472
1293320
1327534
1370928
1414086
1473032
1511532
1562616
1625966
1663548
1719610
1795160
1883688
1958132
2019980
2079208
2148576
2205468
2258878
2324844
2396810
2493380
2554100
2625368
2724794
2785532
2868808
2935824
3044842
3135384
3210292
3316748
3383862
3436944
3497172
3594744
3718872
3845580
3926584
3988784
4081406
4191572
4338476
4401952
4525198
4617060
4698124
4823988
4987682
5085896
5179730
5272288
5340222
5462480
5615092
5745988
5833808
5937136
6059302
6175248
6313536
6424576
6579264
6681336
6835928
7010992
7126336
7243244
7333406
7422032
7527734
7648308
7761514
7843348
7999090
8161048
8285454
8425172
8568286
