464
1752
3268
7856
14400
19648
24264
30840
43500
53984
67342
78956
90704
101416
119742
129020
144866
157292
180670
197688
223382
241040
259894
277848
296732
317256
344794
360636
387896
420956
440804
470168
486794
507688
545104
570844
593354
611568
649860
678284
719008
750548
785072
807192
853742
891120
923280
986296
1024218
1060044
1099594
1145860
1181954
1228356
1282176
1324880
1377466
1411820
1484268
1527276
1581440
1659336
1718800
1778088
1821492
1860868
1953638
1999828
2050428
2090912
2158098
2245480
2317254
2373336
2440258
2493844
2558170
2634364
2688938
2738436
2786702
2849412
2917652
3004728
3052926
3105464
3185592
3241964
3303070
3404708
3530536
3586056
3637376
3704356
3776824
3846552
3949792
4064492
4171672
4245456
4333912
4383864
4461680
4560700
4629424
4754628
4870992
4984572
5097226
5176028
5310956
5390644
5480322
5568880
5675032
5813392
5932380
6043132
6155382
6246032
6308876
6411720
6496788
6563136
6716880
6864368
6935004
