844
2828
4780
8700
12386
15608
19956
28264
35318
41664
49186
55040
63098
75588
86368
95684
107026
128408
149076
169824
184664
205012
227924
242540
267604
298148
325054
343292
364674
394040
417132
455348
482716
516212
550378
596092
632872
682152
727486
771032
811826
846096
899722
933256
969564
1020728
1060742
1106360
1151756
1195700
1250824
1289804
1342640
1401756
1438430
1492952
1533502
1582840
1639144
1698248
1738254
1780708
1826908
1889916
1958456
1998252
2047248
2121604
2175106
2239780
2287288
2382488
2446254
2530344
2583560
2669836
2735438
2797932
2852602
2944684
2995650
3065144
3130744
3221772
3292258
3355552
3436232
3523748
3596272
3669672
3786776
3887668
3980802
4116928
4202730
4285784
4375024
4466952
4564014
4645024
4731070
4821128
4886692
4975256
5056786
5133180
5202392
5348528
5414332
5519548
5666842
5777664
5866188
5961876
6097740
6184588
6277836
6375808
6493674
6576004
6666624
6779400
6868130
6953500
7056368
7166460
7280992
