304
1308
2598
4568
8018
12520
18572
27900
34534
43784
55804
65060
73406
91076
98320
110692
123300
140400
149618
166968
179094
190420
207496
223216
243418
262852
282576
297864
330392
352116
370564
387872
405870
433240
460688
476556
511812
542140
564470
585116
621224
652772
674318
713292
743346
773212
820264
850676
880848
918944
948896
980552
1015020
1050236
1085018
1139128
1184400
1216332
1260692
1295140
1330780
1370824
1437940
1462908
1507170
1541584
1628028
1678332
1727900
1787060
1827168
1867940
1919410
1979176
2026874
2084448
2173964
2229404
2304238
2364544
2420842
2502080
2557554
2612876
2704762
2763888
2822574
2901156
2958440
3029352
3076506
3142204
3230536
3298260
3356376
3437552
3477360
3535680
3617208
3664080
3759656
3876924
3989520
4083984
4151974
4249996
4328554
4382784
4447182
4517192
4624342
4707036
4812932
4866784
4981904
5053672
5132594
5238144
5351476
5434904
5575830
5630000
5716832
5804020
5873356
5981932
6089250
