504
2164
4872
8432
15104
21016
27390
36132
46310
58984
72150
85652
102006
122668
141002
160416
182658
201980
222534
249592
270960
292948
318698
345232
370582
392796
415622
450960
496282
522776
550550
574220
607084
636820
678074
704876
738048
772136
809582
848444
890396
919516
954940
988408
1033666
1090744
1142486
1175568
1234650
1275560
1346394
1385180
1429956
1474528
1529270
1580456
1625266
1678828
1723172
1773044
1828004
1879404
1957838
2027168
2063902
2117588
2164532
2213172
2256610
2314696
2369768
2478204
2585562
2649136
2703234
2772216
2842254
2918712
2987176
3091076
3154640
3219736
3288232
3373180
3467562
3558416
3641372
3739716
3797696
3859172
3952576
4005776
4067780
4134108
4222062
4320436
4383784
4507364
4585472
4679340
4768474
4876772
4990986
5059452
5139052
5266728
5383200
5486468
5578406
5659084
5808812
5885584
6035258
6103392
6240772
6396132
6562926
6649832
6804844
6935160
7008184
7130748
7235666
7352468
7479256
7574464
7762972
