578
2452
5442
8928
15848
22104
26986
34148
43536
52860
64282
76732
88268
102456
116376
132288
145588
158536
188132
208036
222860
249444
274230
301832
324726
348708
376202
396260
418550
442968
472106
515656
539800
579376
610396
655020
677304
716784
751308
787844
821642
848260
910210
948656
979538
1006736
1039060
1071160
1112210
1147616
1186084
1237356
1274746
1310972
1356224
1410952
1469560
1532888
1580056
1628236
1687120
1728960
1787172
1834744
1894970
1935636
1981386
2055484
2115970
2177504
2234196
2316040
2380038
2433600
2479232
2531964
2583654
2635584
2693562
2770316
2842582
2892104
2952566
3032028
3146994
3193236
3296016
3356132
3443402
3547880
3648520
3720532
3851776
3921924
4026936
4116172
4204904
4284728
4361194
4451252
4544130
4605384
4729670
4811816
4897724
4972192
5038568
5121932
5207828
5299936
5426456
5583096
5686994
5789404
5872410
5966744
6076842
6193236
6280580
6362996
6497046
6634180
6736970
6858144
6925836
7029680
7155480
