450
1908
4446
6704
10494
14132
18012
27112
31880
40852
50488
58516
69536
80948
91978
104616
111694
127180
144686
153176
173098
184572
194488
208124
230886
245564
263900
286288
300662
319444
338960
358652
373818
406916
429304
455076
485276
512760
532038
569312
602856
629848
652642
697656
726622
749196
799466
830620
871540
911000
955156
1004528
1053584
1091512
1125624
1163436
1200704
1267272
1306504
1363980
1403836
1446428
1502960
1559096
1599590
1669288
1719604
1765340
1827142
1861820
1924374
1989484
2031280
2064864
2115318
2191668
2230566
2283564
2334604
2375452
2433850
2485116
2527480
2579576
2622374
2695572
2752754
2826968
2892772
2976376
3032294
3073132
3158918
3215820
3290482
3359800
3428846
3489720
3558930
3638120
3721220
3772012
3860644
3936368
4026648
4112608
4196412
4254048
4333370
4433644
4498076
4564420
4657958
4795396
4873496
4923252
4990294
5049216
5102638
5165772
5293018
5365092
5447518
5520108
5604534
5711180
5801508
