368
2208
4150
9072
13562
19536
25502
34440
41610
50472
59154
67248
81458
102012
115918
130388
152834
169544
194962
215044
231504
256708
280618
306676
333136
366128
392868
418352
447276
469540
497024
528272
566122
599264
623522
656972
693212
736872
783746
816896
866024
909600
950764
982904
1029730
1069340
1099274
1137116
1172892
1216868
1251130
1282468
1347132
1393156
1451136
1496320
1543542
1609776
1657270
1693216
1767946
1851008
1929640
2012116
2075148
2124036
2172238
2253652
2303208
2408524
2490908
2561604
2667822
2728988
2803030
2898732
2980082
3038760
3134728
3224148
3320738
3378540
3425686
3533692
3607228
3676288
3737286
3792620
3859368
3963284
4040126
4109304
4188150
4258348
4372824
4501440
4596036
4652732
4736642
4815240
4921804
5030324
5123666
5215996
5312692
5412456
5487218
5578004
5680860
5806968
5905958
6013152
6150298
6267640
6384448
6489328
6618104
6710648
6803702
6902840
7078682
7183744
7276678
7356740
7534700
7636684
7778068
