1062
2912
4594
8404
13564
17916
23602
30660
45220
55396
68936
80920
95940
110760
126772
142716
162372
176328
192194
208644
234848
254528
278170
311332
338248
366988
386288
408832
443620
468584
491466
524944
560346
585904
612266
643972
675940
708840
751692
801028
838636
888832
929916
970860
1022132
1073492
1134722
1188880
1236052
1274012
1312886
1357660
1402024
1464612
1513530
1561092
1608632
1642144
1705792
1756216
1795050
1839988
1912398
1990560
2060762
2112852
2180576
2231816
2301688
2383740
2440976
2506276
2575822
2643268
2710426
2782540
2857806
2914196
2984308
3068376
3138722
3213876
3303128
3378856
3447740
3508784
3562940
3633976
3712408
3784956
3842096
3943604
4018594
4088544
4166398
4246160
4332614
4405348
4513344
4605744
4724242
4808920
4876194
4968164
5073378
5164176
5265848
5334304
5430014
5506140
5601134
5691600
5780998
5844020
5908222
6006080
6106556
6193780
6314140
6402876
6467124
6611952
6694080
6812652
6919856
7050156
7131216
