516
2404
3818
7120
10636
19944
26792
33812
47368
56356
63604
75564
97222
107416
121904
131176
150956
176384
187874
205480
233410
251112
269160
288896
301994
337588
353782
380528
405610
432340
455764
478060
506158
531732
566022
589112
618824
657876
687008
726940
749830
816548
856182
895092
931422
955028
1003604
1054664
1118128
1172632
1243264
1280160
1328858
1377380
1431760
1477700
1533544
1574344
1622444
1698424
1744092
1786424
1840308
1909936
1950900
2033272
2078682
2135444
2208412
2287564
2348760
2403780
2440574
2505200
2548312
2639528
2738206
2800344
2875386
2958700
3029182
3075600
3168678
3235128
3321824
3417944
3481626
3552444
3648788
3717812
3792032
3843320
3938548
4008196
4064910
4125404
4185286
4266232
4402532
4575336
4629438
4706252
4830330
4924696
4993550
5118916
5191332
5274464
5337506
5439052
5510366
5596524
5683792
5752772
5864054
5943692
6067070
6163408
6251758
6400508
6468908
6558884
6679176
6788896
6887352
6991256
7097810
