966
2864
5654
10232
14414
23800
30474
41428
49920
60432
73396
86856
102930
117900
134582
164892
181718
199064
221554
243940
265418
286832
310530
334056
360588
380232
422702
452812
476030
512640
548148
574556
600024
638164
664662
700812
741242
775908
822576
849872
881192
920772
992160
1019868
1063248
1113908
1177926
1230836
1281794
1351672
1405192
1467028
1506098
1572468
1643804
1689564
1745282
1787324
1859842
1934200
2029780
2093744
2168484
2233688
2315962
2403828
2467892
2531180
2594418
2655412
2714852
2787676
2867776
2949496
3013760
3066460
3160652
3226784
3297228
3380276
3455450
3545144
3616478
3670128
3733004
3823804
3913074
3977268
4071430
4142336
4233954
4347660
4417132
4537512
4622660
4710240
4799198
4879696
4979242
5056288
5196244
5301428
5417980
5542928
5637190
5736552
5848274
5961208
6096450
6195116
6303486
6445248
6551912
6686016
6783546
6904340
6982928
7092648
7264262
7405356
7551638
7714008
7852704
8017636
8176264
8325896
8404922
