276
1440
3476
5788
10122
14936
22764
28152
35482
44752
58336
66788
78100
85320
92136
103524
116416
133576
146236
161432
173966
200116
212288
230584
259358
282804
301514
329700
345020
373504
411290
430364
457820
485628
520232
547672
568978
611780
639818
682156
723214
765200
816248
862760
922130
960588
1001708
1050192
1083104
1132932
1175102
1247128
1306572
1345128
1386186
1427468
1475796
1519748
1584034
1631940
1668494
1717924
1770216
1828780
1893636
1945612
1988714
2040416
2137290
2209208
2261190
2307496
2370300
2435192
2478206
2562240
2627842
2702756
2782732
2829792
2887272
2963896
3017854
3113648
3204820
3277092
3365466
3418052
3482514
3556664
3653868
3721776
3812364
3891096
3993092
4072800
4141844
4220872
4309060
4412832
4489900
4592056
4653502
4741764
4815964
4917208
4994568
5063356
5149226
5252492
5324572
5441268
5529186
5665700
5768900
5865972
5987110
6103116
6205128
6316652
6397922
6481856
6568924
6679908
6782598
6874644
6940450
