1176
4332
8296
11928
17542
24712
37326
46228
58884
75392
86946
102628
120160
133052
148500
169356
186978
212200
233202
253840
277114
301564
319454
342880
383970
413144
439918
467084
488574
520444
556730
590264
640524
691612
721924
747580
794900
849668
894966
949176
998710
1053040
1096778
1139888
1202188
1254368
1319542
1383280
1423252
1476032
1517442
1584460
1641958
1724516
1783124
1861632
1914566
1987320
2063204
2116580
2170020
2248560
2333610
2398084
2454758
2523800
2588092
2686788
2775622
2852988
2961972
3061284
3117166
3215456
3297906
3358324
3418834
3509892
3571924
3674516
3763726
3874236
3976502
4052848
4174118
4276584
4361088
4454836
4533208
4676284
4746570
4854484
4950396
5049904
5183160
5275476
5381340
5487328
5614244
5736776
5839298
5970636
6064744
6168912
6312818
6398188
6512718
6665728
6767656
6885988
7005514
7118712
7225030
7348940
7457432
7556560
7685064
7844012
7998118
8127388
8255754
8420912
8544690
8706568
8829020
8930864
9071642
