224
560
1672
4816
7782
11300
16564
23676
34540
42904
52548
60640
74160
88608
98194
118948
128342
143036
163122
178800
200998
229280
246484
267456
303178
317624
337064
366700
393682
433356
463476
503540
535864
570672
596698
627828
661544
697768
743962
780200
815170
865740
907668
943236
971768
1008560
1057030
1086168
1118558
1150084
1185088
1222516
1274346
1312208
1367248
1430796
1494072
1540124
1603396
1649400
1692058
1751016
1807122
1862160
1932558
1978488
2018458
2081076
2146196
2201776
2268172
2319916
2365824
2433224
2496308
2556104
2622574
2685828
2749360
2795812
2848338
2941520
3012296
3087536
3172634
3288180
3352670
3437528
3519720
3640328
3706302
3782632
3851406
3917844
3976010
4062864
4166646
4291356
4375960
4481872
4592748
4658536
4768338
4838428
4900362
4967780
5024340
5091728
5196264
5264824
5407466
5512172
5610800
5727800
5806064
5888488
5982810
6087432
6185840
6268856
6371546
6492776
6593308
6707284
6818050
6950780
7040980
