502
1620
4076
5612
7148
9200
12378
18652
25060
29804
35984
43856
51424
63820
76804
86440
96676
111596
122950
131380
148146
165000
185974
206588
229308
246020
262056
284184
302042
328872
343512
359384
385746
409392
438924
464812
497714
519556
561902
578432
632620
660252
692054
718312
747570
781652
805518
841272
876048
914280
960908
1001624
1037598
1098704
1135264
1173720
1218552
1263764
1322494
1357576
1387064
1465620
1511442
1545704
1607182
1680148
1764412
1809748
1875400
1933600
1987430
2058796
2104870
2148844
2192932
2272464
2338200
2386920
2438172
2537264
2609768
2680616
2765468
2824256
2887034
2938232
2982258
3041772
3100242
3195636
3236428
3312544
3378532
3463400
3569510
3673548
3733930
3826632
3918060
4027792
4084388
4215852
4292312
4370488
4418454
4519956
4618698
4707476
4756504
4832508
4907250
4997200
5082252
5161648
5259432
5390516
5490754
5616596
5710136
5796884
5887100
5987680
6095072
6203716
6323244
6431956
6530764
