534
1096
2930
5648
7894
9956
12824
17892
23270
33696
41868
52148
59436
70444
83840
107708
122716
137972
149206
181516
197980
221868
245428
273116
300014
324524
363896
387852
413044
432760
458126
478792
505406
528740
548940
584420
614558
637864
663914
704844
737066
771888
800806
848748
887238
915968
974406
1015772
1048316
1090008
1129658
1189168
1224036
1258508
1325546
1364704
1420256
1466040
1515928
1595364
1676340
1744784
1793302
1871740
1934050
1974316
2023694
2092256
2126438
2185176
2245624
2309460
2379282
2492528
2555644
2617732
2705746
2806380
2921550
2990300
3069724
3158116
3208104
3268164
3316028
3379412
3470322
3539920
3665322
3772068
3858524
3925164
3974950
4058792
4158478
4231864
4308484
4364172
4436238
4502128
4609160
4689068
4761258
4853720
4962140
5062020
5142478
5248272
5345788
5449724
5589094
5666812
5747134
5837964
5935988
6025504
6130664
6245572
6373938
6514728
6616898
6704980
6816914
6927224
7003320
7086024
7201826
