326
1448
3156
5928
10968
14940
18118
23248
30796
39272
46522
53328
62154
70092
81182
89988
107486
124948
135130
155392
171568
185976
217548
231128
248148
270460
291238
322296
350436
371912
385384
427204
444870
480304
516832
548204
567084
593556
632942
660784
705740
757940
797828
844344
884314
949852
981394
1028456
1082394
1137940
1187470
1222488
1261524
1326540
1378480
1411088
1481466
1527572
1581496
1621392
1673536
1727440
1793898
1855476
1923620
1998192
2062806
2114680
2200850
2247880
2318580
2367992
2429156
2503468
2559602
2631912
2700142
2781324
2851296
2928236
2983256
3031332
3124198
3200748
3258982
3340368
3402128
3486184
3556166
3667704
3718424
3790892
3874666
3944584
4011384
4066896
4166896
4226332
4312378
4409028
4473722
4554992
4647554
4707764
4780630
4882576
4973022
5084252
5166000
5259612
5367526
5495680
5577566
5676608
5774886
5856852
5988138
6127912
6228402
6333184
6424750
6529832
6609506
6692412
6793794
6950764
7048110
