856
2340
4210
8088
14852
19196
23870
34064
40914
46700
53926
64552
75984
87676
97306
108260
125416
146484
157704
175020
191396
216244
237876
262296
284768
308896
327848
352388
369562
387880
415556
445740
485386
510924
530118
549632
579566
621040
654066
695664
730916
759628
790014
832600
874204
937544
979188
1007480
1040210
1086624
1124422
1171672
1218852
1297848
1335184
1403264
1441654
1482588
1549658
1601040
1643494
1697828
1752152
1819304
1868878
1931936
1997208
2050052
2103066
2171824
2214092
2272744
2331532
2396240
2466476
2518564
2571704
2642752
2713950
2792536
2912002
2968212
3030746
3105584
3197076
3288600
3353980
3423200
3505206
3599476
3716102
3793292
3879494
3994812
4069500
4166484
4238420
4350552
4418626
4551660
4647564
4718756
4801630
4900916
4998934
5136956
5209618
5304088
5386294
5541196
5612148
5722132
5833340
5909608
6027878
6132320
6273580
6361444
6478062
6577360
6688840
6798860
6894548
7014772
7121584
7221552
7336120
