224
760
2772
4284
8670
11744
15908
19964
27938
32700
40238
46072
52828
61304
68514
78020
95978
118348
135574
147344
165074
185252
206436
219796
236788
248564
263994
287336
311418
328540
351924
367748
393260
414704
438232
464036
495612
532236
563212
592356
643780
673272
736506
782068
815376
867852
892996
938920
969972
1006708
1043650
1076908
1118578
1172696
1205324
1243932
1294138
1333952
1395860
1437528
1484046
1538148
1590822
1656080
1711602
1764824
1830534
1879108
1934410
2019208
2061868
2102368
2152064
2202836
2270820
2311708
2384754
2477512
2535798
2614844
2666090
2729216
2776932
2838196
2895858
2959764
3008002
3074132
3133932
3198512
3251750
3326044
3398474
3450792
3544068
3658260
3752930
3796944
3893844
3962792
4025924
4093008
4174280
4258368
4333518
4426852
4486412
4551144
4643616
4771088
4834028
4923156
4974896
5029200
5125968
5234592
5285808
5367232
5457990
5519232
5603426
5729464
5823544
5907952
6005372
6108720
6264402
