298
1280
3510
6972
10748
15592
20186
25532
32698
47276
58988
71036
78118
92228
108216
119540
133058
155224
170744
182948
204486
222044
246170
263336
293086
311660
346682
380024
404452
431700
453436
477388
503808
531808
554240
590660
613828
638972
678100
723504
745244
787024
831544
875060
914924
954780
995720
1035836
1071516
1131256
1178780
1209620
1252756
1306660
1362934
1403552
1467116
1504972
1555462
1612988
1680216
1713820
1762716
1802628
1877958
1934272
2011276
2093488
2151884
2208824
2272164
2334984
2385704
2424192
2483436
2546584
2598436
2665776
2726524
2788488
2842140
2890868
2970160
3045104
3119378
3204228
3274116
3329276
3391890
3485204
3566866
3660156
3717438
3787128
3904516
3957204
4032058
4097840
4158678
4249500
4375166
4470372
4565692
4655792
4751562
4832748
4978306
5112532
5211782
5300056
5370224
5483784
5585888
5649940
5732760
5838176
5949446
6027560
6169962
6323512
6419306
6497036
6594502
6714132
6829826
6930228
7063520
