1024
3268
6422
10452
15274
21004
27982
35668
47056
54480
63958
72424
87428
100360
113134
129960
144730
161596
173096
190532
217794
239756
262014
279980
305200
323380
350758
380552
397818
425840
463610
487976
516182
542900
582058
612228
649058
685832
722654
751640
791376
826524
888074
952624
1002558
1058552
1097922
1150884
1196274
1246628
1294288
1332128
1367824
1439428
1517962
1569352
1627124
1672460
1749480
1811076
1895636
1941760
2015482
2065112
2117574
2179988
2247252
2292812
2370780
2416028
2504290
2576104
2643850
2725760
2798034
2878596
2930438
2976740
3051150
3132032
3223344
3285948
3352750
3415736
3477722
3556664
3613698
3685984
3765950
3844592
3902696
3974512
4053288
4143288
4222382
4318848
4415686
4517152
4598112
4654816
4734882
4823776
4953648
5083280
5140978
5210836
5306488
5403640
5481782
5563348
5673160
5817492
5925458
6036744
6146268
6217696
6355802
6451424
6535370
6657392
6752260
6853764
6987200
7104404
7184560
7280872
7404616
