420
2360
3820
6172
7974
10140
12624
15220
25058
31640
46392
54840
66740
75892
85386
95248
107710
118996
137712
159436
179184
202592
214424
244564
278410
303208
327314
349976
365646
389364
408374
429624
481122
508964
537398
571968
617668
646676
670262
719412
771666
823240
857564
921864
953138
999876
1044366
1097596
1138696
1173860
1225298
1294536
1352470
1401604
1445720
1504648
1556436
1621564
1672624
1735588
1794062
1850084
1912984
1986820
2032544
2106072
2191138
2248172
2321674
2370136
2442376
2514952
2597082
2659116
2721538
2781376
2843068
2945624
3021984
3124360
3204388
3294704
3358312
3423932
3491628
3564368
3654446
3736772
3839282
3929484
4004340
4093172
4161816
4300192
4422452
4523376
4584020
4667752
4759918
4882048
5017456
5122288
5185276
5293660
5361798
5460644
5583378
5703468
5839264
5946356
6024470
6127124
6256294
6354472
6454544
6610256
6712278
6841744
6968262
7093332
7174876
7298984
7431520
7540696
7626794
7710480
7813728
