844
2244
4986
8456
13408
18824
23946
28632
34994
40504
47594
57820
67792
85772
104370
120808
132486
146748
158308
181588
198382
213160
235370
252992
282772
310872
335514
362888
382468
402544
433946
459540
487862
521924
542900
572004
605490
644744
687148
721400
753818
792184
818424
845552
879136
926472
966446
1017492
1056318
1119632
1188958
1222896
1283784
1312524
1342248
1387080
1441676
1502072
1542720
1588396
1661484
1703000
1757620
1823152
1872398
1920592
1979764
2050440
2107480
2189948
2240644
2296348
2376674
2428744
2476222
2569780
2617674
2673996
2728574
2795176
2847380
2903888
2996668
3088656
3133924
3196764
3276572
3345104
3392408
3481144
3567276
3635816
3700330
3770932
3898730
3988572
4095160
4189408
4265796
4394584
4466536
4528700
4602932
4717848
4806420
4891616
4964658
5038320
5116806
5179948
5263784
5385800
5481600
5556664
5650214
5748060
5819372
5920896
6020388
6129656
6248474
6306252
6407614
6590080
6701728
6806908
6917152
