608
2940
7604
12004
20458
26448
38184
50064
64380
74448
87202
109680
125700
144196
164666
190008
219872
245780
265326
306944
335602
368744
404066
435792
462012
490560
537572
569528
600620
646444
690164
723276
758470
799092
869906
921876
969498
1014372
1066854
1107184
1155116
1201328
1254732
1305380
1360310
1403368
1453350
1509112
1561648
1621184
1706716
1754316
1801824
1865568
1914560
2012312
2086876
2185420
2278312
2391680
2462262
2565520
2647290
2705632
2789340
2849376
2957184
3030156
3123186
3211288
3307004
3366672
3454692
3566284
3648270
3749128
3815208
3887576
3967136
4083820
4179332
4294496
4444332
4529840
4627786
4726044
4817750
4940320
5074888
5189488
5263886
5383660
5485864
5597072
5703674
5838900
6033302
6156164
6263506
6399960
6498492
6622616
6734192
6909580
7049786
7180164
7342470
7465856
7650544
7826352
8003762
8112824
8234690
8393668
8577326
8715568
8867542
8987904
9194996
9413128
9583766
9724356
9886284
10032180
10169408
10304808
10507198
