340
2332
4080
6204
9730
14380
22480
34260
40556
50484
60168
72096
84890
102520
115846
131300
146300
163632
178662
194320
217678
235004
255118
270336
301984
330408
357366
384260
403744
430320
452626
474544
495282
540464
571390
597568
640942
672692
702218
734004
763768
803244
860960
897948
934012
965292
1001020
1056148
1086206
1127876
1166870
1223616
1270768
1319980
1368644
1406624
1449048
1492148
1539770
1593732
1659308
1717072
1752106
1801360
1850554
1908812
1944374
2006456
2091226
2140896
2187124
2264532
2319806
2391776
2446604
2501284
2550142
2604172
2676878
2761596
2844614
2915296
3004926
3066588
3132830
3183664
3244062
3305260
3413508
3475960
3549548
3635956
3681956
3780772
3851040
3905732
3992592
4055936
4160374
4231016
4346250
4426024
4528746
4610052
4721856
4789900
4928842
5020244
5099368
5160968
5253342
5354760
5449862
5550256
5665176
5790176
5882542
5968644
6070188
6155820
6245504
6354340
6467454
6560880
6690796
6789692
6949574
