890
3608
6308
10456
14042
19476
25024
29732
37626
48196
55160
65596
77338
86628
103314
113788
127490
142504
155632
175480
194812
216108
236110
253748
275732
291772
313266
329944
344254
372916
396304
442984
472398
493536
532616
561272
596820
640804
666896
700064
738474
767112
810822
854372
909650
950648
988930
1017404
1072610
1105832
1163354
1205324
1261240
1320012
1352420
1387980
1415840
1504288
1555498
1612392
1657750
1712044
1771948
1818812
1880780
1929568
1981170
2015056
2059982
2116084
2190166
2241396
2283848
2329236
2395356
2480648
2575728
2638228
2693548
2749380
2808394
2855284
2961206
3041136
3120060
3199232
3280974
3341488
3410332
3502728
3591576
3657564
3740146
3833308
3913832
4009036
4078106
4158556
4228018
4284512
4370492
4502816
4610110
4721968
4799770
4899992
4982494
5056728
5151994
5240512
5326398
5452312
5580496
5723468
5825998
5951048
6049086
6132760
6267374
6417256
6501834
6603084
6727264
6858008
6967088
7060288
7166390
