210
1424
2826
7756
12230
18452
25948
33428
40232
49572
61814
76424
88100
101196
117672
131124
151364
164864
181150
198532
222438
243380
268370
293680
311888
342272
368442
407812
426114
451124
488156
512768
544590
576004
609952
645896
673110
719832
771874
807548
840678
868504
927198
957916
998920
1028356
1067850
1104864
1155998
1203220
1248540
1291224
1331960
1390624
1438096
1515012
1558208
1608324
1646424
1692232
1756658
1812876
1880450
1939988
2001740
2061848
2101740
2183124
2269572
2319420
2375422
2424432
2483838
2566232
2635378
2692060
2798816
2889004
2979642
3043496
3097910
3188788
3244732
3338804
3419270
3521088
3618970
3700080
3784008
3874572
3952086
4035028
4160668
4223956
4332680
4438724
4550046
4606372
4718318
4801912
4889368
4958212
5091090
5158528
5278520
5356420
5505814
5596288
5691456
5796848
5893624
5969768
6085290
6204784
6310750
6406408
6533992
6636020
6748330
6834140
6904480
7048484
7142230
7241680
7380478
7527220
7640334
