728
1848
3306
4960
6686
9224
12990
15404
20608
27128
36880
42312
51006
59672
67642
77676
86906
102008
116244
138360
150684
162964
171764
197612
211926
237720
252562
267428
281100
297868
321766
345288
372698
393620
425952
461352
483278
516348
565456
593120
624298
656556
681822
726996
764972
812112
844864
885548
926792
963724
1003782
1060496
1096886
1146484
1188054
1240832
1282464
1311064
1349862
1384856
1466584
1514024
1563910
1604872
1655474
1700748
1739692
1777960
1824404
1863872
1928946
1994524
2059714
2144488
2190742
2257560
2318880
2410688
2484786
2588824
2653060
2706016
2770942
2839740
2916906
2966476
3032902
3092592
3164938
3242424
3325056
3424280
3489730
3584164
3663660
3741376
3810186
3941108
4013194
4095300
4193340
4287440
4377514
4445976
4555210
4629940
4732284
4812760
4902068
5013148
5131432
5201712
5322852
5398696
5496636
5618296
5700852
5798516
5884018
6009036
6111120
6232672
6325460
6397800
6485462
6560524
6672872
