128
1608
4044
5904
9966
15540
21094
25048
35932
45488
56506
63092
79546
93780
108416
132252
148994
164560
184088
199396
222204
247796
264022
290032
323536
344944
375386
412700
443638
464860
499442
519844
546876
575328
612578
637896
661326
696900
728602
776824
811868
840336
880246
905900
951468
988236
1034714
1073880
1122642
1159672
1202066
1256232
1296182
1357748
1404046
1471908
1510424
1552460
1630444
1675672
1729422
1780308
1860524
1912200
1959926
2026628
2091918
2135060
2189534
2247432
2310244
2347656
2404470
2478512
2548940
2632308
2707790
2792424
2869216
2976696
3031918
3099876
3188368
3311744
3392574
3437932
3490952
3542760
3594394
3682132
3757120
3837380
3904112
3973800
4032746
4113884
4187652
4287640
4360742
4427928
4493964
4586796
4690480
4782128
4949726
5055504
5134980
5211488
5292078
5407368
5487254
5551120
5642618
5758064
5872460
5968796
6066620
6188644
6291686
6404984
6497072
6654732
6759138
6899380
7015592
7165240
7268350
