760
3320
5614
8832
14466
19480
24064
31552
42320
51676
63648
76256
91442
106104
120766
137272
157664
175236
194548
213476
226214
243332
267902
293160
313450
335068
358002
377488
393002
422140
452146
489232
516778
550440
581448
613904
639542
691284
747452
806736
845218
880432
915078
953412
1012208
1052988
1086872
1139396
1191628
1239384
1268516
1301200
1353914
1439624
1485440
1526388
1564880
1609820
1667546
1740532
1786468
1833772
1868698
1977920
2032266
2112016
2165258
2276104
2339128
2407880
2470226
2514236
2601386
2666780
2767080
2852556
2911168
3001996
3121010
3191720
3292690
3382484
3455382
3529664
3592886
3679388
3773454
3848480
3946698
4059740
4153376
4264756
4363278
4476952
4590480
4676308
4743218
4844640
4930750
5007432
5129766
5318340
5460964
5530304
5678662
5785748
5882454
5955832
6077926
6177824
6294522
6395428
6576760
6701328
6875552
6948636
7108588
7199340
7272900
7388896
7490336
7636028
7747976
7862076
7994926
8082364
8251354
