530
1528
5068
7676
11948
19740
28796
34744
42906
48348
55572
67840
80404
92684
103052
114052
126530
141712
157102
168404
189282
203872
223184
242324
265570
278288
317846
342556
359744
379480
400348
414252
438682
463304
500224
542472
585936
623620
663488
698624
740930
777000
808320
829256
861100
904448
937948
977148
1009138
1046464
1086860
1127924
1208782
1268948
1304518
1339272
1376032
1433864
1482490
1526404
1578614
1663388
1707808
1763008
1812040
1858840
1913864
1959288
2020860
2113352
2185722
2256288
2303982
2371012
2420244
2475860
2534250
2600084
2672746
2748512
2811800
2858800
2922938
2972860
3076542
3140488
3276838
3336880
3443784
3515880
3615458
3699628
3807362
3870060
3951806
4082916
4142886
4257640
4324920
4390592
4462030
4566164
4635028
4751852
4822780
4944388
5018374
5118448
5191168
5293808
5411010
5493800
5592304
5737996
5862594
5960416
6075328
6156716
6252420
6353876
6416854
6583444
6708362
6833132
6898314
7066088
7138426
