1034
3236
6636
9952
16146
24632
32118
42204
51626
60280
74614
90880
105834
122176
139600
154988
173530
198536
217658
235972
254774
275148
296654
323044
356756
390680
411630
439236
466294
503252
540564
577996
615916
643416
672550
703296
733396
781056
827044
870292
922734
964024
1014372
1070076
1105080
1150244
1209264
1281444
1331304
1391812
1444730
1501624
1557750
1630984
1685710
1743372
1812170
1867552
1917952
1981268
2048014
2115300
2181062
2265920
2336906
2405288
2466108
2546912
2642280
2715532
2794636
2880820
2944632
2999896
3065206
3163988
3252932
3356520
3435528
3492480
3547052
3632604
3729552
3822140
3915594
3971164
4093266
4189888
4315182
4385376
4506450
4587344
4656464
4750804
4878166
4996144
5101750
5209360
5359938
5470204
5595664
5706620
5816922
5917320
6017584
6120304
6241616
6353028
6450630
6607416
6723468
6848080
6935378
7028060
7147484
7250820
7347236
7455336
7544718
7678964
7816646
7955720
8105252
8227444
8354154
8507340
8637878
