118
480
1546
4188
6668
12264
17506
21072
32740
43160
51786
59996
68174
79224
90874
102164
114448
128104
143032
153444
171830
185072
200008
213624
234006
256268
273398
298260
323908
360308
385540
417376
435156
462672
489146
518432
544532
565704
605246
636140
688414
727260
769624
803392
836898
884408
922828
953648
980890
1018612
1046448
1087544
1133566
1158428
1210104
1274000
1326082
1380144
1422826
1467284
1520674
1564864
1632008
1688968
1732466
1784292
1860244
1901640
1947000
2009720
2094696
2145444
2195822
2250752
2304144
2355548
2429764
2481532
2572730
2662840
2703240
2772060
2839724
2904748
2978760
3082936
3180564
3258904
3357676
3419924
3518326
3611496
3658302
3756288
3857392
3925500
4030304
4154908
4261952
4343244
4425960
4499860
4574430
4665956
4770564
4903000
4965598
5049872
5147012
5226444
5309086
5431640
5553756
5658788
5729396
5829260
5910024
6031588
6127178
6236844
6342764
6448044
6558030
6668720
6798162
6924484
7003098
