660
3376
7602
11280
17260
24468
33308
39344
46724
56916
67376
83760
95162
111284
120938
138584
155738
171188
185138
205656
227384
247044
264138
291832
320400
336012
364512
383112
406776
443604
480076
520836
548728
593768
627614
652316
684550
714280
751172
791428
831922
878156
907324
947044
972428
1017972
1051216
1100284
1153744
1182092
1218932
1259980
1299710
1345708
1385906
1420020
1478396
1517708
1563738
1605448
1651566
1690284
1756280
1829156
1886100
1934624
1984994
2049780
2113406
2163328
2215386
2278820
2329782
2401844
2466756
2548520
2619070
2700400
2753140
2844852
2898384
2997128
3070646
3173560
3254430
3375148
3448376
3547672
3640128
3720396
3784998
3886744
3968762
4037264
4145914
4221372
4308754
4395188
4447436
4520700
4598004
4716608
4807432
4916812
5034564
5104396
5199470
5292352
5415890
5512216
5614596
5684088
5777780
5919216
6040722
6146868
6281886
6356752
6515900
6596100
6710360
6853960
7023756
7148420
7262656
7397000
7518566
