1200
2440
4356
6712
9754
19368
25778
31680
41458
50532
60532
73336
84778
97516
110602
124484
140442
151696
164572
176500
193070
216560
240898
263212
286884
316300
338402
369556
393218
418580
442388
470424
490694
518340
546150
570484
599762
627036
658546
681408
716014
752392
780938
821832
864224
908364
952426
978764
1024244
1082340
1138128
1181900
1217420
1248556
1303108
1345788
1417170
1481408
1568328
1604524
1639328
1676536
1731958
1762724
1811400
1872976
1912076
1982120
2043092
2116200
2164580
2236220
2299952
2343856
2442134
2521240
2578402
2650064
2718146
2790200
2865518
2935540
3024994
3083408
3143606
3209592
3267802
3327988
3381888
3489352
3559756
3656308
3730638
3789776
3883062
3962952
4039588
4141128
4226614
4313316
4420242
4566748
4634006
4717712
4805890
4912964
5015288
5113384
5257086
5334452
5429432
5545812
5677510
5775740
5904622
5972208
6039614
6134156
6238490
6324616
6477510
6588572
6685708
6765652
6892768
6987132
7110106
