954
2548
4774
6736
10600
14776
18636
25004
32376
39624
48126
57836
64312
72256
83598
95724
107398
123748
136770
148276
170562
190112
207552
224544
240466
265724
288154
308080
335612
353132
378438
394532
415852
451060
485180
512920
546884
571236
607670
644300
672678
707768
745434
777696
811712
850532
884736
922064
982002
1018020
1061276
1101512
1159364
1209636
1251926
1291600
1340584
1398700
1455448
1492188
1545238
1591900
1642932
1689272
1745382
1816512
1871310
1928916
1983858
2029968
2087764
2132712
2184954
2243804
2301762
2363372
2461704
2553572
2627914
2700628
2770962
2836432
2889758
2961884
3033104
3089436
3129438
3202844
3270250
3357636
3416974
3476116
3559322
3641104
3714554
3802512
3920080
3990480
4087584
4171984
4244902
4332000
4406400
4490340
4565152
4625500
4721888
4811228
4934098
5036156
5101044
5172780
5278262
5374152
5469420
5555732
5646566
5768220
5880554
5966156
6050362
6154980
6293348
6411676
6535452
6638168
6745250
