160
1424
4396
6768
11394
15336
21784
28032
36682
44320
53064
62528
72328
83240
91182
99476
110992
127324
138506
149840
178554
191672
210624
237112
260384
289488
303302
339188
353954
390840
409202
448128
478124
506632
535416
574348
599386
620960
645448
679244
700950
724572
757586
805336
842372
889448
917690
979728
1031508
1109472
1166582
1223352
1287616
1323632
1386886
1443544
1489714
1561852
1608640
1655268
1698190
1744008
1790718
1837056
1887940
1946388
1990694
2053464
2093500
2142980
2211548
2259052
2310336
2359328
2413254
2482876
2529652
2606100
2676442
2751744
2797232
2866536
2917442
2972060
3051718
3107732
3189704
3268008
3342690
3414908
3502990
3568964
3665362
3718392
3840442
3969312
4026900
4104648
4200726
4273412
4352810
4461024
4537448
4644756
4740026
4796096
4856426
4922296
5027196
5108392
5210248
5269300
5375214
5464336
5547066
5679764
5817594
5878932
6005718
6108616
6272912
6384420
6531586
6617608
6681740
6818296
6971266
