694
2020
4280
6648
11496
18172
25076
36332
44832
50340
57738
71616
79446
91012
103366
119112
135596
148336
167212
180988
199648
220540
247180
263076
280184
295816
318778
339552
358112
392512
412818
434800
462510
497500
528248
565836
602630
636832
665366
709784
738690
786636
815986
842224
888790
914484
938672
968656
1006542
1042172
1081652
1110872
1136744
1182416
1236050
1281384
1316644
1364600
1412094
1468452
1532812
1574076
1615686
1676832
1716198
1773856
1846924
1945012
1998124
2080576
2145440
2228448
2286248
2359332
2406844
2472920
2549046
2604984
2683304
2764936
2879776
2960016
3059228
3115440
3178858
3228288
3334476
3400840
3467456
3555240
3635472
3690564
3768922
3831192
3905674
3967960
4038004
4193540
4281720
4402152
4459196
4551872
4661242
4752480
4851346
4993752
5099948
5175120
5273502
5362044
5486358
5565260
5663486
5782380
5908744
5997772
6118772
6217272
6281618
6393848
6492766
6557436
6718032
6826024
6907608
7038492
7156376
