720
2568
6030
9972
15370
19580
27672
36072
44326
55084
64258
74744
85910
94800
117670
131456
153730
170524
196998
215544
237732
259408
277256
300004
318582
344980
379976
403404
432162
466716
492372
514028
547280
583676
609174
640080
670272
711604
748090
808128
847076
878500
905292
940564
982896
1042696
1089052
1142576
1171144
1211268
1265502
1315508
1360994
1395872
1466618
1511184
1560882
1596360
1629548
1674372
1711948
1780004
1825698
1887076
1933108
2058908
2112234
2223664
2296402
2375964
2453188
2521168
2578884
2629380
2718058
2780472
2874232
2937716
3019646
3114772
3207032
3292712
3360120
3445780
3523578
3603188
3679472
3776584
3846584
3959140
4042034
4119448
4198926
4294732
4406290
4477008
4567968
4668676
4759798
4841780
4933516
5007516
5100896
5259380
5359300
5494800
5608270
5745284
5886338
5975800
6105510
6239736
6320814
6449272
6599274
6699852
6809302
6918536
7059692
7151256
7271634
7403992
7511740
7596744
7709140
7807288
7979596
