702
2224
4536
7184
11218
16476
21594
29088
36914
42544
49838
59424
73800
84204
99896
116768
132332
151380
167058
179948
198398
230760
246366
263104
278132
299996
321914
344192
371906
396840
428242
450036
480222
499380
531594
552288
580730
614816
639730
675384
708778
732580
771996
826160
879928
927312
967832
995132
1021586
1070468
1128400
1175712
1214034
1242892
1296060
1351412
1413604
1487944
1545976
1588996
1624430
1678684
1751618
1815388
1865394
1917284
1975428
2033204
2100154
2157560
2199974
2251052
2303890
2406992
2491844
2536368
2607376
2704476
2770240
2836360
2904932
2998008
3048928
3173876
3219524
3281684
3381822
3467700
3554568
3628832
3711550
3774104
3846684
3937544
4049338
4128984
4248214
4341856
4412456
4523788
4621718
4701676
4793498
4900176
4967276
5064712
5161066
5271816
5385508
5468656
5539444
5637396
5732238
5822180
5903322
5989644
6141100
6251116
6382828
6511236
6601700
6722748
6809682
6941692
7097134
7228752
7330024
