1156
2604
5700
10740
15408
21548
30522
37652
43988
49688
62366
74688
88826
101808
116270
130252
145106
161592
184946
198044
214106
232236
249284
271156
290656
315096
336812
353452
394396
425644
453018
486520
505458
526536
552254
582240
626026
657944
685966
730312
780198
807744
856446
897520
927090
974220
1023518
1061992
1098650
1152208
1200480
1241144
1270134
1316988
1351406
1409480
1465774
1495192
1571542
1605008
1668290
1717432
1769096
1817240
1875840
1945184
1980272
2058168
2104028
2171584
2246170
2290744
2350600
2407900
2486510
2531616
2574772
2661800
2720754
2808900
2896626
3002072
3089342
3172756
3238338
3316800
3397846
3457708
3548698
3627136
3725298
3790924
3873790
4009788
4083242
4217992
4293276
4377664
4464560
4547080
4617520
4688032
4801308
4886996
4968626
5072556
5202536
5291212
5369164
5475288
5610786
5758568
5847852
5968284
6100784
6180376
6285794
6370268
6497840
6626480
6709908
6840596
6983264
7109356
7236366
7384828
7511394
