200
2972
4712
8096
11438
18864
27656
33872
41372
54012
67558
77316
90314
105080
120618
133052
145420
162808
173036
191992
207832
222516
236796
251820
276404
296328
324908
348092
371712
391264
418852
455640
488272
510952
546620
575868
603744
630912
668348
701560
746536
793632
830088
868460
914468
984444
1018230
1045704
1087380
1119100
1171502
1208572
1259558
1320872
1386172
1438092
1500264
1564412
1616548
1664772
1724084
1785320
1863438
1939892
1995834
2047088
2108144
2189764
2243872
2320656
2412664
2485768
2545998
2611724
2693128
2781164
2869918
2942792
3016666
3113956
3218584
3292272
3404054
3484520
3570424
3675824
3760522
3846204
3919802
4011348
4095286
4195572
4267080
4370456
4475726
4564888
4703032
4818824
4946624
5020120
5117238
5194108
5292982
5388328
5493640
5610604
5697822
5767356
5859862
5982748
6116650
6194488
6294628
6369884
6470202
6559536
6645456
6777456
6882098
6964320
7109212
7244528
7346910
7445888
7548440
7633468
7768578
