680
2904
5714
11196
17364
23860
32868
40740
48002
60568
67254
79060
92888
111340
123136
132568
145384
155808
166872
182144
211484
224224
249772
264128
288702
331620
351670
388624
409528
440868
458402
488400
514336
547084
584122
618208
651952
696340
743220
789580
839418
890256
930878
961028
1003394
1068440
1122652
1183000
1222410
1260892
1305420
1346748
1394996
1467984
1511782
1570156
1611662
1655332
1694678
1740424
1779274
1841948
1903846
1955300
2026728
2095860
2167530
2232820
2292908
2374480
2449582
2533480
2612230
2699136
2743770
2848268
2909712
2972328
3029970
3089988
3147006
3255616
3354062
3422652
3495606
3551508
3610036
3681840
3770192
3860584
3974046
4105912
4177226
4291016
4364746
4476184
4562570
4631992
4745700
4857712
4937462
5028092
5132484
5274492
5416694
5499744
5584300
5664244
5799160
5932780
6009850
6112520
6206840
6278924
6377620
6466976
6550994
6664960
6779780
6897468
6995058
7105012
7228282
7322288
7446172
7522644
7637958
