584
1612
4690
6772
13532
18228
24904
38580
49668
59764
70876
81156
96034
109400
130380
143840
160518
173644
200390
220784
251264
270580
288000
315080
346906
379684
407188
444660
474792
504536
537618
573064
619002
645060
678174
726924
767736
813108
855642
884040
928248
959492
991716
1033988
1063554
1109240
1143652
1177848
1259684
1323288
1364250
1411696
1446930
1494708
1553154
1610352
1666140
1742260
1810888
1898284
1957612
2028224
2070812
2134216
2191168
2278540
2330058
2432832
2497756
2577248
2626362
2739576
2805410
2899740
2964636
3059264
3133568
3197168
3283358
3372836
3456750
3562724
3635990
3696048
3780260
3864132
3935308
4032020
4096002
4176272
4295566
4363656
4428208
4511136
4652546
4732700
4896736
4995420
5109656
5206892
5304404
5387388
5528448
5620532
5738502
5801260
5923852
6006436
6138090
6235304
6323320
6441704
6531368
6604972
6690782
6784360
6868458
6954640
7068598
7194364
7338044
7431448
7552342
7730204
7947406
8054628
8210744
