322
1372
4070
7572
10420
15256
20966
27200
32572
41676
50512
58472
69792
81840
93758
109836
121630
138888
154624
167956
180780
194448
218896
242304
263030
289964
317454
344828
372398
394236
430762
451256
484812
535112
565562
603148
636790
663060
699206
735624
759544
794380
842750
869716
909208
950104
993806
1035784
1075616
1127412
1171324
1220068
1286152
1330484
1389134
1448572
1490526
1548648
1619654
1688804
1760862
1827520
1888102
1934532
1986690
2028652
2084038
2160280
2241118
2316284
2364928
2439076
2511284
2578032
2626908
2673388
2734282
2849552
2937044
3005036
3093792
3208648
3282530
3351244
3459454
3535104
3670912
3747184
3841900
3945340
4024114
4087900
4157782
4256900
4359398
4414456
4499798
4640084
4744452
4832724
4908526
5065752
5150830
5257256
5371020
5495428
5613152
5694968
5796794
5888000
5962962
6071092
6162122
6255248
6340648
6438304
6539604
6652024
6719524
6821300
6908584
7031496
7119024
7193020
7330182
7443820
7545556
