1156
3344
6164
9904
16270
22484
27916
36964
45676
52484
60416
73036
85524
100100
111852
126988
138346
154288
174466
193376
211488
233336
251080
269920
290400
311560
332558
352460
377672
406364
437072
463056
493792
520972
556030
580728
613498
642020
667426
688480
734462
761964
800342
836968
862842
900892
947124
988380
1045972
1091028
1143082
1195452
1246128
1292012
1338108
1390888
1460834
1508000
1565606
1618428
1678786
1716424
1763044
1812340
1880614
1955400
1999930
2089848
2153514
2213940
2261176
2309440
2374348
2442620
2515236
2609656
2662728
2739096
2807934
2899780
2950756
3021268
3069332
3115120
3183176
3286760
3372658
3448692
3515108
3634684
3696700
3792632
3876220
3960500
4065086
4173068
4279108
4369204
4452642
4532732
4641098
4743144
4865344
4959856
5055180
5148700
5257106
5336156
5444886
5535040
5631212
5743016
5841506
5931324
6062486
6130460
6235206
6350292
6453802
6544308
6638064
6710108
6827652
6923036
7050806
7184204
7322676
