472
2000
4082
7264
10194
15284
21172
27408
35662
42488
52978
63108
73172
84368
95100
104432
115122
132196
151528
169360
181858
203228
223106
239816
267576
285988
312082
332184
356612
391928
421878
446968
465218
503276
544694
574688
605994
638432
667448
697328
722136
747480
779282
814384
842368
879244
915504
961188
989352
1035468
1089470
1118496
1153882
1185556
1220702
1267480
1307962
1362728
1400410
1456484
1504784
1585228
1642126
1673624
1726520
1783504
1829938
1885140
1920894
1959072
2005198
2045496
2102286
2171732
2237644
2290488
2372168
2430460
2488194
2581408
2652712
2707960
2783884
2855420
2935684
2994320
3066902
3162248
3223142
3300680
3393410
3442936
3523078
3627784
3716622
3816440
3898560
3989472
4063928
4145184
4209656
4279360
4356300
4431136
4511846
4600144
4672954
4779532
4835884
4934768
5032592
5157652
5258010
5362792
5451010
5545048
5656658
5781700
5878424
6023656
6194208
6280712
6368982
6465172
6586790
6674908
6806194
