672
2452
4724
8652
12068
18916
23852
33320
39298
49452
59716
68944
87428
106144
120610
133572
152242
172528
195666
212236
231124
250132
269160
295368
312044
335828
373720
394464
411934
441656
467734
502728
536078
560628
591084
618728
646492
673380
714032
742440
769950
807360
853576
883024
927632
957388
1001198
1045508
1109406
1172692
1211646
1248824
1290792
1332344
1369606
1408020
1436960
1468716
1521530
1570108
1638244
1683288
1731812
1785920
1833854
1874844
1929346
1966648
2020394
2072088
2137826
2232320
2312748
2395584
2448470
2564400
2634144
2680416
2762912
2822724
2869350
2940080
2986540
3043580
3094290
3176484
3263546
3320516
3388226
3466060
3549268
3627420
3704592
3759468
3814976
3898800
3969956
4059420
4140108
4186592
4340384
4435708
4507888
4575252
4667652
4762660
4822298
4918716
5029348
5118384
5211554
5336660
5479606
5571496
5657506
5731956
5819158
5917840
6004354
6102396
6208520
6364480
6446894
6510940
6620830
6718348
6795974
