324
2348
5376
8140
13968
19096
25702
35692
41796
48088
65626
83168
93348
103764
120986
133840
150410
163248
182510
198744
210958
233780
255150
271548
299886
322924
340760
360500
395730
416908
451032
472392
517954
559584
583010
616380
651846
678596
716758
751056
772616
816388
855408
900300
944348
1007052
1061852
1095816
1135640
1183936
1251266
1294544
1327046
1383708
1462248
1511852
1563910
1617980
1672124
1712244
1759746
1798672
1869978
1939380
2039920
2092624
2134988
2227488
2305398
2380520
2478822
2535420
2603342
2673632
2751150
2818012
2897254
2949036
3023612
3085256
3190984
3247292
3366860
3432196
3496810
3594308
3664274
3726852
3815002
3915844
4019534
4111092
4218596
4296600
4426030
4522380
4592824
4709736
4799012
4912352
5030414
5097948
5169016
5305968
5421720
5537568
5687622
5811124
5951292
6090300
6162248
6236928
6306354
6439380
6563550
6673236
6762452
6858168
6987214
7119420
7224760
7372116
7477390
7579620
7726752
7873212
8027038
