272
1288
3250
5776
12124
15528
19854
27180
35944
41232
46370
56788
63304
74024
83094
97564
117502
127960
140316
153068
162648
179392
199828
228104
257700
283464
299562
314596
335264
349304
369578
395308
425516
445128
460534
480404
508110
529096
556312
585328
626416
649604
684068
755660
791880
813668
864490
911956
933650
974844
998038
1060956
1092564
1131356
1203534
1242004
1289874
1359384
1436394
1486904
1555080
1608564
1659260
1714944
1758572
1799840
1857294
1942008
1975178
2060524
2143384
2227844
2297554
2333408
2378630
2443916
2541188
2648780
2714486
2794808
2842664
2964292
3042486
3118884
3194900
3261220
3327926
3413192
3526724
3591380
3693266
3759320
3821888
3915312
4011164
4093908
4170320
4233348
4315854
4397152
4450674
4564516
4649728
4716232
4804310
4938912
5006040
5060624
5169280
5260072
5357552
5427644
5570326
5708476
5834198
5926024
6051128
6137496
6198690
6264652
6435446
6529720
6651068
6740076
6820538
7004344
7087112
