480
3364
6804
10020
14532
20448
26404
34824
52678
64220
77608
87480
106458
118764
135848
155760
169760
184560
204142
219800
245396
269240
294134
331324
350734
374460
403936
442100
471690
491872
522348
554508
578244
612480
645208
691636
724706
787428
821600
866908
902936
944956
976498
1010604
1040888
1082188
1116254
1157980
1217452
1267492
1308430
1370500
1423632
1496836
1547214
1602096
1661164
1747192
1820756
1911760
1987824
2070152
2167478
2223104
2298446
2352992
2420362
2498060
2552176
2629272
2701106
2760540
2889184
2958356
3032224
3104768
3186308
3267552
3322500
3400236
3479036
3596492
3685874
3772640
3849048
3925496
3984072
4062860
4158490
4274972
4370928
4514636
4599218
4714896
4794250
4921408
5021440
5114248
5198428
5302796
5381716
5518664
5614726
5713712
5841226
5975192
6121790
6234992
6320554
6411936
6489888
6575228
6680728
6799856
6962496
7077172
7247026
7370792
7471496
7561872
7686824
7813208
7970696
8106824
8248864
8343508
8443810
