494
1724
3756
5456
8330
12500
17078
24960
29746
35968
40784
48160
55684
61776
71700
84892
97482
109972
120446
134340
143808
153004
163936
182784
206346
225176
236414
247792
266010
291232
306960
321948
350450
366900
390590
413492
442074
465708
504164
528556
557754
582304
602556
628272
647000
674500
731574
761696
793400
814520
844048
883196
918748
962864
1010426
1047324
1082014
1106592
1149148
1178096
1214700
1249416
1284880
1332208
1370914
1410408
1451388
1486512
1528000
1568856
1617494
1668736
1706666
1778348
1844490
1883848
1915380
1989312
2016918
2048932
2112772
2162716
2200190
2249104
2316540
2393864
2501994
2559828
2607630
2689916
2742370
2816224
2862298
2971428
3052292
3114544
3218916
3259976
3309402
3379496
3434130
3487604
3558416
3621504
3660466
3710868
3781540
3865596
3910904
3981964
4076680
4142472
4224014
4300988
4386432
4446476
4521250
4606592
4683340
4796288
4878526
4955420
5007530
5118332
5225624
5292252
5359368
