1004
3372
6384
12596
16588
24400
30650
37572
48054
59736
68852
78352
86046
99452
117214
134036
148426
162952
183852
205948
221856
244572
269182
293736
315272
345088
370874
396340
433502
470204
497326
527696
568244
604068
629098
661704
702872
750128
786450
831988
884422
928816
988738
1028528
1072834
1112664
1156724
1197948
1268682
1311504
1349964
1400356
1435148
1487732
1536450
1580244
1638522
1695944
1752890
1812532
1879450
1932520
1994622
2083540
2157128
2221184
2283496
2374188
2423936
2490532
2549906
2631264
2690374
2769052
2855980
2917904
3000626
3064504
3153494
3219076
3299170
3360968
3421092
3518972
3606946
3709324
3791660
3854044
3956804
4059244
4136390
4239732
4366952
4457024
4540218
4603704
4691290
4790568
4883152
4957704
5033854
5197304
5275706
5387488
5491530
5599736
5704882
5838468
5965752
6033116
6166226
6266232
6373586
6454724
6561160
6666708
6792156
6907396
7017896
7118164
7200428
7292412
7416618
7551928
7723702
7819516
7939032
