250
1224
2688
5372
7846
10624
12978
16032
21388
25288
33934
45036
55302
66872
82426
97840
112588
130928
147210
172104
189794
208392
233572
248260
265098
294096
310244
337580
361822
376724
397708
433724
463648
481456
506972
530616
561154
604140
629816
660304
698300
733984
788846
851152
892902
930884
963364
1009704
1036970
1081668
1129296
1185672
1220196
1262688
1297776
1339836
1376054
1428936
1479662
1533068
1577256
1610816
1660588
1727408
1793042
1830160
1879428
1925244
1989184
2078836
2121010
2169084
2266174
2327092
2388890
2441752
2534176
2600324
2685582
2755892
2851274
2952836
3014524
3081336
3137826
3203164
3291924
3358492
3458336
3511804
3621188
3729956
3808504
3907464
3993754
4108480
4188806
4260724
4354242
4431416
4531254
4603648
4674912
4751572
4842700
4940808
5039008
5165124
5238886
5343352
5456882
5586084
5714434
5790524
5892078
5980204
6093888
6219500
6317082
6419336
6540552
6625172
6710706
6804608
6885614
7052148
7190370
