512
2852
5742
9584
12696
15808
20674
26816
33226
43904
51822
61080
70338
80632
98756
114780
127294
144944
164278
185068
200660
223512
246246
267916
291286
315316
334940
358392
376808
405100
435048
461676
492202
519252
555208
592244
623316
645248
677536
729356
766582
801296
835510
867472
912648
965836
1025936
1066020
1112842
1170300
1220134
1273420
1317828
1356144
1417658
1455804
1505234
1565344
1636736
1681364
1744316
1835884
1896670
1942012
1986116
2054108
2112582
2171976
2240642
2283740
2343194
2392560
2462074
2527252
2572354
2629076
2723250
2817008
2906578
2986516
3045440
3165704
3258638
3365652
3463534
3574116
3657868
3749164
3841038
3964252
4024610
4101316
4171252
4287904
4412940
4504976
4596250
4659720
4735474
4859816
4942030
5041552
5130874
5250540
5368352
5443124
5563374
5628712
5690440
5796900
5866646
5992760
6095818
6184404
6293460
6409348
6504040
6630324
6702658
6865624
6955982
7080612
7219308
7365448
7487162
7617404
7745154
