978
3900
6516
10624
15992
21480
28092
37512
43728
59916
70378
82760
94456
113164
132746
145468
163112
178740
193528
209292
230486
255868
277644
298344
323252
339928
381840
404296
428834
464988
502526
526940
586532
609672
647386
685060
729706
767604
806806
843488
897988
929940
961580
1002800
1034706
1075412
1121116
1160756
1208628
1251280
1302214
1361324
1408132
1468688
1567436
1617448
1691538
1752576
1832652
1898328
1954300
2005740
2058792
2116196
2199276
2255924
2309956
2378724
2445318
2546788
2595372
2646268
2712374
2789828
2895490
2989256
3062600
3132344
3236354
3286800
3375878
3460884
3513450
3584576
3661952
3719040
3795686
3875788
3970346
4058948
4156900
4249556
4333456
4455680
4544928
4655232
4768026
4850624
5003752
5111504
5199510
5302340
5388796
5484496
5574122
5685624
5807398
5932480
6033942
6102768
6248038
6412920
6479080
6582496
6690018
6811044
6898526
6983024
7080970
7208192
7332906
7533744
7723992
7826064
7949568
8063520
8184094
