78
1000
2882
6796
8706
11768
15888
21024
26664
34708
43060
51336
62064
75204
86840
98488
107466
125856
142524
152740
174972
197932
215188
241612
254244
275692
292522
315164
340410
364760
387504
403160
421672
463264
489896
507324
537712
562608
586616
611064
652208
688184
722394
768320
798518
845212
868208
912652
942744
999088
1036546
1068536
1099676
1142308
1177704
1238280
1293480
1324700
1363766
1416152
1462310
1515908
1575398
1631932
1678044
1742320
1780972
1832724
1878948
1916932
1973834
2018444
2076614
2152156
2203134
2288500
2377028
2449680
2519276
2578668
2648782
2721432
2760548
2823532
2870066
2961056
3038380
3089528
3161586
3226900
3296940
3350144
3431296
3502420
3588072
3668996
3777196
3862168
3943066
4038744
4114104
4211456
4277010
4351608
4411622
4498144
4590880
4656700
4772050
4856492
4959536
5084680
5174772
5268412
5416540
5515216
5592934
5677444
5780312
5910992
6008124
6087948
6175668
6285780
6399220
6519004
6598382
