502
2188
4458
7392
10628
15560
20344
26616
34558
45920
53664
61432
73078
82824
93162
106136
118714
141312
161550
175476
188904
200432
220914
245072
262036
290792
309936
340260
363408
390196
412124
427568
453456
495676
531966
563600
596062
622188
658628
681188
718514
765340
792940
834560
874914
917032
959322
996436
1035672
1066108
1098092
1142864
1185252
1229208
1288848
1349908
1399358
1430832
1498008
1573352
1625052
1667804
1720738
1770392
1815040
1881456
1933382
1988660
2051528
2097808
2142776
2190360
2251962
2321336
2373190
2430364
2477676
2524628
2596766
2646464
2730914
2787524
2856618
2936964
2994264
3074068
3123148
3228796
3274266
3370952
3449856
3533880
3621198
3673668
3761500
3846172
3943586
4011684
4110490
4178872
4293966
4361600
4452464
4560000
4674696
4791376
4897900
5006588
5073462
5181948
5288942
5381056
5469828
5542328
5612958
5726676
5825720
5973048
6049662
6140700
6244982
6325364
6425052
6554892
6618102
6691652
6796974
