582
2568
4518
11516
16770
20708
27042
37452
43688
54692
63184
71268
79450
95240
108064
121428
139218
151904
166864
179456
190224
214308
236824
250020
277226
309872
333650
365432
386436
425720
447240
475564
510654
539644
566564
598308
618198
667404
690990
734896
769826
806204
837660
870600
905448
941204
978812
1022684
1055254
1100080
1150612
1196160
1249968
1306420
1358772
1395428
1445874
1504092
1561658
1606444
1669340
1720684
1786494
1828200
1886354
1955312
2022322
2091444
2150910
2255656
2308312
2366944
2417870
2518648
2579864
2666428
2741116
2811636
2870766
2922976
2992650
3059300
3124258
3185112
3250886
3309308
3372674
3438132
3532870
3626320
3686284
3787008
3901578
4011100
4098312
4182372
4267902
4339456
4408908
4550152
4656050
4764916
4856648
4953684
5040158
5157404
5262088
5336064
5422722
5501964
5607402
5730232
5845938
5930024
6069636
6248956
6351338
6434792
6514780
6645192
6755346
6875884
6975398
7076632
7196488
7292748
7386866
