146
1736
3332
7092
11138
15992
21320
33384
41662
50632
60988
67752
79274
94684
105786
119460
140822
152676
167020
178412
206060
225452
246362
263376
278116
304704
333344
371720
400248
416488
449988
483740
517440
541504
585754
628096
661954
693752
728684
767556
808600
851244
890238
921396
959268
1013808
1054256
1097668
1141244
1183840
1221328
1268520
1316146
1358080
1426552
1476708
1507946
1550220
1592140
1624212
1691696
1745292
1812034
1881060
1927370
1999840
2062006
2130272
2184406
2243300
2317386
2369860
2432724
2482804
2545912
2637728
2697770
2785820
2881914
2945732
3014394
3127376
3231956
3309460
3377018
3442324
3525924
3598312
3670880
3770392
3824762
3931204
4008704
4069384
4180610
4261600
4326894
4405984
4464758
4554748
4660762
4740156
4837670
4938084
5021804
5135504
5245110
5353680
5471070
5530244
5651038
5750240
5829380
5934872
6054318
6127848
6202194
6322316
6431750
6521596
6608412
6725352
6797572
6880208
7015038
7120428
7224474
