742
2208
4710
9208
12082
16320
22502
27132
36432
49632
63690
81628
97658
107708
120338
135424
151802
179592
200650
218332
239254
259640
283052
309152
328134
353976
374216
390136
414592
441804
475816
500440
532818
557736
587752
618504
654702
686152
718766
767444
808814
840804
873642
908404
954326
985092
1016916
1048172
1090826
1138228
1191114
1242688
1303746
1347184
1406654
1460936
1516898
1548148
1606418
1677756
1721540
1765532
1811736
1901556
1949758
2001496
2048972
2102392
2176772
2247144
2321588
2370968
2446428
2487888
2591358
2685864
2744832
2825428
2866960
2910220
2970838
3060688
3115716
3212888
3276474
3369696
3432892
3518664
3627304
3712692
3769540
3819328
3893552
3978404
4080944
4160788
4247952
4334748
4455208
4535712
4615808
4702624
4789244
4887208
4942824
5064000
5165792
5251692
5378782
5467992
5627674
5743308
5866744
5999636
6079654
6140876
6261504
6366860
6444180
6523904
6608940
6780112
6869288
7006092
7082674
7200116
7321112
