318
1520
3100
7356
11942
15892
20074
26008
34130
41848
50854
62408
76130
93172
100624
111564
126028
144236
165270
183792
197976
211692
232868
258788
277424
306856
326266
351404
374336
394628
415640
440324
469370
507196
537616
567412
597510
641776
669128
705636
750068
794220
831440
874288
903020
951980
976974
1004988
1046508
1092612
1128662
1173652
1218438
1272636
1308956
1362768
1422464
1469848
1541448
1587192
1621264
1660148
1698096
1751876
1798284
1847372
1901074
1968568
2009906
2087288
2128028
2174172
2224134
2296428
2371128
2419484
2476644
2544072
2609998
2678320
2759544
2855836
2938776
3022020
3071864
3128588
3197430
3269368
3346472
3443480
3531032
3574296
3623384
3715004
3771670
3828972
3909166
3995820
4070434
4138612
4213712
4310064
4378546
4458452
4548652
4621624
4698570
4797796
4871558
4943624
5016738
5113000
5228864
5331648
5406136
5542148
5630922
5714852
5796476
5863000
5964668
6044040
6143504
6229660
6295312
6421832
6520226
