344
1732
4968
7156
10668
15760
21220
27844
35338
44240
51250
59488
70514
80700
93832
105440
119728
133744
153862
165180
189230
202708
231148
247096
271968
291764
309754
332016
356750
378012
400450
426976
442118
462000
491468
520460
536898
567112
587854
619848
645856
679772
730208
761072
817972
841504
866190
894268
945600
976668
999438
1048688
1082478
1114404
1159514
1199024
1254402
1293068
1360380
1416216
1501592
1545856
1605840
1640844
1707788
1738224
1801670
1841408
1874246
1942440
1981950
2043660
2088446
2138868
2196866
2251676
2302278
2375972
2425778
2496604
2553848
2627864
2676638
2773288
2845316
2923872
2984736
3047320
3133892
3204820
3260618
3356344
3429510
3512204
3572848
3653316
3709198
3788156
3842152
3921560
4024388
4116132
4208218
4299436
4380454
4457228
4539222
4654632
4702764
4797064
4908280
4989004
5069890
5188300
5251970
5326952
5389022
5536092
5609002
5733704
5872660
5944844
6049218
6180228
6257470
6429940
6521678
