514
1200
5434
7284
12482
19280
24434
35000
41030
53488
64006
72128
79660
90896
101192
113608
123350
131436
147974
170780
183982
199300
219094
240488
259228
275740
288112
319916
336830
356380
387306
413544
437378
463680
482992
525228
562150
588112
622104
645424
687102
730200
764168
800944
837848
871052
898202
930340
959634
987516
1016872
1063544
1119518
1167700
1202052
1234884
1274664
1326540
1360100
1400756
1440326
1476384
1515046
1601432
1656642
1712220
1775360
1846816
1895318
1965632
2051850
2109232
2163250
2258316
2347976
2394912
2434128
2529040
2581508
2638744
2692538
2741816
2804930
2860704
2909562
2965184
3038056
3100000
3155160
3210684
3318298
3378932
3494278
3572124
3685292
3765448
3837014
3919604
4016114
4081348
4156396
4274060
4355660
4443668
4525322
4583364
4678756
4781980
4887214
4941424
5039482
5136576
5225454
5293500
5394190
5464424
5543160
5644936
5760454
5855660
5969096
6103976
6198830
6282412
6351348
6432604
6580524
