438
2240
4614
6916
11590
14132
18502
21980
28940
35360
40956
53016
58974
67500
79946
90696
104428
119440
129354
143172
157410
172480
184916
199412
212438
231168
252158
276932
292864
309336
329456
343052
365286
382272
422164
446612
468662
484052
525056
559184
577496
609268
645982
671344
710048
737912
777296
812088
851680
886412
932284
974116
1006150
1057196
1089932
1148904
1181228
1215320
1269658
1306584
1351942
1389068
1425376
1465240
1525420
1576388
1630564
1703160
1751086
1813396
1851536
1902064
1953266
2018816
2068892
2131656
2178688
2267000
2307190
2373328
2441386
2496124
2542096
2597232
2650236
2693604
2737850
2817536
2857522
2931888
2973108
3025328
3105346
3166744
3212428
3270068
3340150
3402684
3442846
3507712
3581900
3637664
3702286
3779580
3849650
3910984
3972682
4021984
4071160
4163780
4236612
4314400
4405250
4477516
4553506
4637236
4727176
4775404
4869354
4921092
5002750
5105980
5257702
5319024
5384378
5450636
5519274
