42
2048
5670
9328
12980
17428
23968
32900
39712
49624
58240
71528
80628
91096
103894
118656
132714
147424
167128
190228
212050
246828
278232
300400
323616
345716
369486
388672
414528
442572
473758
503292
528932
555464
593454
643600
688904
722580
759276
793404
831140
873428
918376
954120
1000446
1036672
1067308
1111452
1145702
1177648
1209442
1248956
1306092
1361660
1396974
1452676
1519364
1604948
1678964
1738672
1780652
1848844
1918450
1979136
2051396
2107640
2164020
2232176
2295904
2357224
2420722
2484064
2529498
2595436
2686888
2796728
2914856
3006904
3093806
3166512
3272846
3336476
3444474
3516348
3569830
3634460
3724440
3798760
3890918
3948892
4051278
4159868
4253122
4337840
4465922
4572776
4661164
4737240
4841568
4931592
5035904
5138216
5209732
5300708
5413360
5479736
5596188
5708072
5788224
5924896
6012590
6106144
6215748
6320152
6420466
6519984
6638068
6709252
6807076
6916576
7029752
7144056
7247838
7330920
7475872
7562812
7689514
