414
1628
3452
5524
9602
17028
21774
30624
38320
44588
57528
64980
73906
94416
108028
122828
134896
150252
163314
179460
197410
212604
233658
253688
271756
292904
318622
339436
370336
401200
430208
470368
488566
512740
547772
570368
604170
655720
688272
715340
748530
785596
814794
861372
895330
926624
974706
1009096
1040850
1110988
1155208
1198096
1241128
1300112
1343136
1397988
1438464
1497540
1557482
1601120
1643224
1712784
1773034
1810252
1868358
1915996
1975266
2027340
2066518
2115364
2170662
2233808
2291040
2353156
2395426
2466736
2530238
2567272
2604432
2652856
2722748
2777776
2864480
2928572
3046350
3102640
3166828
3226344
3328178
3385900
3451530
3510500
3567284
3629908
3725098
3793228
3850768
3943440
4009894
4075432
4193658
4268120
4393068
4497728
4549918
4644348
4729008
4792164
4881092
5046952
5142978
5252236
5357130
5450824
5543296
5658792
5739918
5814000
5876674
6008296
6098332
6178056
6286520
6351592
6471748
6657024
6782956
