706
2804
4972
12804
17298
22724
28716
35052
39960
49768
59722
71236
81162
94164
109132
121208
133014
152364
172200
191528
205564
221312
252340
283832
311502
336448
364882
401652
439410
472140
505156
529992
561584
596328
626768
658772
684900
718628
745420
795552
834000
884640
910740
945672
973388
1012720
1052570
1094368
1133416
1194316
1253654
1303252
1340172
1383140
1422210
1512124
1555812
1628684
1708754
1767332
1818694
1885680
1951072
2001888
2074798
2132812
2203970
2296332
2368922
2444476
2499580
2583076
2673530
2731248
2804268
2863860
2932356
2991936
3050254
3140048
3195068
3272756
3373184
3448272
3521814
3659772
3737912
3817084
3870138
3930264
4025200
4088948
4193726
4267420
4348650
4453652
4573650
4645180
4725588
4832596
4941254
5017136
5083520
5157588
5276406
5373232
5470946
5562712
5673696
5784328
5919886
6054324
6116800
6206424
6335460
6415296
6521572
6617808
6725532
6844980
6938418
7044736
7148118
7256116
7392080
7463184
7531222
