886
3080
6072
9676
16350
22292
32272
38020
48116
56020
63918
74556
87402
102560
116730
126256
137330
158756
174628
200124
217946
238636
254128
271268
286986
305368
330928
365288
395446
420360
453148
481476
521680
555688
587732
614876
648324
673132
708904
736768
764026
800632
849682
885984
925504
956096
1006892
1063704
1121002
1167800
1209186
1248996
1290802
1334172
1397786
1436808
1481908
1536708
1587842
1652380
1698756
1762652
1806564
1855860
1923196
1988124
2065246
2134760
2201516
2273304
2335480
2408368
2476042
2526844
2592246
2666152
2735174
2832640
2901898
2946428
3016046
3116796
3166754
3250568
3337396
3398180
3468008
3570988
3642302
3728736
3844048
3922888
4008066
4093488
4200380
4295320
4371386
4486812
4586124
4670452
4788634
4849384
4935044
5068912
5137092
5263688
5336114
5464488
5590034
5684464
5793330
5908328
6005778
6146524
6244508
6357556
6442036
6570612
6728980
6855076
6954674
7073880
7182560
7286636
7401300
7526124
7625704
