296
1904
4536
8240
12056
17660
23104
29888
38472
47156
59074
68004
81132
91544
104138
117864
129590
144772
157538
173808
193544
213840
231160
252976
274962
293676
320492
345540
368940
391540
426538
472328
492004
527088
560294
586012
619906
649792
671020
706104
740408
778692
829170
873344
912294
946136
991116
1050468
1092326
1144024
1194578
1256160
1300426
1334912
1390524
1452804
1492216
1524164
1588760
1655648
1714586
1769304
1821260
1868992
1943004
2021204
2088674
2172724
2232154
2272564
2335996
2400312
2502156
2557776
2645182
2714892
2803818
2867400
2939444
3007380
3078026
3140448
3202904
3292380
3378380
3456648
3555846
3624728
3706212
3820600
3877588
3953864
4031828
4122172
4186106
4250624
4346286
4417712
4499564
4608852
4710102
4804340
4892670
4999252
5111582
5208640
5284662
5366916
5460214
5563096
5649210
5739236
5836226
5946152
6052690
6147932
6252172
6360932
6493774
6576780
6662708
6745124
6830112
6946332
7067144
7165356
7294040
