612
1776
3402
5928
9320
12612
17446
26360
34716
46496
57826
72820
89218
107412
119602
138268
154056
175636
197446
223248
248916
270336
290048
308004
324322
347036
375984
409384
430458
462944
496462
521460
556086
590936
633988
662648
693832
732896
763206
800468
835514
862444
895258
950176
993848
1047032
1106894
1146696
1181188
1228888
1297876
1363488
1434992
1484072
1551900
1626364
1677108
1745060
1808764
1874652
1941602
2009568
2064214
2127068
2189580
2249956
2297470
2370096
2459510
2521768
2575476
2667244
2770750
2833148
2883740
2973948
3058456
3149984
3212564
3273028
3373102
3478016
3535004
3639752
3747272
3846600
3931520
4002132
4090570
4157744
4225062
4307864
4423096
4554512
4682436
4795164
4889330
5005400
5140156
5199996
5277308
5406664
5510212
5637052
5734208
5851376
5944652
6067740
6173300
6269368
6407676
6496656
6617078
6746636
6842446
7009924
7120446
7241896
7312402
7400036
7489492
7615964
7773764
7928832
8056180
8174528
8348152
