210
1936
3968
7000
10116
14872
19746
27804
34612
40708
50946
57100
67042
79124
92444
100232
115010
137780
151666
170220
182622
199036
212214
231464
254748
281308
302918
318016
340476
369768
390448
431004
458292
486160
508612
531772
559050
592448
621692
659256
705444
724492
757328
789236
824858
887896
939698
972312
1008790
1037100
1097554
1136376
1195590
1226276
1285216
1337312
1388290
1431420
1470194
1504420
1563488
1601120
1667028
1699468
1755090
1814388
1873100
1919008
1970362
2024728
2066100
2132004
2179998
2233480
2296892
2340964
2391546
2447404
2483418
2524072
2595412
2641124
2677784
2729264
2801646
2864864
2958538
3015500
3083142
3177060
3235040
3313140
3405692
3469532
3535622
3598236
3674010
3751372
3833578
3900412
4028654
4087252
4154668
4218388
4289910
4355156
4433156
4503140
4631752
4711408
4802208
4915860
4975144
5084728
5193686
5329424
5444960
5520252
5589928
5693380
5790584
5894144
5993468
6083368
6213108
6314632
6427702
