796
2360
6698
10384
14406
20172
25834
35780
45168
53332
65850
79944
89954
100664
115042
128796
141670
151980
178846
196460
219390
242860
272590
296608
320118
344732
382020
405388
431482
464296
491220
523460
563862
589512
620968
644616
694008
753936
779902
831656
882674
935380
977576
1025100
1078978
1114512
1162424
1216140
1267626
1302644
1349346
1399316
1460228
1503668
1546972
1607872
1660898
1740264
1779800
1827004
1902834
1960752
2023410
2089888
2147824
2204272
2280362
2356916
2411208
2465360
2544992
2597268
2676460
2728828
2789754
2876060
2965322
3052384
3117236
3173432
3253376
3308852
3384142
3445312
3508062
3564068
3628086
3683524
3774924
3863936
3987390
4082872
4144642
4237876
4326162
4407784
4482210
4589708
4676478
4794488
4885674
5032264
5123902
5224972
5299044
5421532
5485474
5606468
5676918
5805440
5869952
5994428
6061146
6162324
6299266
6433948
6575306
6662272
6806624
6927732
7033182
7161544
7276588
7399516
7499886
7605400
7680182
