202
2264
5300
10572
15530
20580
26584
33484
40566
49112
58458
68404
82162
95496
114044
125200
138344
154368
177570
192264
209916
222984
244030
259356
280206
305456
325624
351024
383080
407592
434906
464700
498774
535024
561634
588040
610330
649640
691372
720012
743984
781220
808052
844676
893070
920420
968262
1005872
1036922
1082600
1146508
1202256
1236188
1309380
1365822
1424684
1470204
1513204
1560362
1599224
1647492
1708452
1759134
1830624
1875548
1931428
1997278
2067804
2112780
2170208
2213722
2288956
2356090
2428508
2510234
2547716
2633400
2720472
2795956
2861472
2926774
3014920
3074166
3168912
3263288
3312252
3365316
3425272
3516420
3622740
3707788
3818768
3886756
3968044
4075226
4155992
4229146
4318788
4423084
4503360
4591746
4650660
4737004
4846572
4981068
5078156
5178646
5277960
5373286
5460308
5549480
5629196
5723770
5825560
5935826
6018364
6159876
6271644
6373926
6463580
6562470
6661512
6777506
6855084
6928114
7052944
7153508
