720
2464
4146
7000
9878
16980
20574
26352
33686
43104
52388
60004
66962
79032
96930
114224
129548
140320
157632
179968
195792
211008
226478
242308
263316
282592
300914
325528
353210
382424
403632
426596
452678
483120
505590
525696
564674
598028
624534
642748
671154
703040
744272
781468
815150
852740
903448
952932
978038
1016612
1061456
1085804
1142610
1193860
1254462
1296256
1359210
1400536
1452790
1501344
1545954
1577992
1614414
1660168
1728966
1801996
1854218
1921780
1966322
2040880
2111372
2170492
2247788
2320860
2379512
2453956
2527060
2579988
2647188
2722892
2811924
2900104
2972590
3059520
3152308
3212856
3272504
3362464
3441354
3517004
3584684
3658112
3725274
3831912
3905530
3981048
4040476
4124076
4207224
4292892
4388014
4488256
4578462
4639736
4705008
4772756
4875070
4976972
5062384
5142116
5241328
5365228
5454144
5522900
5622638
5717344
5859384
6011356
6115020
6206852
6359822
6499588
6610670
6707100
6800094
6904880
7013896
