726
2640
4650
7404
13182
17020
23572
30628
37148
42996
51638
59828
66792
76120
89672
103424
121532
132360
147694
160900
179904
209476
224888
240664
257022
272428
290748
310332
333648
355492
379046
412780
445444
469780
510438
550832
586424
631852
665882
703212
727066
770140
802236
839468
883328
910520
960454
1024812
1054364
1110156
1165906
1210056
1248824
1293056
1361736
1394340
1443962
1496440
1543998
1600236
1681072
1738516
1803294
1839108
1887348
1929412
1996782
2064432
2105416
2147788
2204652
2252032
2309296
2388500
2424860
2514120
2563002
2628684
2693930
2744740
2813152
2876576
2951784
2996704
3076344
3142692
3247376
3296152
3366618
3448580
3530694
3608136
3693748
3788264
3879114
3956656
4028526
4093440
4208964
4276124
4364420
4449192
4526054
4600912
4689872
4782532
4865744
4971912
5044924
5130084
5250156
5331076
5459260
5539904
5622248
5694504
5778522
5874136
5955476
6041944
6120350
6237168
6334640
6455988
6570902
6676472
6770808
