730
1868
3638
6756
10752
15168
21292
28336
37440
49800
61854
69456
80424
93704
109876
120848
129792
145036
160996
181928
195114
211504
237776
264804
293862
324316
353016
377136
408882
431988
452696
482876
526836
557416
580386
606740
648046
673468
708302
738032
793180
824360
861720
906012
938030
986960
1029312
1082688
1119804
1159004
1203712
1262676
1331766
1391232
1442184
1503096
1552320
1607260
1660654
1715672
1763214
1812996
1847998
1931228
1995514
2046956
2105244
2163148
2226296
2291192
2333788
2382660
2426876
2504376
2567732
2636108
2697926
2749716
2824088
2915272
3001422
3060152
3122318
3174152
3265148
3320492
3414892
3478296
3563148
3627232
3716300
3814636
3904904
3971660
4061126
4128948
4255876
4332996
4436092
4545668
4633142
4744944
4865962
4963352
5056160
5149896
5256166
5326380
5403600
5484944
5569370
5703216
5769256
5881828
5958728
6041420
6133490
6255516
6367848
6497092
6596404
6722720
6822634
6944232
7073570
7183636
7308574
