646
2316
4714
8928
14846
20720
26864
31612
39962
46912
56188
66772
75836
86716
96980
106260
113350
128712
142112
156208
169750
194848
214498
233520
256650
287540
306678
334852
354954
383944
404804
436040
461532
500560
534704
551676
581918
625392
660664
702788
735792
774584
805106
830268
863576
899224
928900
972152
1025942
1066076
1107724
1155436
1213854
1253444
1302294
1336680
1389330
1429984
1477520
1545376
1579446
1617568
1661866
1710752
1764496
1813680
1867842
1914328
1968454
2012364
2066856
2143300
2196928
2269296
2343584
2411176
2472636
2538116
2608010
2671168
2742376
2789272
2872902
2966240
3045192
3109800
3210462
3278636
3347594
3413848
3483260
3545184
3624472
3690572
3743922
3809556
3900468
3978820
4092784
4162684
4281148
4369048
4445866
4547760
4624650
4714992
4781392
4898092
4995094
5058224
5112274
5203500
5302722
5398532
5487082
5550000
5611852
5716592
5787358
5869528
5963728
6051960
6106666
6261156
6316040
6450504
6624262
