662
1436
4572
9716
15086
18988
25544
32164
42778
56660
65134
76124
90184
105984
121082
132548
148754
164696
182652
211444
234948
262388
284358
308076
333598
364456
395862
428428
452438
478756
505528
530904
565640
592156
626670
681892
718692
756336
784978
825160
860260
893280
929082
975856
1017714
1061280
1107180
1150008
1200202
1253744
1293698
1330240
1380442
1412724
1475172
1538016
1584014
1634584
1685558
1728620
1776756
1826180
1883120
1936476
2007550
2083764
2150226
2215700
2270552
2319356
2405142
2442792
2528524
2574448
2627660
2685172
2788914
2862404
2910076
2992504
3071082
3145036
3214828
3269336
3331668
3408424
3527728
3592356
3696302
3789744
3895502
3974312
4050324
4136176
4225942
4285044
4364646
4471620
4544944
4608980
4689564
4747852
4826948
4914320
4993342
5098264
5179312
5270116
5354004
5448240
5562272
5646148
5737900
5828600
5927974
6033372
6141732
6210436
6276476
6395500
6486274
6568540
6668208
6804520
6916316
7018404
7097032
