512
2208
5272
9452
18138
22500
27068
32528
41914
49120
68634
82228
97318
111052
125230
142200
169196
190336
208722
232032
255578
279852
301384
331480
358910
381256
409436
434156
463064
496216
529820
561796
591016
629136
669238
700156
738388
774932
834654
880040
909094
955368
989630
1026552
1071900
1118292
1155810
1204152
1257630
1317528
1373560
1430264
1515030
1572332
1613024
1660352
1720274
1781028
1831712
1881568
1933470
1975100
2056048
2101128
2178594
2250284
2335354
2399028
2465274
2526688
2584868
2662656
2742086
2798328
2876988
2950724
3012602
3122592
3191312
3287700
3403460
3489072
3600878
3683688
3756164
3851628
3940162
4051912
4135198
4220732
4366030
4448320
4571580
4663612
4749874
4865584
4961484
5059104
5189854
5329916
5410276
5509812
5603742
5713864
5867562
5999248
6126980
6253988
6327642
6461208
6598232
6708028
6817600
6971916
7077816
7199764
7341358
7449180
7540280
7679172
7777724
7896044
8002644
8136368
8276522
8413856
8533252
