506
2488
4824
7876
10946
16456
23226
30724
39090
45992
59522
73692
83558
91464
103978
116336
126966
145544
159614
190616
217372
243300
262974
279584
305110
324828
356460
393180
422092
455932
489514
520956
540022
580124
623366
669812
699828
738224
769346
823240
849430
892152
927186
952424
1005366
1057732
1120982
1167956
1204358
1248644
1299914
1357960
1428086
1494776
1564054
1612504
1653804
1703192
1779076
1841192
1883052
1953964
2014482
2082316
2139990
2193572
2254112
2313148
2383840
2442836
2513840
2592640
2668556
2736540
2812180
2887568
2959692
3033416
3133076
3228588
3313708
3360836
3420532
3482584
3587420
3685464
3777276
3842316
3910158
3979036
4052898
4133500
4208124
4274988
4365918
4450896
4541018
4662732
4722836
4837988
4957598
5074408
5188698
5291572
5369916
5463196
5561958
5690260
5812712
5905040
5987762
6068120
6172920
6289268
6365832
6469176
6560344
6682016
6807860
6926552
7025664
7113408
7218030
7331316
7450590
7545392
7647792
