782
1952
5948
10428
15300
20848
26666
36004
45246
57028
70280
81260
93784
108344
120226
132892
146062
160248
175626
191492
219176
230780
249652
274136
307978
348236
378980
403764
434946
466320
489144
518112
543526
578484
626912
663116
722112
759520
804620
832916
893336
948516
1015030
1041324
1102468
1139780
1186452
1247656
1305554
1345572
1399638
1461404
1526458
1563388
1618014
1660432
1719802
1760308
1818276
1884668
1960354
2015864
2063444
2125816
2189422
2260492
2309418
2406756
2472928
2592860
2644634
2739036
2822768
2883728
2934914
3026412
3101940
3197028
3259702
3308992
3426246
3502112
3564272
3637128
3695968
3814620
3899416
3993884
4062832
4159820
4226502
4343736
4431224
4498896
4625698
4713012
4797338
4886796
4948542
5021244
5096342
5204212
5310394
5472380
5567228
5646640
5730624
5827172
5897244
5987276
6115018
6226680
6322784
6403216
6504400
6623136
6738230
6859976
6971656
7085576
7169088
7282924
7389258
7512356
7643136
7778004
7928194
