290
2728
6114
10692
16938
21568
27818
35740
42600
53504
64506
74316
89206
100212
117126
130060
147476
161252
174834
199160
220646
235424
257764
274740
304010
323784
348002
374464
405574
424576
450584
483072
501122
526688
568038
612076
650444
679120
702712
735796
770522
818468
849902
888768
925976
968320
1008200
1042856
1088334
1128412
1174532
1210360
1258880
1295880
1347284
1401520
1451452
1503304
1565282
1616284
1671140
1745516
1805488
1871984
1941010
2010192
2084124
2136908
2194510
2264652
2333900
2416628
2466366
2528168
2621452
2689476
2745264
2817260
2871586
2944872
3017312
3075836
3160284
3246272
3321160
3393720
3451582
3529856
3614798
3675040
3741472
3835312
3928698
4001248
4113722
4188560
4252170
4361468
4433328
4515444
4635010
4765504
4842580
4923848
5019782
5092308
5176444
5295708
5417876
5485788
5566142
5630908
5746476
5886104
5948464
6052324
6130416
6239880
6352434
6458980
6569886
6669868
6774926
6862372
6939314
7033420
7176948
