662
2088
5030
8040
12388
16960
22432
28784
38134
46164
55718
62524
75098
87120
94914
105172
129040
142276
157994
175176
199502
215644
235610
251536
270518
290992
322894
346964
384368
399804
423662
450792
471522
520420
541960
570380
605622
631288
665114
698728
748154
781880
819422
849104
882836
920348
962072
1019356
1055562
1087600
1140090
1177932
1220592
1262988
1307854
1351808
1395070
1459048
1505616
1552552
1598080
1660844
1719544
1791736
1847884
1905336
1952946
1996524
2043956
2096008
2191392
2242020
2286372
2339236
2423794
2479052
2527360
2598976
2660590
2715140
2797368
2870224
2957334
3017204
3069996
3152980
3249324
3298088
3346836
3413080
3467200
3550200
3634718
3724916
3771002
3867424
3945526
4021888
4107078
4166968
4245300
4343672
4418588
4486748
4645102
4734004
4832278
4911256
4965486
5068944
5166440
5289508
5396842
5453092
5537244
5627564
5730818
5808784
5924350
6049424
6156992
6221964
6370286
6444528
6556884
6634132
6727806
