1008
2316
4374
6216
9662
15468
21400
33752
41232
51716
59878
70856
80114
91952
109672
126320
143678
165072
179764
216232
235552
264212
289000
324536
355848
386936
410458
437636
465098
495052
519442
551984
575532
613496
651880
714508
751196
787828
821468
864120
903070
946816
983520
1023200
1069682
1111768
1149882
1182524
1223928
1267844
1311152
1360064
1427114
1512480
1574204
1677184
1719618
1807820
1855466
1926612
1994064
2059064
2102272
2165872
2219968
2320320
2387864
2430948
2528462
2585252
2653700
2776596
2832012
2936752
3027010
3156148
3279968
3347404
3421318
3504916
3589848
3647984
3714226
3850436
3983894
4082368
4180996
4274636
4409944
4494136
4568108
4675668
4759328
4846424
4918276
5006132
5099488
5223768
5331710
5422316
5519906
5618536
5699856
5828012
5969872
6140844
6233690
6347484
6486382
6633324
6821438
6954068
7063110
7197960
7318158
7416320
7547842
7773420
7921762
8009364
8120586
8233700
8341572
8467436
8561804
8657440
8779238
