764
1872
4534
6604
9080
14812
21092
25552
30624
35516
40300
49452
56464
64456
75060
81748
93220
107860
123376
140196
150782
168848
187140
203872
221998
240540
257560
289144
311710
343016
367798
391512
410638
437860
473992
502872
519684
544296
585406
618260
653702
688308
723344
763368
791004
827520
864644
897200
930058
966248
1003108
1056808
1109948
1157796
1209024
1257124
1288222
1335992
1387818
1441232
1478886
1554856
1635014
1684104
1738962
1802164
1871476
1916388
1961014
2007968
2092564
2169960
2236058
2284300
2334524
2406180
2465108
2501476
2582244
2685440
2764952
2816348
2886498
2943384
3014296
3118228
3181636
3246336
3345914
3437940
3482722
3580000
3668012
3737964
3857954
3910560
3985084
4050956
4165964
4272868
4338098
4443812
4541178
4631064
4709896
4779940
4840364
4921356
4987394
5089068
5204434
5290680
5374442
5451064
5549342
5657176
5780772
5858944
5979188
6078304
6173980
6291228
6410740
6513124
6621640
6713524
6821564
