424
2020
5506
9036
13808
21248
28120
36272
44758
53756
63010
73324
91748
105680
119638
142724
158064
188144
209150
227640
244022
277224
294982
318128
336080
356168
381202
403596
440878
469524
489840
517604
567806
615640
644314
697568
726360
763492
797658
860872
901592
943576
1020770
1077840
1109222
1140452
1182666
1243380
1318136
1358532
1420374
1457844
1501642
1549068
1593730
1649960
1746916
1817124
1906484
1981960
2037202
2085616
2145014
2210496
2289642
2373112
2441188
2496988
2563410
2621504
2702188
2781856
2888242
3003852
3099520
3183260
3259962
3343780
3445508
3536760
3661230
3743916
3811312
3873932
3969248
4086004
4180290
4271192
4345354
4491920
4641944
4762044
4840554
4961916
5065932
5154356
5261048
5338704
5419438
5528052
5640526
5734524
5850016
5947468
6088002
6175212
6292716
6397748
6497188
6570020
6665098
6787956
6941350
7035296
7134730
7258416
7376384
7479108
7575618
7713744
7787772
7939908
8099252
8271712
8461574
8586392
8697402
