1048
2476
5460
8680
11862
14912
19792
26532
34642
43932
51370
60400
74730
87592
101126
130240
142482
164680
178578
199304
222022
238216
256428
284716
305430
323724
349974
377268
403858
426740
456378
490428
541688
594548
638172
693416
721588
754516
783912
819676
856788
889112
925770
956668
1027750
1061744
1107962
1147016
1188728
1254048
1306558
1353368
1388986
1438044
1507034
1569696
1641226
1689172
1752048
1832536
1914334
1979060
2059108
2117204
2209620
2272884
2313920
2384928
2444634
2500584
2562342
2620332
2668830
2719044
2790192
2856512
2931330
3002792
3084870
3159364
3215688
3299736
3371244
3470196
3531308
3606392
3667080
3752332
3833056
3905288
3983888
4098228
4221354
4313824
4404878
4476612
4539514
4619056
4690968
4789156
4865810
4977036
5059996
5155032
5301826
5429992
5514070
5609792
5708808
5784280
5933132
6036784
6126312
6216420
6304148
6421208
6520026
6616264
6748912
6888672
7037752
7127068
7213424
7308468
7422720
7568736
7659950
