384
1764
3480
6504
8862
13896
19492
24472
28600
33472
41864
52292
62474
72420
86326
97216
110772
122916
136168
154816
173146
185372
200412
221528
233684
252628
268772
294932
321058
337184
354946
378512
411342
433748
453362
482896
523944
566424
608652
632924
671412
689488
730642
767184
823268
865052
901444
956788
986318
1022064
1066262
1120860
1163668
1201448
1244974
1292444
1325124
1370184
1413304
1454904
1487122
1543408
1596662
1644580
1689410
1747440
1805784
1850268
1914260
1950372
2008308
2053460
2091762
2155716
2212362
2283968
2342820
2396040
2459738
2495956
2560466
2649464
2733740
2795584
2874138
2927200
3001754
3049376
3121704
3164948
3217882
3330528
3423612
3513088
3566588
3643700
3694556
3770292
3845036
3937508
4013470
4090732
4183656
4271472
4387418
4440532
4516642
4611928
4690220
4764352
4872610
4947592
5016546
5070164
5165398
5275908
5352570
5474352
5546386
5630072
5738468
5886952
6006490
6079308
6182686
6322060
6409770
