488
1672
3548
6232
10098
15220
21738
28100
36832
43596
51940
63628
77160
94184
109222
127504
144914
163684
175652
192504
219676
242164
259372
277680
300178
330416
354462
370536
390892
416668
447062
480680
507150
540516
565472
602088
629532
657448
707182
750972
796014
833692
870488
898724
939394
974232
1002546
1047296
1089674
1128376
1178018
1230596
1286958
1333872
1383500
1431380
1471462
1542324
1595494
1660796
1709704
1799872
1865098
1910132
1962368
2031748
2086512
2153380
2212858
2283160
2349384
2419260
2468976
2530732
2610030
2718228
2802284
2883988
2957834
3027588
3080962
3167736
3234762
3307180
3367534
3434408
3527910
3610852
3720702
3818148
3912290
4007432
4119500
4202144
4307858
4420956
4498178
4599164
4701112
4770168
4832904
4936412
5057116
5138048
5237866
5344348
5457630
5543620
5639996
5724280
5832840
5893532
5990614
6087480
6204102
6353980
6463226
6625224
6747266
6865328
6965504
7077676
7145506
7224412
7350638
7469780
7555100
