504
2908
5104
8100
11410
15620
23226
30632
39698
46844
54942
65636
81284
97240
111608
127280
141626
164316
191654
216940
244416
261280
281492
303416
329010
348884
376004
406672
441158
469040
495960
532136
562544
592344
622336
655920
689334
735364
763996
802312
842348
874288
902142
939764
988550
1048940
1090574
1151220
1204974
1274780
1321952
1372408
1447266
1499432
1550852
1621740
1657222
1699848
1751828
1811652
1899074
1968064
2063664
2105776
2178332
2237672
2301306
2365056
2403898
2475236
2559896
2605628
2704954
2791344
2847780
2938072
3006714
3053784
3113388
3164620
3223804
3328556
3420354
3467308
3545154
3603164
3672832
3742176
3813914
3917648
4038804
4130212
4220290
4343860
4446900
4595684
4691244
4792672
4896154
4991664
5067414
5184732
5251518
5357284
5453498
5595916
5677554
5764068
5863972
5993508
6116628
6235060
6387816
6473684
6604402
6707564
6870470
6999692
7115918
7265796
7390508
7558072
7673526
7748164
7888470
8003544
8145070
