608
2768
6448
9800
13164
16712
19750
26556
33904
40680
51882
60128
72790
84644
99040
115016
126586
136600
149426
166540
186950
198880
218442
230040
248486
267432
289286
311940
334216
351896
376478
398072
428108
458928
498480
534968
555432
594056
626270
650976
684426
724116
757588
791540
819154
851704
893924
930668
955972
977948
1002930
1057976
1118104
1173632
1220660
1247428
1297278
1335408
1395932
1428828
1486356
1526864
1566740
1615524
1671142
1715748
1750088
1807856
1855484
1904096
1955966
2028988
2070790
2131372
2193756
2255588
2313354
2370708
2438686
2499784
2555808
2629088
2683968
2754440
2826602
2899920
2956454
3043440
3138542
3212080
3281772
3355828
3434680
3506228
3578156
3656048
3709322
3775288
3878582
3927728
3988708
4101732
4187400
4284940
4373612
4478628
4560196
4640784
4740978
4840892
4930370
5049320
5146400
5262224
5316826
5409540
5523014
5652152
5732420
5824188
5899638
5972076
6097898
6173076
6271896
6406088
6509636
