244
1096
2814
5232
7370
12688
18888
26028
33494
38808
45926
58376
69526
81584
87884
100348
116776
127236
141436
167220
182352
206616
227140
257872
287258
315272
339898
378384
407704
436888
461902
492360
510268
534624
566346
620428
645148
675644
719862
762256
796274
835064
874076
910680
950424
1003844
1045864
1087584
1129144
1168660
1207576
1260100
1318520
1375084
1442772
1479700
1525406
1569096
1625046
1673044
1730360
1795868
1842078
1898344
1961430
2021828
2085784
2141384
2184186
2262924
2313434
2358136
2448264
2511140
2589240
2659052
2711894
2808184
2895956
2978816
3059296
3141580
3239346
3332800
3401880
3475632
3574630
3655500
3712444
3805836
3878530
3971160
4047314
4153612
4237358
4296148
4401790
4473780
4583122
4671556
4750890
4848996
4987586
5066676
5168278
5254832
5328202
5407184
5478306
5596364
5705578
5811372
5923370
6000500
6146904
6297380
6385266
6465600
6589540
6671372
6805282
6929796
7047036
7131368
7213594
7334608
7459802
