342
1856
2970
7584
11424
16092
23162
32816
40250
47708
56342
63652
70800
81076
88882
101020
113218
129300
140470
153768
164788
177364
191586
204284
220426
232204
246552
276264
300824
320456
347048
359448
380236
396644
429630
463028
494802
517876
533950
553716
579500
612960
642832
663340
705948
737696
782440
808576
853252
890932
929550
998536
1033618
1070000
1117506
1145776
1184184
1243696
1288116
1334100
1389098
1444540
1498428
1549600
1614106
1650752
1737006
1811120
1842764
1912696
1965846
2047024
2106022
2170228
2219246
2259052
2295262
2392260
2477870
2540864
2595086
2670688
2784236
2857468
2919598
2997388
3051370
3147304
3215286
3298404
3387650
3442244
3508964
3581464
3625778
3668732
3734206
3806420
3905038
4024136
4130258
4188988
4250078
4351072
4442334
4517716
4588668
4695804
4801596
4874664
4963742
5064256
5153162
5283636
5363294
5463664
5567272
5660620
5736206
5829572
5931988
6022432
6091060
6177516
6289556
6463460
6580372
